#
# A fatal error has been detected by the Java Runtime Environment:
#
#  EXCEPTION_UNCAUGHT_CXX_EXCEPTION (0xe06d7363) at pc=0x00007ff8a07f4b89, pid=11564, tid=0x0000000000003170
#
# JRE version: Java(TM) SE Runtime Environment (8.0_291-b10) (build 1.8.0_291-b10)
# Java VM: Java HotSpot(TM) 64-Bit Server VM (25.291-b10 mixed mode windows-amd64 compressed oops)
# Problematic frame:
# C  [KERNELBASE.dll+0x34b89]
#
# Failed to write core dump. Minidumps are not enabled by default on client versions of Windows
#
# If you would like to submit a bug report, please visit:
#   http://bugreport.java.com/bugreport/crash.jsp
#

---------------  T H R E A D  ---------------

Current thread (0x000001df9eb1c000):  VMThread [stack: 0x000000245ea00000,0x000000245eb00000] [id=12656]

siginfo: ExceptionCode=0xe06d7363, ExceptionInformation=0x0000000019930520 0x000000245eaff480 0x00007ff8499c3108 0x00007ff849970000 

Registers:
RAX=0x000000245eafeca0, RBX=0x000000245eaff480, RCX=0x000000245eafebc1, RDX=0x00007ff8a2a4c7bc
RSP=0x000000245eaff300, RBP=0x0000000000000000, RSI=0x00007ff8499ce1c0, RDI=0x00007ff8499c3108
R8 =0x000000245eafebd8, R9 =0x0000002460fff400, R10=0x000000245eafec70, R11=0x000004b45eafec70
R12=0x00007ff8499b31e8, R13=0x000001df83dc96b0, R14=0x00007ff849970000, R15=0x0000000000000001
RIP=0x00007ff8a07f4b89, EFLAGS=0x0000000000000202

Top of Stack: (sp=0x000000245eaff300)
0x000000245eaff300:   0000000000000000 000000245eaff480
0x000000245eaff310:   00007ff8499ce1c0 00007ff8499b31e8
0x000000245eaff320:   00000001e06d7363 0000000000000000
0x000000245eaff330:   00007ff8a07f4b89 00007ff800000004
0x000000245eaff340:   0000000019930520 000000245eaff480
0x000000245eaff350:   00007ff8499c3108 00007ff849970000
0x000000245eaff360:   000001df83dc96b0 00007ff8499b31e8
0x000000245eaff370:   00007ff8499ce1c0 0000000000000000
0x000000245eaff380:   000000245eaff450 00007ff8a2a64a5f
0x000000245eaff390:   00007ff8499c3108 00007ff800000000
0x000000245eaff3a0:   00007ff800000040 0000000000000000
0x000000245eaff3b0:   00007ff8499d0000 00007ff849970000
0x000000245eaff3c0:   0000888dc71456f6 00007ff849988193
0x000000245eaff3d0:   000000245eaff480 00007ff8499932e2
0x000000245eaff3e0:   fffffffffffffffe 00007ff84997fdd8
0x000000245eaff3f0:   000001df83dc96b0 00007ff8499b31e8 

Instructions: (pc=0x00007ff8a07f4b89)
0x00007ff8a07f4b69:   8b d1 44 0f 47 c0 44 89 44 24 38 49 c1 e0 03 e8
0x00007ff8a07f4b79:   2a d3 05 00 48 8d 4c 24 20 48 ff 15 8f 9f 18 00
0x00007ff8a07f4b89:   0f 1f 44 00 00 48 8b 8c 24 c0 00 00 00 48 33 cc
0x00007ff8a07f4b99:   e8 62 95 05 00 48 81 c4 d8 00 00 00 c3 cc 83 64 


Register to memory mapping:

RAX=0x000000245eafeca0 is an unknown value
RBX=0x000000245eaff480 is an unknown value
RCX=0x000000245eafebc1 is an unknown value
RDX=0x00007ff8a2a4c7bc is an unknown value
RSP=0x000000245eaff300 is an unknown value
RBP=0x0000000000000000 is an unknown value
RSI=0x00007ff8499ce1c0 is an unknown value
RDI=0x00007ff8499c3108 is an unknown value
R8 =0x000000245eafebd8 is an unknown value
R9 =0x0000002460fff400 is pointing into the stack for thread: 0x000001dfa261a800
R10=0x000000245eafec70 is an unknown value
R11=0x000004b45eafec70 is an unknown value
R12=0x00007ff8499b31e8 is an unknown value
R13=0x000001df83dc96b0 is an unknown value
R14=0x00007ff849970000 is an unknown value
R15=0x0000000000000001 is an unknown value


Stack: [0x000000245ea00000,0x000000245eb00000],  sp=0x000000245eaff300,  free space=1020k
Native frames: (J=compiled Java code, j=interpreted, Vv=VM code, C=native code)

VM_Operation (0x00000024603fca80): Exit, mode: safepoint, requested by thread 0x000001dfa9572000


---------------  P R O C E S S  ---------------

Java Threads: ( => current thread )
  0x000001dfaa1dc000 JavaThread "Java Sound Event Dispatcher" daemon [_thread_blocked, id=17360, stack(0x0000002464150000,0x0000002464250000)]
  0x000001dfaa1e0000 JavaThread "DestroyJavaVM" [_thread_blocked, id=528, stack(0x000000245dc00000,0x000000245dd00000)]
  0x000001dfa261a800 JavaThread "DeviceRemovalHandler" daemon [_thread_in_native, id=4948, stack(0x0000002460f00000,0x0000002461000000)]
  0x000001dfa97c1800 JavaThread "TimerQueue" daemon [_thread_blocked, id=10076, stack(0x0000002460500000,0x0000002460600000)]
  0x000001dfa9572000 JavaThread "AWT-EventQueue-0" [_thread_blocked, id=7412, stack(0x0000002460300000,0x0000002460400000)]
  0x000001dfa20aa800 JavaThread "AWT-Shutdown" [_thread_blocked, id=17348, stack(0x000000245fe00000,0x000000245ff00000)]
  0x000001dfa20a7800 JavaThread "Java2D Disposer" daemon [_thread_blocked, id=13244, stack(0x000000245fd00000,0x000000245fe00000)]
  0x000001dfa192f000 JavaThread "Service Thread" daemon [_thread_blocked, id=17008, stack(0x000000245fb00000,0x000000245fc00000)]
  0x000001dfa1850800 JavaThread "C1 CompilerThread11" daemon [_thread_blocked, id=12108, stack(0x000000245fa00000,0x000000245fb00000)]
  0x000001dfa1852000 JavaThread "C1 CompilerThread10" daemon [_thread_blocked, id=12896, stack(0x000000245f900000,0x000000245fa00000)]
  0x000001dfa184f800 JavaThread "C1 CompilerThread9" daemon [_thread_blocked, id=7916, stack(0x000000245f800000,0x000000245f900000)]
  0x000001dfa1851000 JavaThread "C1 CompilerThread8" daemon [_thread_blocked, id=14116, stack(0x000000245f700000,0x000000245f800000)]
  0x000001dfa184f000 JavaThread "C2 CompilerThread7" daemon [_thread_blocked, id=16700, stack(0x000000245f600000,0x000000245f700000)]
  0x000001dfa184e000 JavaThread "C2 CompilerThread6" daemon [_thread_blocked, id=4744, stack(0x000000245f500000,0x000000245f600000)]
  0x000001dfa1854000 JavaThread "C2 CompilerThread5" daemon [_thread_blocked, id=16332, stack(0x000000245f400000,0x000000245f500000)]
  0x000001dfa1853800 JavaThread "C2 CompilerThread4" daemon [_thread_blocked, id=19064, stack(0x000000245f300000,0x000000245f400000)]
  0x000001dfa1852800 JavaThread "C2 CompilerThread3" daemon [_thread_blocked, id=11492, stack(0x000000245f200000,0x000000245f300000)]
  0x000001dfa184d800 JavaThread "C2 CompilerThread2" daemon [_thread_blocked, id=11884, stack(0x000000245f100000,0x000000245f200000)]
  0x000001dfa184b800 JavaThread "C2 CompilerThread1" daemon [_thread_blocked, id=10640, stack(0x000000245f000000,0x000000245f100000)]
  0x000001dfa1848000 JavaThread "C2 CompilerThread0" daemon [_thread_blocked, id=3152, stack(0x000000245ef00000,0x000000245f000000)]
  0x000001dfa1847800 JavaThread "Attach Listener" daemon [_thread_blocked, id=7536, stack(0x000000245ee00000,0x000000245ef00000)]
  0x000001dfa1842800 JavaThread "Signal Dispatcher" daemon [_thread_blocked, id=8828, stack(0x000000245ed00000,0x000000245ee00000)]
  0x000001df9eb4c000 JavaThread "Finalizer" daemon [_thread_blocked, id=2720, stack(0x000000245ec00000,0x000000245ed00000)]
  0x000001df9eb44800 JavaThread "Reference Handler" daemon [_thread_blocked, id=10108, stack(0x000000245eb00000,0x000000245ec00000)]

Other Threads:
=>0x000001df9eb1c000 VMThread [stack: 0x000000245ea00000,0x000000245eb00000] [id=12656]

VM state:at safepoint (shutting down)

VM Mutex/Monitor currently owned by a thread:  ([mutex/lock_event])
[0x000001df83d117d0] Threads_lock - owner thread: 0x000001df9eb1c000

heap address: 0x00000006c1600000, size: 4074 MB, Compressed Oops mode: Zero based, Oop shift amount: 3
Narrow klass base: 0x0000000000000000, Narrow klass shift: 3
Compressed class space size: 1073741824 Address: 0x00000007c0000000

Heap:
 PSYoungGen      total 139776K, used 112928K [0x000000076b200000, 0x000000077ee80000, 0x00000007c0000000)
  eden space 139264K, 80% used [0x000000076b200000,0x00000007720000f8,0x0000000773a00000)
  from space 512K, 56% used [0x000000077ed80000,0x000000077edc8000,0x000000077ee00000)
  to   space 512K, 0% used [0x000000077ee00000,0x000000077ee00000,0x000000077ee80000)
 ParOldGen       total 76800K, used 40201K [0x00000006c1600000, 0x00000006c6100000, 0x000000076b200000)
  object space 76800K, 52% used [0x00000006c1600000,0x00000006c3d42738,0x00000006c6100000)
 Metaspace       used 21843K, capacity 22306K, committed 22656K, reserved 1069056K
  class space    used 2730K, capacity 2835K, committed 2944K, reserved 1048576K

Card table byte_map: [0x000001df94b60000,0x000001df95360000] byte_map_base: 0x000001df91555000

Marking Bits: (ParMarkBitMap*) 0x000000006e7c7fe0
 Begin Bits: [0x000001df958b0000, 0x000001df99858000)
 End Bits:   [0x000001df99858000, 0x000001df9d800000)

Polling page: 0x000001df83cd0000

CodeCache: size=245760Kb used=13088Kb max_used=13131Kb free=232672Kb
 bounds [0x000001df857a0000, 0x000001df864b0000, 0x000001df947a0000]
 total_blobs=4041 nmethods=3397 adapters=551
 compilation: enabled

Compilation events (10 events):
Event: 195.708 Thread 0x000001dfa1850800 nmethod 3870 0x000001df861733d0 code [0x000001df86173660, 0x000001df86174740]
Event: 195.708 Thread 0x000001dfa1851000 nmethod 3871 0x000001df86171650 code [0x000001df861718e0, 0x000001df86172ae0]
Event: 197.779 Thread 0x000001dfa1852000 3872       3       sun.reflect.ClassFileAssembler::emitConstantPoolMethodref (28 bytes)
Event: 197.779 Thread 0x000001dfa184f800 3873       3       sun.reflect.AccessorGenerator::sub (5 bytes)
Event: 197.779 Thread 0x000001dfa1850800 3874       3       sun.reflect.ClassFileAssembler::getLength (11 bytes)
Event: 197.779 Thread 0x000001dfa184f800 nmethod 3873 0x000001df862c0b10 code [0x000001df862c0c60, 0x000001df862c0db8]
Event: 197.779 Thread 0x000001dfa1850800 nmethod 3874 0x000001df860bd690 code [0x000001df860bd800, 0x000001df860bda18]
Event: 197.779 Thread 0x000001dfa1852000 nmethod 3872 0x000001df860f3dd0 code [0x000001df860f3fc0, 0x000001df860f46b0]
Event: 205.056 Thread 0x000001dfa184f800 3875       3       java.util.logging.LogManager$LoggerContext::ensureDefaultLogger (70 bytes)
Event: 205.056 Thread 0x000001dfa184f800 nmethod 3875 0x000001df86095bd0 code [0x000001df86095d80, 0x000001df86096630]

GC Heap History (10 events):
Event: 195.193 GC heap before
{Heap before GC invocations=1568 (full 1):
 PSYoungGen      total 165888K, used 165600K [0x000000076b200000, 0x000000077ee80000, 0x00000007c0000000)
  eden space 165376K, 100% used [0x000000076b200000,0x0000000775380000,0x0000000775380000)
  from space 512K, 43% used [0x000000077ee00000,0x000000077ee38000,0x000000077ee80000)
  to   space 512K, 0% used [0x000000077ed80000,0x000000077ed80000,0x000000077ee00000)
 ParOldGen       total 76800K, used 40097K [0x00000006c1600000, 0x00000006c6100000, 0x000000076b200000)
  object space 76800K, 52% used [0x00000006c1600000,0x00000006c3d28738,0x00000006c6100000)
 Metaspace       used 21818K, capacity 22294K, committed 22656K, reserved 1069056K
  class space    used 2728K, capacity 2833K, committed 2944K, reserved 1048576K
Event: 195.194 GC heap after
Heap after GC invocations=1568 (full 1):
 PSYoungGen      total 160256K, used 320K [0x000000076b200000, 0x000000077ee80000, 0x00000007c0000000)
  eden space 159744K, 0% used [0x000000076b200000,0x000000076b200000,0x0000000774e00000)
  from space 512K, 62% used [0x000000077ed80000,0x000000077edd0000,0x000000077ee00000)
  to   space 512K, 0% used [0x000000077ee00000,0x000000077ee00000,0x000000077ee80000)
 ParOldGen       total 76800K, used 40097K [0x00000006c1600000, 0x00000006c6100000, 0x000000076b200000)
  object space 76800K, 52% used [0x00000006c1600000,0x00000006c3d28738,0x00000006c6100000)
 Metaspace       used 21818K, capacity 22294K, committed 22656K, reserved 1069056K
  class space    used 2728K, capacity 2833K, committed 2944K, reserved 1048576K
}
Event: 195.310 GC heap before
{Heap before GC invocations=1569 (full 1):
 PSYoungGen      total 160256K, used 160064K [0x000000076b200000, 0x000000077ee80000, 0x00000007c0000000)
  eden space 159744K, 100% used [0x000000076b200000,0x0000000774e00000,0x0000000774e00000)
  from space 512K, 62% used [0x000000077ed80000,0x000000077edd0000,0x000000077ee00000)
  to   space 512K, 0% used [0x000000077ee00000,0x000000077ee00000,0x000000077ee80000)
 ParOldGen       total 76800K, used 40097K [0x00000006c1600000, 0x00000006c6100000, 0x000000076b200000)
  object space 76800K, 52% used [0x00000006c1600000,0x00000006c3d28738,0x00000006c6100000)
 Metaspace       used 21819K, capacity 22294K, committed 22656K, reserved 1069056K
  class space    used 2728K, capacity 2833K, committed 2944K, reserved 1048576K
Event: 195.311 GC heap after
Heap after GC invocations=1569 (full 1):
 PSYoungGen      total 154624K, used 256K [0x000000076b200000, 0x000000077ee80000, 0x00000007c0000000)
  eden space 154112K, 0% used [0x000000076b200000,0x000000076b200000,0x0000000774880000)
  from space 512K, 50% used [0x000000077ee00000,0x000000077ee40000,0x000000077ee80000)
  to   space 512K, 0% used [0x000000077ed80000,0x000000077ed80000,0x000000077ee00000)
 ParOldGen       total 76800K, used 40129K [0x00000006c1600000, 0x00000006c6100000, 0x000000076b200000)
  object space 76800K, 52% used [0x00000006c1600000,0x00000006c3d30738,0x00000006c6100000)
 Metaspace       used 21819K, capacity 22294K, committed 22656K, reserved 1069056K
  class space    used 2728K, capacity 2833K, committed 2944K, reserved 1048576K
}
Event: 195.422 GC heap before
{Heap before GC invocations=1570 (full 1):
 PSYoungGen      total 154624K, used 154368K [0x000000076b200000, 0x000000077ee80000, 0x00000007c0000000)
  eden space 154112K, 100% used [0x000000076b200000,0x0000000774880000,0x0000000774880000)
  from space 512K, 50% used [0x000000077ee00000,0x000000077ee40000,0x000000077ee80000)
  to   space 512K, 0% used [0x000000077ed80000,0x000000077ed80000,0x000000077ee00000)
 ParOldGen       total 76800K, used 40129K [0x00000006c1600000, 0x00000006c6100000, 0x000000076b200000)
  object space 76800K, 52% used [0x00000006c1600000,0x00000006c3d30738,0x00000006c6100000)
 Metaspace       used 21819K, capacity 22294K, committed 22656K, reserved 1069056K
  class space    used 2728K, capacity 2833K, committed 2944K, reserved 1048576K
Event: 195.423 GC heap after
Heap after GC invocations=1570 (full 1):
 PSYoungGen      total 149504K, used 192K [0x000000076b200000, 0x000000077ee80000, 0x00000007c0000000)
  eden space 148992K, 0% used [0x000000076b200000,0x000000076b200000,0x0000000774380000)
  from space 512K, 37% used [0x000000077ed80000,0x000000077edb0000,0x000000077ee00000)
  to   space 512K, 0% used [0x000000077ee00000,0x000000077ee00000,0x000000077ee80000)
 ParOldGen       total 76800K, used 40153K [0x00000006c1600000, 0x00000006c6100000, 0x000000076b200000)
  object space 76800K, 52% used [0x00000006c1600000,0x00000006c3d36738,0x00000006c6100000)
 Metaspace       used 21819K, capacity 22294K, committed 22656K, reserved 1069056K
  class space    used 2728K, capacity 2833K, committed 2944K, reserved 1048576K
}
Event: 195.529 GC heap before
{Heap before GC invocations=1571 (full 1):
 PSYoungGen      total 149504K, used 149184K [0x000000076b200000, 0x000000077ee80000, 0x00000007c0000000)
  eden space 148992K, 100% used [0x000000076b200000,0x0000000774380000,0x0000000774380000)
  from space 512K, 37% used [0x000000077ed80000,0x000000077edb0000,0x000000077ee00000)
  to   space 512K, 0% used [0x000000077ee00000,0x000000077ee00000,0x000000077ee80000)
 ParOldGen       total 76800K, used 40153K [0x00000006c1600000, 0x00000006c6100000, 0x000000076b200000)
  object space 76800K, 52% used [0x00000006c1600000,0x00000006c3d36738,0x00000006c6100000)
 Metaspace       used 21819K, capacity 22294K, committed 22656K, reserved 1069056K
  class space    used 2728K, capacity 2833K, committed 2944K, reserved 1048576K
Event: 195.529 GC heap after
Heap after GC invocations=1571 (full 1):
 PSYoungGen      total 144384K, used 224K [0x000000076b200000, 0x000000077ee80000, 0x00000007c0000000)
  eden space 143872K, 0% used [0x000000076b200000,0x000000076b200000,0x0000000773e80000)
  from space 512K, 43% used [0x000000077ee00000,0x000000077ee38000,0x000000077ee80000)
  to   space 512K, 0% used [0x000000077ed80000,0x000000077ed80000,0x000000077ee00000)
 ParOldGen       total 76800K, used 40177K [0x00000006c1600000, 0x00000006c6100000, 0x000000076b200000)
  object space 76800K, 52% used [0x00000006c1600000,0x00000006c3d3c738,0x00000006c6100000)
 Metaspace       used 21819K, capacity 22294K, committed 22656K, reserved 1069056K
  class space    used 2728K, capacity 2833K, committed 2944K, reserved 1048576K
}
Event: 195.632 GC heap before
{Heap before GC invocations=1572 (full 1):
 PSYoungGen      total 144384K, used 144096K [0x000000076b200000, 0x000000077ee80000, 0x00000007c0000000)
  eden space 143872K, 100% used [0x000000076b200000,0x0000000773e80000,0x0000000773e80000)
  from space 512K, 43% used [0x000000077ee00000,0x000000077ee38000,0x000000077ee80000)
  to   space 512K, 0% used [0x000000077ed80000,0x000000077ed80000,0x000000077ee00000)
 ParOldGen       total 76800K, used 40177K [0x00000006c1600000, 0x00000006c6100000, 0x000000076b200000)
  object space 76800K, 52% used [0x00000006c1600000,0x00000006c3d3c738,0x00000006c6100000)
 Metaspace       used 21819K, capacity 22294K, committed 22656K, reserved 1069056K
  class space    used 2728K, capacity 2833K, committed 2944K, reserved 1048576K
Event: 195.633 GC heap after
Heap after GC invocations=1572 (full 1):
 PSYoungGen      total 139776K, used 288K [0x000000076b200000, 0x000000077ee80000, 0x00000007c0000000)
  eden space 139264K, 0% used [0x000000076b200000,0x000000076b200000,0x0000000773a00000)
  from space 512K, 56% used [0x000000077ed80000,0x000000077edc8000,0x000000077ee00000)
  to   space 512K, 0% used [0x000000077ee00000,0x000000077ee00000,0x000000077ee80000)
 ParOldGen       total 76800K, used 40201K [0x00000006c1600000, 0x00000006c6100000, 0x000000076b200000)
  object space 76800K, 52% used [0x00000006c1600000,0x00000006c3d42738,0x00000006c6100000)
 Metaspace       used 21819K, capacity 22294K, committed 22656K, reserved 1069056K
  class space    used 2728K, capacity 2833K, committed 2944K, reserved 1048576K
}

Deoptimization events (10 events):
Event: 195.706 Thread 0x000001dfa9572000 Uncommon trap: reason=unstable_if action=reinterpret pc=0x000001df85bbb01c method=java.beans.ChangeListenerMap.get(Ljava/lang/String;)[Ljava/util/EventListener; @ 4
Event: 195.707 Thread 0x000001dfa9572000 Uncommon trap: reason=unstable_if action=reinterpret pc=0x000001df8617dcb0 method=sun.awt.AWTAutoShutdown.isReadyToShutdown()Z @ 16
Event: 195.707 Thread 0x000001dfa20b1000 Uncommon trap: reason=unstable_if action=reinterpret pc=0x000001df862225ec method=sun.awt.AWTAutoShutdown.isReadyToShutdown()Z @ 16
Event: 195.707 Thread 0x000001dfaa1e1000 Uncommon trap: reason=unstable_if action=reinterpret pc=0x000001df8634bd58 method=efeitos.IEfeitos.limparListaThread(LMetodos/tempoPorVolta;)V @ 4
Event: 195.708 Thread 0x000001dfa20b1000 Uncommon trap: reason=unstable_if action=reinterpret pc=0x000001df86225534 method=sun.awt.AWTAutoShutdown.isReadyToShutdown()Z @ 16
Event: 195.778 Thread 0x000001dfa20b1000 Uncommon trap: reason=unstable_if action=reinterpret pc=0x000001df861a9f7c method=sun.awt.AWTAutoShutdown.isReadyToShutdown()Z @ 16
Event: 205.055 Thread 0x000001dfaa1dd800 Uncommon trap: reason=class_check action=maybe_recompile pc=0x000001df86029ab4 method=java.lang.Thread.run()V @ 11
Event: 205.055 Thread 0x000001dfaa1db800 Uncommon trap: reason=class_check action=maybe_recompile pc=0x000001df86029ab4 method=java.lang.Thread.run()V @ 11
Event: 205.055 Thread 0x000001dfa979b000 Uncommon trap: reason=unstable_if action=reinterpret pc=0x000001df85adef14 method=com4j.ComThread.canExit()Z @ 4
Event: 205.055 Thread 0x000001dfaa1df000 Uncommon trap: reason=class_check action=maybe_recompile pc=0x000001df86029ab4 method=java.lang.Thread.run()V @ 11

Classes redefined (0 events):
No events

Internal exceptions (10 events):
Event: 6.902 Thread 0x000001df83d15000 Exception <a 'java/lang/UnsatisfiedLinkError': Não foi possível encontrar o módulo especificado.
> (0x000000076dce6920) thrown at [C:\jenkins\workspace\8-2-build-windows-amd64-cygwin\jdk8u291\1294\hotspot\src\share\vm\prims\jni.cpp, line 737]
Event: 6.902 Thread 0x000001df83d15000 Exception <a 'java/lang/UnsatisfiedLinkError': Não foi possível encontrar o módulo especificado.
> (0x000000076dce7388) thrown at [C:\jenkins\workspace\8-2-build-windows-amd64-cygwin\jdk8u291\1294\hotspot\src\share\vm\prims\jni.cpp, line 737]
Event: 6.903 Thread 0x000001df83d15000 Exception <a 'java/lang/UnsatisfiedLinkError': Não foi possível encontrar o módulo especificado.
> (0x000000076dce7cb8) thrown at [C:\jenkins\workspace\8-2-build-windows-amd64-cygwin\jdk8u291\1294\hotspot\src\share\vm\prims\jni.cpp, line 737]
Event: 7.160 Thread 0x000001df83d15000 Exception <a 'java/lang/ArrayIndexOutOfBoundsException'> (0x000000076dfd78c8) thrown at [C:\jenkins\workspace\8-2-build-windows-amd64-cygwin\jdk8u291\1294\hotspot\src\share\vm\runtime\sharedRuntime.cpp, line 609]
Event: 7.160 Thread 0x000001df83d15000 Exception <a 'java/lang/ArrayIndexOutOfBoundsException'> (0x000000076dfd8910) thrown at [C:\jenkins\workspace\8-2-build-windows-amd64-cygwin\jdk8u291\1294\hotspot\src\share\vm\runtime\sharedRuntime.cpp, line 609]
Event: 7.161 Thread 0x000001df83d15000 Exception <a 'java/lang/ArrayIndexOutOfBoundsException'> (0x000000076dfddd48) thrown at [C:\jenkins\workspace\8-2-build-windows-amd64-cygwin\jdk8u291\1294\hotspot\src\share\vm\runtime\sharedRuntime.cpp, line 609]
Event: 7.161 Thread 0x000001df83d15000 Exception <a 'java/lang/ArrayIndexOutOfBoundsException'> (0x000000076dfde928) thrown at [C:\jenkins\workspace\8-2-build-windows-amd64-cygwin\jdk8u291\1294\hotspot\src\share\vm\runtime\sharedRuntime.cpp, line 609]
Event: 7.867 Thread 0x000001dfaa1df000 Exception <a 'java/lang/ArrayIndexOutOfBoundsException'> (0x000000076e00eb50) thrown at [C:\jenkins\workspace\8-2-build-windows-amd64-cygwin\jdk8u291\1294\hotspot\src\share\vm\runtime\sharedRuntime.cpp, line 609]
Event: 8.134 Thread 0x000001dfa9572000 Implicit null exception at 0x000001df860e03be to 0x000001df860e0799
Event: 195.706 Thread 0x000001dfa9572000 Implicit null exception at 0x000001df85bba04e to 0x000001df85bbaff5

Events (10 events):
Event: 205.055 Thread 0x000001dfaa1df000 DEOPT UNPACKING pc=0x000001df857e5843 sp=0x0000002460cff168 mode 2
Event: 205.055 Thread 0x000001dfaa1df000 Thread exited: 0x000001dfaa1df000
Event: 205.055 Thread 0x000001dfa979b000 Thread exited: 0x000001dfa979b000
Event: 205.056 Thread 0x000001dfaa1d9000 Thread exited: 0x000001dfaa1d9000
Event: 205.056 Thread 0x000001dfaa1e1000 Thread exited: 0x000001dfaa1e1000
Event: 205.065 Thread 0x000001dfa20b1000 Thread exited: 0x000001dfa20b1000
Event: 205.156 Thread 0x000001dfaa1dd800 Thread exited: 0x000001dfaa1dd800
Event: 205.156 Executing VM operation: RevokeBias
Event: 205.156 Executing VM operation: RevokeBias done
Event: 205.156 Executing VM operation: Exit


Dynamic libraries:
0x00007ff6e3ec0000 - 0x00007ff6e3f07000 	C:\Program Files\Java\jdk1.8.0_291\bin\java.exe
0x00007ff8a2a30000 - 0x00007ff8a2c25000 	C:\Windows\SYSTEM32\ntdll.dll
0x00007ff8a27a0000 - 0x00007ff8a285d000 	C:\Windows\System32\KERNEL32.DLL
0x00007ff8a07c0000 - 0x00007ff8a0a88000 	C:\Windows\System32\KERNELBASE.dll
0x00007ff89da60000 - 0x00007ff89daf0000 	C:\Windows\SYSTEM32\apphelp.dll
0x00007ff8a14d0000 - 0x00007ff8a157c000 	C:\Windows\System32\ADVAPI32.dll
0x00007ff8a2480000 - 0x00007ff8a251e000 	C:\Windows\System32\msvcrt.dll
0x00007ff8a21e0000 - 0x00007ff8a227b000 	C:\Windows\System32\sechost.dll
0x00007ff8a0b00000 - 0x00007ff8a0c2b000 	C:\Windows\System32\RPCRT4.dll
0x00007ff8a1970000 - 0x00007ff8a1b10000 	C:\Windows\System32\USER32.dll
0x00007ff8a0790000 - 0x00007ff8a07b2000 	C:\Windows\System32\win32u.dll
0x00007ff8a2280000 - 0x00007ff8a22aa000 	C:\Windows\System32\GDI32.dll
0x00007ff8a01d0000 - 0x00007ff8a02db000 	C:\Windows\System32\gdi32full.dll
0x00007ff8a03e0000 - 0x00007ff8a047d000 	C:\Windows\System32\msvcp_win.dll
0x00007ff8a0530000 - 0x00007ff8a0630000 	C:\Windows\System32\ucrtbase.dll
0x00007ff895210000 - 0x00007ff8954aa000 	C:\Windows\WinSxS\amd64_microsoft.windows.common-controls_6595b64144ccf1df_6.0.19041.844_none_ca00b6081b84eb1d\COMCTL32.dll
0x00007ff8a1490000 - 0x00007ff8a14c0000 	C:\Windows\System32\IMM32.DLL
0x00007ff896d50000 - 0x00007ff896d65000 	C:\Program Files\Java\jdk1.8.0_291\jre\bin\vcruntime140.dll
0x00007ff885020000 - 0x00007ff8850bb000 	C:\Program Files\Java\jdk1.8.0_291\jre\bin\msvcp140.dll
0x000000006dfe0000 - 0x000000006e840000 	C:\Program Files\Java\jdk1.8.0_291\jre\bin\server\jvm.dll
0x00007ff8a0af0000 - 0x00007ff8a0af8000 	C:\Windows\System32\PSAPI.DLL
0x00007ff896aa0000 - 0x00007ff896ac7000 	C:\Windows\SYSTEM32\WINMM.dll
0x00007ff8886e0000 - 0x00007ff8886e9000 	C:\Windows\SYSTEM32\WSOCK32.dll
0x00007ff899b40000 - 0x00007ff899b4a000 	C:\Windows\SYSTEM32\VERSION.dll
0x00007ff8a2170000 - 0x00007ff8a21db000 	C:\Windows\System32\WS2_32.dll
0x00007ff89e0e0000 - 0x00007ff89e0f2000 	C:\Windows\SYSTEM32\kernel.appcore.dll
0x00007ff89bc90000 - 0x00007ff89bca0000 	C:\Program Files\Java\jdk1.8.0_291\jre\bin\verify.dll
0x00007ff896700000 - 0x00007ff89672b000 	C:\Program Files\Java\jdk1.8.0_291\jre\bin\java.dll
0x00007ff896cc0000 - 0x00007ff896cd8000 	C:\Program Files\Java\jdk1.8.0_291\jre\bin\zip.dll
0x00007ff8a0c30000 - 0x00007ff8a1372000 	C:\Windows\System32\SHELL32.dll
0x00007ff89e2e0000 - 0x00007ff89ea70000 	C:\Windows\SYSTEM32\windows.storage.dll
0x00007ff8a1580000 - 0x00007ff8a18d5000 	C:\Windows\System32\combase.dll
0x00007ff89fbe0000 - 0x00007ff89fc0c000 	C:\Windows\SYSTEM32\Wldp.dll
0x00007ff8a13e0000 - 0x00007ff8a148e000 	C:\Windows\System32\SHCORE.dll
0x00007ff8a1380000 - 0x00007ff8a13d5000 	C:\Windows\System32\shlwapi.dll
0x00007ff8a00b0000 - 0x00007ff8a00cf000 	C:\Windows\SYSTEM32\profapi.dll
0x00007ff86e6f0000 - 0x00007ff86e885000 	C:\Program Files\Java\jdk1.8.0_291\jre\bin\awt.dll
0x00007ff8a26d0000 - 0x00007ff8a279d000 	C:\Windows\System32\OLEAUT32.dll
0x00007ff89df00000 - 0x00007ff89df2f000 	C:\Windows\system32\DWMAPI.DLL
0x00007ff89dc00000 - 0x00007ff89dc9e000 	C:\Windows\system32\uxtheme.dll
0x00007ff8709b0000 - 0x00007ff870ad6000 	C:\Windows\system32\opengl32.dll
0x00007ff88d810000 - 0x00007ff88d83c000 	C:\Windows\SYSTEM32\GLU32.dll
0x00007ff8a1b30000 - 0x00007ff8a1c45000 	C:\Windows\System32\MSCTF.dll
0x00007ff8a28c0000 - 0x00007ff8a29ea000 	C:\Windows\System32\ole32.dll
0x00007ff8a0480000 - 0x00007ff8a0500000 	C:\Windows\System32\bcryptPrimitives.dll
0x00007ff89fd60000 - 0x00007ff89fd72000 	C:\Windows\SYSTEM32\msasn1.dll
0x00007ff899b00000 - 0x00007ff899b31000 	C:\Windows\SYSTEM32\cryptnet.dll
0x00007ff8a0630000 - 0x00007ff8a078f000 	C:\Windows\System32\CRYPT32.dll
0x00007ff89fb40000 - 0x00007ff89fb4c000 	C:\Windows\SYSTEM32\cryptbase.dll
0x00007ff8a0170000 - 0x00007ff8a01d0000 	C:\Windows\System32\WINTRUST.DLL
0x00007ff8a1b10000 - 0x00007ff8a1b2d000 	C:\Windows\System32\imagehlp.dll
0x00007ff89fb20000 - 0x00007ff89fb38000 	C:\Windows\SYSTEM32\CRYPTSP.dll
0x00007ff89f280000 - 0x00007ff89f2b4000 	C:\Windows\system32\rsaenh.dll
0x00007ff8a0500000 - 0x00007ff8a0527000 	C:\Windows\System32\bcrypt.dll
0x00007ff89ea80000 - 0x00007ff89eaa3000 	C:\Windows\SYSTEM32\gpapi.dll
0x00007ff897d70000 - 0x00007ff897dab000 	C:\Windows\SYSTEM32\dxcore.dll
0x00007ff8a0390000 - 0x00007ff8a03de000 	C:\Windows\System32\cfgmgr32.dll
0x00007ff86d390000 - 0x00007ff86d3c2000 	C:\Program Files\Java\jdk1.8.0_291\jre\bin\jpeg.dll
0x00007ff88cc10000 - 0x00007ff88cc59000 	C:\Program Files\Java\jdk1.8.0_291\jre\bin\fontmanager.dll
0x00007ff893ca0000 - 0x00007ff893d99000 	C:\Windows\SYSTEM32\textinputframework.dll
0x00007ff89d3d0000 - 0x00007ff89d72e000 	C:\Windows\System32\CoreUIComponents.dll
0x00007ff89d730000 - 0x00007ff89d822000 	C:\Windows\System32\CoreMessaging.dll
0x00007ff89eeb0000 - 0x00007ff89eee3000 	C:\Windows\SYSTEM32\ntmarta.dll
0x00007ff89cd00000 - 0x00007ff89ce54000 	C:\Windows\SYSTEM32\wintypes.dll
0x00007ff893470000 - 0x00007ff89348c000 	C:\Program Files\Java\jdk1.8.0_291\jre\bin\net.dll
0x00007ff89f950000 - 0x00007ff89f9ba000 	C:\Windows\system32\mswsock.dll
0x00007ff88d970000 - 0x00007ff88d983000 	C:\Program Files\Java\jdk1.8.0_291\jre\bin\nio.dll
0x00007ff885630000 - 0x00007ff885673000 	C:\Program Files\Java\jdk1.8.0_291\jre\bin\t2k.dll
0x00007ff886fd0000 - 0x00007ff886fd7000 	C:\Program Files\Java\jdk1.8.0_291\jre\bin\jawt.dll
0x00007ff8a0070000 - 0x00007ff8a009e000 	C:\Windows\SYSTEM32\USERENV.dll
0x00007ff89f5f0000 - 0x00007ff89f62b000 	C:\Windows\SYSTEM32\IPHLPAPI.DLL
0x00007ff8a14c0000 - 0x00007ff8a14c8000 	C:\Windows\System32\NSI.dll
0x00007ff89a330000 - 0x00007ff89a347000 	C:\Windows\SYSTEM32\dhcpcsvc6.DLL
0x00007ff89a310000 - 0x00007ff89a32d000 	C:\Windows\SYSTEM32\dhcpcsvc.DLL
0x00007ff89f630000 - 0x00007ff89f6fc000 	C:\Windows\SYSTEM32\DNSAPI.dll
0x00007ff886ec0000 - 0x00007ff886ec6000 	C:\Users\Claud\AppData\Local\Temp\flatlaf.temp\flatlaf-windows-x86_64-6803895944904762983.dll
0x00007ff8a1c50000 - 0x00007ff8a1cf9000 	C:\Windows\System32\clbcatq.dll
0x00007ff899fd0000 - 0x00007ff89a184000 	C:\Windows\SYSTEM32\WindowsCodecs.dll
0x00007ff892640000 - 0x00007ff89267e000 	C:\Windows\system32\dataexchange.dll
0x00007ff89ce60000 - 0x00007ff89d045000 	C:\Windows\system32\dcomp.dll
0x00007ff89bf30000 - 0x00007ff89c194000 	C:\Windows\system32\d3d11.dll
0x00007ff89eab0000 - 0x00007ff89eba4000 	C:\Windows\system32\dxgi.dll
0x00007ff89a360000 - 0x00007ff89a561000 	C:\Windows\system32\twinapi.appcore.dll
0x0000000180000000 - 0x0000000180058000 	D:\Projeto\RGB\lib\com4j-amd64.dll
0x00007ff84a360000 - 0x00007ff84a425000 	C:\Program Files\ASUS\AuraSDK\AuraSdk_x64.dll
0x00007ff89ff80000 - 0x00007ff8a0022000 	C:\Windows\SYSTEM32\sxs.dll
0x00007ff864350000 - 0x00007ff864392000 	C:\Program Files\ENE\Aac_ENE RGB HAL\x64\AacHal_x64.dll
0x00007ff85adf0000 - 0x00007ff85ae58000 	C:\Program Files\ENE\Aac_ENE RGB HAL\x64\SB_SMBUS_SDK.dll
0x00007ff8967b0000 - 0x00007ff8967e4000 	C:\Program Files\Patriot\Aac_Patriot Viper DRAM RGB\AacHal_x64.dll
0x000001dfab950000 - 0x000001dfab976000 	C:\Program Files\Patriot\Aac_Patriot Viper DRAM RGB\MsIo64_Patriot.dll
0x00007ff896770000 - 0x00007ff8967a4000 	C:\Program Files\PHISON\Aac_PHISON HAL\AacHal_x64.dll
0x00007ff885cb0000 - 0x00007ff885cc0000 	C:\Program Files\PHISON\Aac_PHISON HAL\Phison_x64.dll
0x00007ff84a2a0000 - 0x00007ff84a354000 	C:\Program Files\PHISON\Aac_PHISON HAL\pcie_dll_x64.dll
0x00007ff865a30000 - 0x00007ff865a66000 	C:\Program Files\Patriot\Aac_Patriot Viper M2 SSD RGB\AacHal_x64.dll
0x00007ff864220000 - 0x00007ff86425c000 	C:\Program Files\ENE\Aac_ENE_AIC_Marvell_HAL\AacHal_x64.dll
0x00007ff863c90000 - 0x00007ff863cc4000 	C:\Program Files\PD\Aac_Universal Holtek RGB DRAM\AacHal_x64.dll
0x000001dfabac0000 - 0x000001dfabae7000 	C:\Program Files\PD\Aac_Universal Holtek RGB DRAM\MsIo64_UH.dll
0x00007ff861f00000 - 0x00007ff861f39000 	C:\Program Files\ASUS\AacVGAHal\AacVgaHal_x64.dll
0x00007ff849ff0000 - 0x00007ff84a29d000 	C:\Program Files\ASUS\AacVGAHal\LED_DLL_forMB_x64.dll
0x00007ff8a1d00000 - 0x00007ff8a2169000 	C:\Windows\System32\SETUPAPI.dll
0x00007ff89d9e0000 - 0x00007ff89d9e7000 	C:\Windows\SYSTEM32\MSIMG32.dll
0x00007ff88d0e0000 - 0x00007ff88d28b000 	C:\Windows\WinSxS\amd64_microsoft.windows.gdiplus_6595b64144ccf1df_1.1.19041.928_none_faefac437613c6cc\gdiplus.dll
0x00007ff88cdb0000 - 0x00007ff88ce3e000 	C:\Windows\SYSTEM32\WINSPOOL.DRV
0x00007ff896b80000 - 0x00007ff896be6000 	C:\Windows\SYSTEM32\OLEACC.dll
0x00007ff849d40000 - 0x00007ff849fec000 	C:\Program Files\ASUS\AacVGAHal\VGA_Extra_x64.dll
0x00007ff843b50000 - 0x00007ff8440ab000 	C:\Program Files\ASUS\AacVGAHal\Vender_x64.dll
0x00007ff85be00000 - 0x00007ff85be38000 	C:\Windows\SYSTEM32\oledlg.dll
0x00007ff89ff20000 - 0x00007ff89ff4c000 	C:\Windows\SYSTEM32\DEVOBJ.dll
0x00007ff891f50000 - 0x00007ff892625000 	C:\Windows\SYSTEM32\nvapi64.dll
0x00007ff849c40000 - 0x00007ff849d3e000 	C:\Program Files\ASUS\Aac_AIOFan\AacAIOFanHal_x64.dll
0x00007ff89ea70000 - 0x00007ff89ea7d000 	C:\Windows\SYSTEM32\HID.DLL
0x00007ff89ac40000 - 0x00007ff89ac4a000 	C:\Windows\SYSTEM32\AVRT.dll
0x00007ff88dd30000 - 0x00007ff88dd3c000 	C:\Windows\SYSTEM32\WINUSB.DLL
0x00007ff88c9f0000 - 0x00007ff88c9f9000 	C:\Users\Claud\AppData\Local\Temp\LogitechLedJNI.dll
0x00007ff849b50000 - 0x00007ff849c3f000 	C:\Windows\SYSTEM32\MSVCR120.dll
0x00007ff843760000 - 0x00007ff843b50000 	C:\Program Files\LGHUB\sdk_legacy_led_x64.dll
0x00007ff885c90000 - 0x00007ff885c9c000 	C:\Program Files\Java\jdk1.8.0_291\jre\bin\VCRUNTIME140_1.dll
0x00007ff864470000 - 0x00007ff8644b4000 	C:\Users\Claud\AppData\Local\Temp\jna-65190279\jna5219575949169119900.dll
0x00007ff89bf10000 - 0x00007ff89bf24000 	C:\Windows\SYSTEM32\Wtsapi32.dll
0x00007ff89f140000 - 0x00007ff89f19a000 	C:\Windows\SYSTEM32\WINSTA.dll
0x00007ff85a900000 - 0x00007ff85a978000 	D:\Projeto\RGB\lib\SDK MODIFICADAS\ICue\build\classes\win32-x86-64\CueSDK.dll
0x00007ff849970000 - 0x00007ff849b46000 	C:\Users\Claud\AppData\Local\Temp\SDKDLL.dll
0x00007ff886a60000 - 0x00007ff886ab4000 	C:\Windows\SYSTEM32\pdh.dll
0x00007ff885860000 - 0x00007ff88586d000 	C:\Program Files\Java\jdk1.8.0_291\jre\bin\jsound.dll
0x00007ff885770000 - 0x00007ff88577d000 	C:\Program Files\Java\jdk1.8.0_291\jre\bin\jsoundds.dll
0x00007ff886ed0000 - 0x00007ff886f6c000 	C:\Windows\SYSTEM32\DSOUND.dll
0x00007ff888720000 - 0x00007ff888746000 	C:\Windows\SYSTEM32\winmmbase.dll
0x00007ff89f700000 - 0x00007ff89f74b000 	C:\Windows\SYSTEM32\powrprof.dll

VM Arguments:
jvm_args: -Dfile.encoding=UTF-8 -XX:ErrorFile=./error.log 
java_command: RGB.Splash
java_class_path (initial): D:\Projeto\RGB\lib\AbsoluteLayout.jar;D:\Projeto\RGB\lib\HID API.jar;D:\Projeto\RGB\lib\com4j-2.1.jar;D:\Projeto\RGB\lib\commons-lang3-3.12.0.jar;D:\Projeto\RGB\lib\commons-math3-3.6.1.jar;D:\Projeto\RGB\lib\flatlaf-1.1.jar;D:\Projeto\RGB\lib\flatlaf-intellij-themes-1.1.jar;D:\Projeto\RGB\lib\gson-2.8.6.jar;D:\Projeto\RGB\lib\guava-30.1.1-jre.jar;D:\Projeto\RGB\lib\jna-5.8.0.jar;D:\Projeto\RGB\lib\jna-platform-5.8.0.jar;D:\Projeto\RGB\lib\lombok.jar;D:\Projeto\RGB\lib\SDK MODIFICADAS\AURA\dist\AuraSDK.jar;D:\Projeto\RGB\lib\SDK MODIFICADAS\CoolerMaster\build\classes;D:\Projeto\RGB\lib\SDK MODIFICADAS\ICue\build\classes;D:\Projeto\RGB\lib\SDK MODIFICADAS\Logiled\build\classes;D:\Projeto\RGB\COMPILACAO\build\classes
Launcher Type: SUN_STANDARD

Environment Variables:
JAVA_HOME=C:\Program Files\Java\jdk1.8.0_291
PATH=C:\Program Files (x86)\Common Files\Oracle\Java\javapath;C:\Windows\system32;C:\Windows;C:\Windows\System32\Wbem;C:\Windows\System32\WindowsPowerShell\v1.0\;C:\Windows\System32\OpenSSH\;C:\Program Files\dotnet\;C:\Program Files\Java\jdk1.8.0_291\bin;C:\Users\Claud\AppData\Local\Microsoft\WindowsApps;C:\Users\Claud\.dotnet\tools;C:\Users\Claud\AppData\Local\GitHubDesktop\bin
USERNAME=Claud
OS=Windows_NT
PROCESSOR_IDENTIFIER=Intel64 Family 6 Model 158 Stepping 13, GenuineIntel



---------------  S Y S T E M  ---------------

OS: Windows 10.0 , 64 bit Build 19041 (10.0.19041.928)

CPU:total 16 (initial active 16) (8 cores per cpu, 2 threads per core) family 6 model 158 stepping 13, cmov, cx8, fxsr, mmx, sse, sse2, sse3, ssse3, sse4.1, sse4.2, popcnt, avx, avx2, aes, clmul, erms, 3dnowpref, lzcnt, ht, tsc, tscinvbit, bmi1, bmi2, adx

Memory: 4k page, physical 16684956k(9385472k free), swap 19699612k(8443672k free)

vm_info: Java HotSpot(TM) 64-Bit Server VM (25.291-b10) for windows-amd64 JRE (1.8.0_291-b10), built on Apr  9 2021 00:02:00 by "java_re" with MS VC++ 15.9 (VS2017)

time: Wed May 26 22:49:01 2021
timezone: Hora oficial do Brasil
elapsed time: 205.670675 seconds (0d 0h 3m 25s)

