#
# A fatal error has been detected by the Java Runtime Environment:
#
#  EXCEPTION_UNCAUGHT_CXX_EXCEPTION (0xe06d7363) at pc=0x00007ffbb76b3e49, pid=14940, tid=0x0000000000003cc0
#
# JRE version: Java(TM) SE Runtime Environment (8.0_291-b10) (build 1.8.0_291-b10)
# Java VM: Java HotSpot(TM) 64-Bit Server VM (25.291-b10 mixed mode windows-amd64 compressed oops)
# Problematic frame:
# C  [KERNELBASE.dll+0x23e49]
#
# Failed to write core dump. Minidumps are not enabled by default on client versions of Windows
#
# If you would like to submit a bug report, please visit:
#   http://bugreport.java.com/bugreport/crash.jsp
#

---------------  T H R E A D  ---------------

Current thread (0x000001b37fc2e000):  VMThread [stack: 0x0000006087c00000,0x0000006087d00000] [id=15552]

siginfo: ExceptionCode=0xe06d7363, ExceptionInformation=0x0000000019930520 0x0000006087cff430 0x00007ffb763b3108 0x00007ffb76360000 

Registers:
RAX=0x00007ffbb9d5b131, RBX=0x0000006087cff430, RCX=0x000001b37f9d6bb0, RDX=0x00007ffb779e1004
RSP=0x0000006087cff2b0, RBP=0x0000000000000000, RSI=0x00007ffb763be1c0, RDI=0x00007ffb763b3108
R8 =0x0000000000000000, R9 =0x0000000000000000, R10=0x0000000000000000, R11=0x0000000000000000
R12=0x00007ffb763a31e8, R13=0x000001b37f9d6bb0, R14=0x00007ffb76360000, R15=0x0000000000000001
RIP=0x00007ffbb76b3e49, EFLAGS=0x0000000000000202

Top of Stack: (sp=0x0000006087cff2b0)
0x0000006087cff2b0:   0000000000000000 0000006087cff430
0x0000006087cff2c0:   00007ffb763be1c0 00007ffb763a31e8
0x0000006087cff2d0:   00000001e06d7363 0000000000000000
0x0000006087cff2e0:   00007ffbb76b3e49 00007ffb00000004
0x0000006087cff2f0:   0000000019930520 0000006087cff430
0x0000006087cff300:   00007ffb763b3108 00007ffb76360000
0x0000006087cff310:   000001b37f9d6bb0 00007ffb763a31e8
0x0000006087cff320:   00007ffb763be1c0 0000000000000000
0x0000006087cff330:   0000006087cff400 00007ffbb9d366af
0x0000006087cff340:   00007ffb763b3108 00007ffb00000000
0x0000006087cff350:   00007ffb00000040 0000000000000000
0x0000006087cff360:   00007ffb763c0000 00007ffb76360000
0x0000006087cff370:   0000a0d781c8d677 00007ffb76378193
0x0000006087cff380:   0000006087cff430 00007ffb763832e2
0x0000006087cff390:   fffffffffffffffe 00007ffb7636fdd8
0x0000006087cff3a0:   000001b37f9d6bb0 00007ffb763a31e8 

Instructions: (pc=0x00007ffbb76b3e49)
0x00007ffbb76b3e29:   8b d1 44 0f 47 c0 44 89 44 24 38 49 c1 e0 03 e8
0x00007ffbb76b3e39:   da c5 06 00 48 8d 4c 24 20 48 ff 15 ff ab 19 00
0x00007ffbb76b3e49:   0f 1f 44 00 00 48 8b 8c 24 c0 00 00 00 48 33 cc
0x00007ffbb76b3e59:   e8 32 8c 06 00 48 81 c4 d8 00 00 00 c3 cc 83 64 


Register to memory mapping:

RAX=0x00007ffbb9d5b131 is an unknown value
RBX=0x0000006087cff430 is an unknown value
RCX=0x000001b37f9d6bb0 is an unknown value
RDX=0x00007ffb779e1004 is an unknown value
RSP=0x0000006087cff2b0 is an unknown value
RBP=0x0000000000000000 is an unknown value
RSI=0x00007ffb763be1c0 is an unknown value
RDI=0x00007ffb763b3108 is an unknown value
R8 =0x0000000000000000 is an unknown value
R9 =0x0000000000000000 is an unknown value
R10=0x0000000000000000 is an unknown value
R11=0x0000000000000000 is an unknown value
R12=0x00007ffb763a31e8 is an unknown value
R13=0x000001b37f9d6bb0 is an unknown value
R14=0x00007ffb76360000 is an unknown value
R15=0x0000000000000001 is an unknown value


Stack: [0x0000006087c00000,0x0000006087d00000],  sp=0x0000006087cff2b0,  free space=1020k
Native frames: (J=compiled Java code, j=interpreted, Vv=VM code, C=native code)

VM_Operation (0x00000060895fcb50): Exit, mode: safepoint, requested by thread 0x000001b319f89000


---------------  P R O C E S S  ---------------

Java Threads: ( => current thread )
  0x000001b3121f5800 JavaThread "DestroyJavaVM" [_thread_blocked, id=7100, stack(0x0000006086e00000,0x0000006086f00000)]
  0x000001b31a23d800 JavaThread "DeviceRemovalHandler" daemon [_thread_in_native, id=3160, stack(0x0000006089b00000,0x0000006089c00000)]
  0x000001b31a1ff800 JavaThread "TimerQueue" daemon [_thread_blocked, id=6460, stack(0x0000006089700000,0x0000006089800000)]
  0x000001b319f89000 JavaThread "AWT-EventQueue-0" [_thread_blocked, id=10052, stack(0x0000006089500000,0x0000006089600000)]
  0x000001b312938000 JavaThread "AWT-Shutdown" [_thread_blocked, id=1400, stack(0x0000006089000000,0x0000006089100000)]
  0x000001b312935000 JavaThread "Java2D Disposer" daemon [_thread_blocked, id=7736, stack(0x0000006088f00000,0x0000006089000000)]
  0x000001b31227e000 JavaThread "Service Thread" daemon [_thread_blocked, id=4540, stack(0x0000006088d00000,0x0000006088e00000)]
  0x000001b3121f6800 JavaThread "C1 CompilerThread11" daemon [_thread_blocked, id=12436, stack(0x0000006088c00000,0x0000006088d00000)]
  0x000001b3121f8000 JavaThread "C1 CompilerThread10" daemon [_thread_blocked, id=5812, stack(0x0000006088b00000,0x0000006088c00000)]
  0x000001b3121f5000 JavaThread "C1 CompilerThread9" daemon [_thread_blocked, id=7944, stack(0x0000006088a00000,0x0000006088b00000)]
  0x000001b3121f8800 JavaThread "C1 CompilerThread8" daemon [_thread_blocked, id=13800, stack(0x0000006088900000,0x0000006088a00000)]
  0x000001b3121e8000 JavaThread "C2 CompilerThread7" daemon [_thread_blocked, id=15492, stack(0x0000006088800000,0x0000006088900000)]
  0x000001b3121ce800 JavaThread "C2 CompilerThread6" daemon [_thread_blocked, id=11240, stack(0x0000006088700000,0x0000006088800000)]
  0x000001b3121cc800 JavaThread "C2 CompilerThread5" daemon [_thread_blocked, id=14380, stack(0x0000006088600000,0x0000006088700000)]
  0x000001b3121c3800 JavaThread "C2 CompilerThread4" daemon [_thread_blocked, id=8596, stack(0x0000006088500000,0x0000006088600000)]
  0x000001b3121c3000 JavaThread "C2 CompilerThread3" daemon [_thread_blocked, id=12080, stack(0x0000006088400000,0x0000006088500000)]
  0x000001b3121c2000 JavaThread "C2 CompilerThread2" daemon [_thread_blocked, id=7980, stack(0x0000006088300000,0x0000006088400000)]
  0x000001b3121c0800 JavaThread "C2 CompilerThread1" daemon [_thread_blocked, id=8724, stack(0x0000006088200000,0x0000006088300000)]
  0x000001b3121bd800 JavaThread "C2 CompilerThread0" daemon [_thread_blocked, id=5664, stack(0x0000006088100000,0x0000006088200000)]
  0x000001b3121bb000 JavaThread "Attach Listener" daemon [_thread_blocked, id=8644, stack(0x0000006088000000,0x0000006088100000)]
  0x000001b3121b8000 JavaThread "Signal Dispatcher" daemon [_thread_blocked, id=11652, stack(0x0000006087f00000,0x0000006088000000)]
  0x000001b37fc5e000 JavaThread "Finalizer" daemon [_thread_blocked, id=1648, stack(0x0000006087e00000,0x0000006087f00000)]
  0x000001b37fc56800 JavaThread "Reference Handler" daemon [_thread_blocked, id=9688, stack(0x0000006087d00000,0x0000006087e00000)]

Other Threads:
=>0x000001b37fc2e000 VMThread [stack: 0x0000006087c00000,0x0000006087d00000] [id=15552]

VM state:at safepoint (shutting down)

VM Mutex/Monitor currently owned by a thread:  ([mutex/lock_event])
[0x000001b3746aa330] Threads_lock - owner thread: 0x000001b37fc2e000

heap address: 0x00000006c1600000, size: 4074 MB, Compressed Oops mode: Zero based, Oop shift amount: 3
Narrow klass base: 0x0000000000000000, Narrow klass shift: 3
Compressed class space size: 1073741824 Address: 0x00000007c0000000

Heap:
 PSYoungGen      total 76288K, used 45053K [0x000000076b200000, 0x0000000770700000, 0x00000007c0000000)
  eden space 65536K, 52% used [0x000000076b200000,0x000000076d385c40,0x000000076f200000)
  from space 10752K, 99% used [0x000000076f200000,0x000000076fc79b78,0x000000076fc80000)
  to   space 10752K, 0% used [0x000000076fc80000,0x000000076fc80000,0x0000000770700000)
 ParOldGen       total 175104K, used 3099K [0x00000006c1600000, 0x00000006cc100000, 0x000000076b200000)
  object space 175104K, 1% used [0x00000006c1600000,0x00000006c1906ea0,0x00000006cc100000)
 Metaspace       used 21075K, capacity 21546K, committed 21628K, reserved 1069056K
  class space    used 2664K, capacity 2777K, committed 2816K, reserved 1048576K

Card table byte_map: [0x000001b376470000,0x000001b376c70000] byte_map_base: 0x000001b372e65000

Marking Bits: (ParMarkBitMap*) 0x0000000071f07fe0
 Begin Bits: [0x000001b3771c0000, 0x000001b37b168000)
 End Bits:   [0x000001b37b168000, 0x000001b37f110000)

Polling page: 0x000001b374860000

CodeCache: size=245760Kb used=13332Kb max_used=13340Kb free=232427Kb
 bounds [0x000001b300000000, 0x000001b300d20000, 0x000001b30f000000]
 total_blobs=4016 nmethods=3396 adapters=528
 compilation: enabled

Compilation events (10 events):
Event: 40.638 Thread 0x000001b3121f6800 3429       3       com.formdev.flatlaf.ui.FlatButtonUI$FlatButtonListener::propertyChange (18 bytes)
Event: 40.638 Thread 0x000001b3121f6800 nmethod 3429 0x000001b300cee6d0 code [0x000001b300cee840, 0x000001b300ceeac0]
Event: 42.660 Thread 0x000001b3121bd800 3430       4       java.util.LinkedList::linkLast (59 bytes)
Event: 42.660 Thread 0x000001b3121c3800 3431       4       java.util.LinkedList::add (7 bytes)
Event: 42.660 Thread 0x000001b3121f8000 3432       1       com4j.NativeType::cleanupNative (1 bytes)
Event: 42.660 Thread 0x000001b3121f8000 nmethod 3432 0x000001b300cee410 code [0x000001b300cee560, 0x000001b300cee678]
Event: 42.660 Thread 0x000001b3121bd800 nmethod 3430 0x000001b300cff090 code [0x000001b300cff1e0, 0x000001b300cff318]
Event: 42.660 Thread 0x000001b3121c3800 nmethod 3431 0x000001b300cfed50 code [0x000001b300cfeea0, 0x000001b300cfeff8]
Event: 49.940 Thread 0x000001b3121f8000 3433       3       java.util.logging.LogManager$LoggerContext::ensureDefaultLogger (70 bytes)
Event: 49.940 Thread 0x000001b3121f8000 nmethod 3433 0x000001b3002bac90 code [0x000001b3002bae40, 0x000001b3002bb6f0]

GC Heap History (2 events):
Event: 13.405 GC heap before
{Heap before GC invocations=1 (full 0):
 PSYoungGen      total 76288K, used 53637K [0x000000076b200000, 0x0000000770700000, 0x00000007c0000000)
  eden space 65536K, 81% used [0x000000076b200000,0x000000076e6616e0,0x000000076f200000)
  from space 10752K, 0% used [0x000000076fc80000,0x000000076fc80000,0x0000000770700000)
  to   space 10752K, 0% used [0x000000076f200000,0x000000076f200000,0x000000076fc80000)
 ParOldGen       total 175104K, used 0K [0x00000006c1600000, 0x00000006cc100000, 0x000000076b200000)
  object space 175104K, 0% used [0x00000006c1600000,0x00000006c1600000,0x00000006cc100000)
 Metaspace       used 20695K, capacity 21188K, committed 21504K, reserved 1069056K
  class space    used 2622K, capacity 2756K, committed 2816K, reserved 1048576K
Event: 13.410 GC heap after
Heap after GC invocations=1 (full 0):
 PSYoungGen      total 76288K, used 10726K [0x000000076b200000, 0x0000000770700000, 0x00000007c0000000)
  eden space 65536K, 0% used [0x000000076b200000,0x000000076b200000,0x000000076f200000)
  from space 10752K, 99% used [0x000000076f200000,0x000000076fc79b78,0x000000076fc80000)
  to   space 10752K, 0% used [0x000000076fc80000,0x000000076fc80000,0x0000000770700000)
 ParOldGen       total 175104K, used 3099K [0x00000006c1600000, 0x00000006cc100000, 0x000000076b200000)
  object space 175104K, 1% used [0x00000006c1600000,0x00000006c1906ea0,0x00000006cc100000)
 Metaspace       used 20695K, capacity 21188K, committed 21504K, reserved 1069056K
  class space    used 2622K, capacity 2756K, committed 2816K, reserved 1048576K
}

Deoptimization events (10 events):
Event: 17.905 Thread 0x000001b319f89000 Uncommon trap: reason=unstable_if action=reinterpret pc=0x000001b300c38074 method=sun.java2d.pipe.AAShapePipe.renderTiles(Lsun/java2d/SunGraphics2D;Ljava/awt/Shape;Lsun/java2d/pipe/AATileGenerator;[I)V @ 202
Event: 21.333 Thread 0x000001b319f89000 Uncommon trap: reason=unstable_if action=reinterpret pc=0x000001b300718c10 method=java.lang.ref.SoftReference.get()Ljava/lang/Object; @ 17
Event: 22.233 Thread 0x000001b319f89000 Uncommon trap: reason=unstable_if action=reinterpret pc=0x000001b3009e6520 method=java.awt.Container.getMouseEventTargetImpl(IIZLjava/awt/Container$EventTargetFilter;ZZ)Ljava/awt/Component; @ 218
Event: 40.635 Thread 0x000001b312940000 Uncommon trap: reason=class_check action=maybe_recompile pc=0x000001b300cc3fe4 method=sun.awt.SunToolkit.postEvent(Lsun/awt/AppContext;Ljava/awt/AWTEvent;)V @ 72
Event: 40.636 Thread 0x000001b319f89000 Uncommon trap: reason=unstable_if action=reinterpret pc=0x000001b3009b9c30 method=java.awt.EventQueue.getPriority(Ljava/awt/AWTEvent;)I @ 22
Event: 40.638 Thread 0x000001b319f89000 Uncommon trap: reason=unstable_if action=reinterpret pc=0x000001b300b08138 method=java.beans.ChangeListenerMap.get(Ljava/lang/String;)[Ljava/util/EventListener; @ 4
Event: 40.638 Thread 0x000001b319f89000 Uncommon trap: reason=unstable_if action=reinterpret pc=0x000001b300871db0 method=sun.awt.AWTAutoShutdown.isReadyToShutdown()Z @ 16
Event: 40.638 Thread 0x000001b312940000 Uncommon trap: reason=unstable_if action=reinterpret pc=0x000001b3009df1ec method=sun.awt.AWTAutoShutdown.isReadyToShutdown()Z @ 16
Event: 40.639 Thread 0x000001b312940000 Uncommon trap: reason=unstable_if action=reinterpret pc=0x000001b3009dfaf4 method=sun.awt.AWTAutoShutdown.isReadyToShutdown()Z @ 16
Event: 40.733 Thread 0x000001b312940000 Uncommon trap: reason=unstable_if action=reinterpret pc=0x000001b3008832bc method=sun.awt.AWTAutoShutdown.isReadyToShutdown()Z @ 16

Classes redefined (0 events):
No events

Internal exceptions (10 events):
Event: 6.940 Thread 0x000001b3746b5000 Exception <a 'java/lang/ArrayIndexOutOfBoundsException'> (0x000000076dc56568) thrown at [C:\jenkins\workspace\8-2-build-windows-amd64-cygwin\jdk8u291\1294\hotspot\src\share\vm\runtime\sharedRuntime.cpp, line 609]
Event: 6.940 Thread 0x000001b3746b5000 Exception <a 'java/lang/ArrayIndexOutOfBoundsException'> (0x000000076dc575b0) thrown at [C:\jenkins\workspace\8-2-build-windows-amd64-cygwin\jdk8u291\1294\hotspot\src\share\vm\runtime\sharedRuntime.cpp, line 609]
Event: 6.940 Thread 0x000001b3746b5000 Exception <a 'java/lang/ArrayIndexOutOfBoundsException'> (0x000000076dc5b638) thrown at [C:\jenkins\workspace\8-2-build-windows-amd64-cygwin\jdk8u291\1294\hotspot\src\share\vm\runtime\sharedRuntime.cpp, line 609]
Event: 6.940 Thread 0x000001b3746b5000 Exception <a 'java/lang/ArrayIndexOutOfBoundsException'> (0x000000076dc5c218) thrown at [C:\jenkins\workspace\8-2-build-windows-amd64-cygwin\jdk8u291\1294\hotspot\src\share\vm\runtime\sharedRuntime.cpp, line 609]
Event: 7.650 Thread 0x000001b3121f4000 Exception <a 'java/lang/ArrayIndexOutOfBoundsException'> (0x000000076dd63818) thrown at [C:\jenkins\workspace\8-2-build-windows-amd64-cygwin\jdk8u291\1294\hotspot\src\share\vm\runtime\sharedRuntime.cpp, line 609]
Event: 7.930 Thread 0x000001b319f89000 Implicit null exception at 0x000001b30095e33e to 0x000001b30095e719
Event: 7.949 Thread 0x000001b3121f5800 Implicit null exception at 0x000001b300879464 to 0x000001b300879d81
Event: 14.875 Thread 0x000001b319f89000 Implicit null exception at 0x000001b300c4d778 to 0x000001b300c4dff5
Event: 15.027 Thread 0x000001b319f89000 Implicit null exception at 0x000001b300c41966 to 0x000001b300c42101
Event: 40.638 Thread 0x000001b319f89000 Implicit null exception at 0x000001b300b07145 to 0x000001b300b08111

Events (10 events):
Event: 49.940 loading class sun/java2d/pipe/hw/AccelDeviceEventNotifier
Event: 49.940 loading class sun/java2d/pipe/hw/AccelDeviceEventNotifier done
Event: 49.940 Thread 0x000001b31a3b1000 Thread exited: 0x000001b31a3b1000
Event: 49.940 Thread 0x000001b3121f4000 Thread exited: 0x000001b3121f4000
Event: 49.940 Thread 0x000001b312dea000 Thread exited: 0x000001b312dea000
Event: 49.941 Thread 0x000001b3121f3800 Thread exited: 0x000001b3121f3800
Event: 49.941 Thread 0x000001b31a3af800 Thread exited: 0x000001b31a3af800
Event: 49.949 Thread 0x000001b312940000 Thread exited: 0x000001b312940000
Event: 50.041 Thread 0x000001b3121f2800 Thread exited: 0x000001b3121f2800
Event: 50.041 Executing VM operation: Exit


Dynamic libraries:
0x00007ff66f720000 - 0x00007ff66f767000 	C:\Program Files\Java\jdk1.8.0_291\bin\java.exe
0x00007ffbb9d10000 - 0x00007ffbb9f06000 	C:\Windows\SYSTEM32\ntdll.dll
0x00007ffbb81d0000 - 0x00007ffbb828d000 	C:\Windows\System32\KERNEL32.DLL
0x00007ffbb7690000 - 0x00007ffbb7958000 	C:\Windows\System32\KERNELBASE.dll
0x00007ffbb3f60000 - 0x00007ffbb3ff0000 	C:\Windows\SYSTEM32\apphelp.dll
0x00007ffbb8ed0000 - 0x00007ffbb8f7c000 	C:\Windows\System32\ADVAPI32.dll
0x00007ffbb8b20000 - 0x00007ffbb8bbe000 	C:\Windows\System32\msvcrt.dll
0x00007ffbb8d00000 - 0x00007ffbb8d9b000 	C:\Windows\System32\sechost.dll
0x00007ffbb8da0000 - 0x00007ffbb8ec4000 	C:\Windows\System32\RPCRT4.dll
0x00007ffbb7ee0000 - 0x00007ffbb8080000 	C:\Windows\System32\USER32.dll
0x00007ffbb7d40000 - 0x00007ffbb7d62000 	C:\Windows\System32\win32u.dll
0x00007ffbb8c70000 - 0x00007ffbb8c9a000 	C:\Windows\System32\GDI32.dll
0x00007ffbb7a90000 - 0x00007ffbb7b99000 	C:\Windows\System32\gdi32full.dll
0x00007ffbb7ca0000 - 0x00007ffbb7d3d000 	C:\Windows\System32\msvcp_win.dll
0x00007ffbb7ba0000 - 0x00007ffbb7ca0000 	C:\Windows\System32\ucrtbase.dll
0x00007ffba62f0000 - 0x00007ffba658b000 	C:\Windows\WinSxS\amd64_microsoft.windows.common-controls_6595b64144ccf1df_6.0.19041.488_none_ca04af081b815d21\COMCTL32.dll
0x00007ffbb7eb0000 - 0x00007ffbb7ee0000 	C:\Windows\System32\IMM32.DLL
0x00007ffbaec10000 - 0x00007ffbaec25000 	C:\Program Files\Java\jdk1.8.0_291\jre\bin\vcruntime140.dll
0x00007ffb9a140000 - 0x00007ffb9a1db000 	C:\Program Files\Java\jdk1.8.0_291\jre\bin\msvcp140.dll
0x0000000071720000 - 0x0000000071f80000 	C:\Program Files\Java\jdk1.8.0_291\jre\bin\server\jvm.dll
0x00007ffbb83f0000 - 0x00007ffbb83f8000 	C:\Windows\System32\PSAPI.DLL
0x00007ffb9c940000 - 0x00007ffb9c949000 	C:\Windows\SYSTEM32\WSOCK32.dll
0x00007ffbaae40000 - 0x00007ffbaae67000 	C:\Windows\SYSTEM32\WINMM.dll
0x00007ffbb1f10000 - 0x00007ffbb1f1a000 	C:\Windows\SYSTEM32\VERSION.dll
0x00007ffbb8160000 - 0x00007ffbb81cb000 	C:\Windows\System32\WS2_32.dll
0x00007ffbb53c0000 - 0x00007ffbb53d2000 	C:\Windows\SYSTEM32\kernel.appcore.dll
0x00007ffbaec00000 - 0x00007ffbaec10000 	C:\Program Files\Java\jdk1.8.0_291\jre\bin\verify.dll
0x00007ffb9b750000 - 0x00007ffb9b77b000 	C:\Program Files\Java\jdk1.8.0_291\jre\bin\java.dll
0x00007ffbaebe0000 - 0x00007ffbaebf8000 	C:\Program Files\Java\jdk1.8.0_291\jre\bin\zip.dll
0x00007ffbb9520000 - 0x00007ffbb9c61000 	C:\Windows\System32\SHELL32.dll
0x00007ffbb55c0000 - 0x00007ffbb5d55000 	C:\Windows\SYSTEM32\windows.storage.dll
0x00007ffbb8490000 - 0x00007ffbb87e5000 	C:\Windows\System32\combase.dll
0x00007ffbb6ec0000 - 0x00007ffbb6eec000 	C:\Windows\SYSTEM32\Wldp.dll
0x00007ffbb8bc0000 - 0x00007ffbb8c6e000 	C:\Windows\System32\SHCORE.dll
0x00007ffbb8ac0000 - 0x00007ffbb8b15000 	C:\Windows\System32\shlwapi.dll
0x00007ffbb7380000 - 0x00007ffbb73a6000 	C:\Windows\SYSTEM32\profapi.dll
0x00007ffb9a1e0000 - 0x00007ffb9a375000 	C:\Program Files\Java\jdk1.8.0_291\jre\bin\awt.dll
0x00007ffbb9450000 - 0x00007ffbb951d000 	C:\Windows\System32\OLEAUT32.dll
0x00007ffbb51e0000 - 0x00007ffbb520f000 	C:\Windows\system32\DWMAPI.DLL
0x00007ffbb4ee0000 - 0x00007ffbb4f7e000 	C:\Windows\system32\uxtheme.dll
0x00007ffb9a010000 - 0x00007ffb9a135000 	C:\Windows\system32\opengl32.dll
0x00007ffbb1cf0000 - 0x00007ffbb1d1c000 	C:\Windows\SYSTEM32\GLU32.dll
0x00007ffbb87f0000 - 0x00007ffbb8905000 	C:\Windows\System32\MSCTF.dll
0x00007ffbb8290000 - 0x00007ffbb83ba000 	C:\Windows\System32\ole32.dll
0x00007ffbb75b0000 - 0x00007ffbb762f000 	C:\Windows\System32\bcryptPrimitives.dll
0x00007ffbb7040000 - 0x00007ffbb7052000 	C:\Windows\SYSTEM32\msasn1.dll
0x00007ffbb1e40000 - 0x00007ffbb1e71000 	C:\Windows\SYSTEM32\cryptnet.dll
0x00007ffbb7450000 - 0x00007ffbb75ad000 	C:\Windows\System32\CRYPT32.dll
0x00007ffbb6e30000 - 0x00007ffbb6e3c000 	C:\Windows\SYSTEM32\cryptbase.dll
0x00007ffbb7630000 - 0x00007ffbb7690000 	C:\Windows\System32\WINTRUST.DLL
0x00007ffbb83d0000 - 0x00007ffbb83ed000 	C:\Windows\System32\imagehlp.dll
0x00007ffbb6e10000 - 0x00007ffbb6e28000 	C:\Windows\SYSTEM32\CRYPTSP.dll
0x00007ffbb6560000 - 0x00007ffbb6594000 	C:\Windows\system32\rsaenh.dll
0x00007ffbb7a60000 - 0x00007ffbb7a87000 	C:\Windows\System32\bcrypt.dll
0x00007ffbb5d70000 - 0x00007ffbb5d93000 	C:\Windows\SYSTEM32\gpapi.dll
0x00007ffbaedc0000 - 0x00007ffbaedfb000 	C:\Windows\SYSTEM32\dxcore.dll
0x00007ffbb7a10000 - 0x00007ffbb7a5e000 	C:\Windows\System32\cfgmgr32.dll
0x00007ffb888d0000 - 0x00007ffb88902000 	C:\Program Files\Java\jdk1.8.0_291\jre\bin\jpeg.dll
0x00007ffb99fc0000 - 0x00007ffb9a009000 	C:\Program Files\Java\jdk1.8.0_291\jre\bin\fontmanager.dll
0x00007ffba74b0000 - 0x00007ffba75ac000 	C:\Windows\SYSTEM32\textinputframework.dll
0x00007ffbb38a0000 - 0x00007ffbb3bfe000 	C:\Windows\System32\CoreUIComponents.dll
0x00007ffbb3c00000 - 0x00007ffbb3cf2000 	C:\Windows\System32\CoreMessaging.dll
0x00007ffbb6190000 - 0x00007ffbb61c3000 	C:\Windows\SYSTEM32\ntmarta.dll
0x00007ffbb4150000 - 0x00007ffbb42a6000 	C:\Windows\SYSTEM32\wintypes.dll
0x00007ffbb1d40000 - 0x00007ffbb1d5c000 	C:\Program Files\Java\jdk1.8.0_291\jre\bin\net.dll
0x00007ffbb6c40000 - 0x00007ffbb6caa000 	C:\Windows\system32\mswsock.dll
0x00007ffbb1d20000 - 0x00007ffbb1d33000 	C:\Program Files\Java\jdk1.8.0_291\jre\bin\nio.dll
0x00007ffb99f70000 - 0x00007ffb99fb3000 	C:\Program Files\Java\jdk1.8.0_291\jre\bin\t2k.dll
0x00007ffb9bf20000 - 0x00007ffb9bf27000 	C:\Program Files\Java\jdk1.8.0_291\jre\bin\jawt.dll
0x00007ffbb7340000 - 0x00007ffbb736e000 	C:\Windows\SYSTEM32\USERENV.dll
0x00007ffbb68e0000 - 0x00007ffbb691b000 	C:\Windows\SYSTEM32\IPHLPAPI.DLL
0x00007ffbb83c0000 - 0x00007ffbb83c8000 	C:\Windows\System32\NSI.dll
0x00007ffbb1fd0000 - 0x00007ffbb1fe7000 	C:\Windows\SYSTEM32\dhcpcsvc6.DLL
0x00007ffbb1fb0000 - 0x00007ffbb1fcd000 	C:\Windows\SYSTEM32\dhcpcsvc.DLL
0x00007ffbb6920000 - 0x00007ffbb69eb000 	C:\Windows\SYSTEM32\DNSAPI.dll
0x00007ffb9b940000 - 0x00007ffb9b946000 	C:\Users\Claud\AppData\Local\Temp\flatlaf.temp\flatlaf-windows-x86_64-4237115574701138120.dll
0x00007ffbb7d70000 - 0x00007ffbb7e19000 	C:\Windows\System32\clbcatq.dll
0x00007ffbb4c60000 - 0x00007ffbb4e14000 	C:\Windows\SYSTEM32\WindowsCodecs.dll
0x00007ffba1090000 - 0x00007ffba10ce000 	C:\Windows\system32\dataexchange.dll
0x00007ffbb2a50000 - 0x00007ffbb2cb4000 	C:\Windows\system32\d3d11.dll
0x00007ffbb3160000 - 0x00007ffbb3345000 	C:\Windows\system32\dcomp.dll
0x00007ffbb5da0000 - 0x00007ffbb5e93000 	C:\Windows\system32\dxgi.dll
0x00007ffbb0f90000 - 0x00007ffbb1198000 	C:\Windows\system32\twinapi.appcore.dll
0x00007ffb881a0000 - 0x00007ffb881e4000 	C:\Users\Claud\AppData\Local\Temp\jna-65190279\jna367553968419424762.dll
0x00007ffb76360000 - 0x00007ffb76536000 	C:\Users\Claud\AppData\Local\Temp\SDKDLL.dll
0x00007ffbb8f80000 - 0x00007ffbb93e7000 	C:\Windows\System32\SETUPAPI.dll
0x00007ffb9ebf0000 - 0x00007ffb9ec39000 	C:\Windows\SYSTEM32\pdh.dll
0x00007ffb963d0000 - 0x00007ffb9645e000 	C:\Windows\SYSTEM32\WINSPOOL.DRV
0x00007ffbb5d60000 - 0x00007ffbb5d6d000 	C:\Windows\SYSTEM32\HID.DLL
0x00007ffbb21f0000 - 0x00007ffbb2204000 	C:\Windows\SYSTEM32\Wtsapi32.dll
0x00007ffbb6420000 - 0x00007ffbb647a000 	C:\Windows\SYSTEM32\WINSTA.dll
0x00007ffbb7200000 - 0x00007ffbb722c000 	C:\Windows\System32\DEVOBJ.dll
0x0000000180000000 - 0x0000000180058000 	D:\Projeto\RGB\lib\com4j-amd64.dll
0x00007ffb779b0000 - 0x00007ffb77a75000 	C:\Program Files\ASUS\AuraSDK\AuraSdk_x64.dll
0x00007ffbb7250000 - 0x00007ffbb72f2000 	C:\Windows\SYSTEM32\sxs.dll
0x00007ffb78460000 - 0x00007ffb784a2000 	C:\Program Files\ENE\Aac_ENE RGB HAL\x64\AacHal_x64.dll
0x00007ffb77f90000 - 0x00007ffb77ff8000 	C:\Program Files\ENE\Aac_ENE RGB HAL\x64\SB_SMBUS_SDK.dll
0x00007ffb7b150000 - 0x00007ffb7b184000 	C:\Program Files\Patriot\Aac_Patriot Viper DRAM RGB\AacHal_x64.dll
0x000001b31c390000 - 0x000001b31c3b6000 	C:\Program Files\Patriot\Aac_Patriot Viper DRAM RGB\MsIo64_Patriot.dll
0x00007ffb78420000 - 0x00007ffb78454000 	C:\Program Files\PHISON\Aac_PHISON HAL\AacHal_x64.dll
0x00007ffb9b620000 - 0x00007ffb9b630000 	C:\Program Files\PHISON\Aac_PHISON HAL\Phison_x64.dll
0x00007ffb762a0000 - 0x00007ffb76354000 	C:\Program Files\PHISON\Aac_PHISON HAL\pcie_dll_x64.dll
0x00007ffb77f50000 - 0x00007ffb77f86000 	C:\Program Files\Patriot\Aac_Patriot Viper M2 SSD RGB\AacHal_x64.dll
0x00007ffb77220000 - 0x00007ffb7725c000 	C:\Program Files\ENE\Aac_ENE_AIC_Marvell_HAL\AacHal_x64.dll
0x00007ffb77060000 - 0x00007ffb77094000 	C:\Program Files\PD\Aac_Universal Holtek RGB DRAM\AacHal_x64.dll
0x000001b31c770000 - 0x000001b31c797000 	C:\Program Files\PD\Aac_Universal Holtek RGB DRAM\MsIo64_UH.dll
0x00007ffb76260000 - 0x00007ffb76299000 	C:\Program Files\ASUS\AacVGAHal\AacVgaHal_x64.dll
0x00007ffb6e6e0000 - 0x00007ffb6e98d000 	C:\Program Files\ASUS\AacVGAHal\LED_DLL_forMB_x64.dll
0x00007ffbadba0000 - 0x00007ffbadd46000 	C:\Windows\WinSxS\amd64_microsoft.windows.gdiplus_6595b64144ccf1df_1.1.19041.630_none_fae7a41d761b04f0\gdiplus.dll
0x00007ffbb3e90000 - 0x00007ffbb3e97000 	C:\Windows\SYSTEM32\MSIMG32.dll
0x00007ffbae0a0000 - 0x00007ffbae106000 	C:\Windows\SYSTEM32\OLEACC.dll
0x00007ffb6deb0000 - 0x00007ffb6e15c000 	C:\Program Files\ASUS\AacVGAHal\VGA_Extra_x64.dll
0x00007ffb6d700000 - 0x00007ffb6dc5b000 	C:\Program Files\ASUS\AacVGAHal\Vender_x64.dll
0x00007ffb76220000 - 0x00007ffb76258000 	C:\Windows\SYSTEM32\oledlg.dll
0x00007ffbaa680000 - 0x00007ffbaad55000 	C:\Windows\SYSTEM32\nvapi64.dll
0x00007ffb72090000 - 0x00007ffb7218e000 	C:\Program Files\ASUS\Aac_AIOFan\AacAIOFanHal_x64.dll
0x00007ffbb19b0000 - 0x00007ffbb19ba000 	C:\Windows\SYSTEM32\AVRT.dll
0x00007ffb942c0000 - 0x00007ffb942cc000 	C:\Windows\SYSTEM32\WINUSB.DLL
0x00007ffb761a0000 - 0x00007ffb76218000 	C:\Users\Claud\AppData\Local\Temp\jna-65190279\jna4870488195217913796.dll
0x00007ffb9b100000 - 0x00007ffb9b10d000 	C:\Program Files\Java\jdk1.8.0_291\jre\bin\jsound.dll
0x00007ffb99ec0000 - 0x00007ffb99ecd000 	C:\Program Files\Java\jdk1.8.0_291\jre\bin\jsoundds.dll
0x00007ffb74980000 - 0x00007ffb74a1c000 	C:\Windows\SYSTEM32\DSOUND.dll
0x00007ffbb6a00000 - 0x00007ffbb6a4b000 	C:\Windows\SYSTEM32\powrprof.dll
0x00007ffb9d740000 - 0x00007ffb9d766000 	C:\Windows\SYSTEM32\winmmbase.dll
0x00007ffbb68c0000 - 0x00007ffbb68d2000 	C:\Windows\SYSTEM32\UMPDC.dll
0x00007ffbb1350000 - 0x00007ffbb13d5000 	C:\Windows\SYSTEM32\MMDevAPI.DLL
0x00007ffb6ec00000 - 0x00007ffb6ec46000 	C:\Windows\SYSTEM32\wdmaud.drv
0x00007ffbb3e80000 - 0x00007ffbb3e89000 	C:\Windows\SYSTEM32\ksuser.dll

VM Arguments:
jvm_args: -Dfile.encoding=UTF-8 
java_command: RGB.Splash
java_class_path (initial): D:\Projeto\RGB\lib\AbsoluteLayout.jar;D:\Projeto\RGB\lib\HID API.jar;D:\Projeto\RGB\lib\com4j-2.1.jar;D:\Projeto\RGB\lib\commons-lang3-3.12.0.jar;D:\Projeto\RGB\lib\commons-math3-3.6.1.jar;D:\Projeto\RGB\lib\flatlaf-1.1.jar;D:\Projeto\RGB\lib\flatlaf-intellij-themes-1.1.jar;D:\Projeto\RGB\lib\gson-2.8.6.jar;D:\Projeto\RGB\lib\guava-30.1.1-jre.jar;D:\Projeto\RGB\lib\jna-5.8.0.jar;D:\Projeto\RGB\lib\jna-platform-5.8.0.jar;D:\Projeto\RGB\lib\lombok.jar;D:\Projeto\RGB\lib\SDK MODIFICADAS\AURA\dist\AuraSDK.jar;D:\Projeto\RGB\lib\SDK MODIFICADAS\CoolerMaster\dist\CoolerMasterSDK.jar;D:\Projeto\RGB\lib\SDK MODIFICADAS\ICue\dist\ICueSDKCorsair.jar;D:\Projeto\RGB\lib\SDK MODIFICADAS\Logiled\dist\LogiledSdk.jar;D:\Projeto\RGB\COMPILACAO\build\classes
Launcher Type: SUN_STANDARD

Environment Variables:
JAVA_HOME=C:\Program Files\Java\jdk1.8.0_291
PATH=C:\Program Files (x86)\Common Files\Oracle\Java\javapath;C:\Windows\system32;C:\Windows;C:\Windows\System32\Wbem;C:\Windows\System32\WindowsPowerShell\v1.0\;C:\Windows\System32\OpenSSH\;C:\Program Files\dotnet\;C:\Users\Claud\AppData\Local\Microsoft\WindowsApps;C:\Users\Claud\.dotnet\tools;C:\Program Files\Java\jdk1.8.0_291\bin
USERNAME=Claud
OS=Windows_NT
PROCESSOR_IDENTIFIER=Intel64 Family 6 Model 158 Stepping 13, GenuineIntel



---------------  S Y S T E M  ---------------

OS: Windows 10.0 , 64 bit Build 19041 (10.0.19041.546)

CPU:total 16 (initial active 16) (8 cores per cpu, 2 threads per core) family 6 model 158 stepping 13, cmov, cx8, fxsr, mmx, sse, sse2, sse3, ssse3, sse4.1, sse4.2, popcnt, avx, avx2, aes, clmul, erms, 3dnowpref, lzcnt, ht, tsc, tscinvbit, bmi1, bmi2, adx

Memory: 4k page, physical 16684956k(9408844k free), swap 19699612k(9545056k free)

vm_info: Java HotSpot(TM) 64-Bit Server VM (25.291-b10) for windows-amd64 JRE (1.8.0_291-b10), built on Apr  9 2021 00:02:00 by "java_re" with MS VC++ 15.9 (VS2017)

time: Sat May 22 17:14:50 2021
timezone: Hora oficial do Brasil
elapsed time: 50.592867 seconds (0d 0h 0m 50s)

