#
# A fatal error has been detected by the Java Runtime Environment:
#
#  EXCEPTION_UNCAUGHT_CXX_EXCEPTION (0xe06d7363) at pc=0x00007ffc7a8c3e49, pid=8548, tid=0x0000000000000b3c
#
# JRE version: Java(TM) SE Runtime Environment (8.0_291-b10) (build 1.8.0_291-b10)
# Java VM: Java HotSpot(TM) 64-Bit Server VM (25.291-b10 mixed mode windows-amd64 compressed oops)
# Problematic frame:
# C  [KERNELBASE.dll+0x23e49]
#
# Failed to write core dump. Minidumps are not enabled by default on client versions of Windows
#
# If you would like to submit a bug report, please visit:
#   http://bugreport.java.com/bugreport/crash.jsp
#

---------------  T H R E A D  ---------------

Current thread (0x000001907c255000):  VMThread [stack: 0x0000000de8a00000,0x0000000de8b00000] [id=2876]

siginfo: ExceptionCode=0xe06d7363, ExceptionInformation=0x0000000019930520 0x0000000de8aff2b0 0x00007ffc45193108 0x00007ffc45140000 

Registers:
RAX=0x00007ffc7cb5b131, RBX=0x0000000de8aff2b0, RCX=0x000001907854f990, RDX=0x00007ffc450a1004
RSP=0x0000000de8aff130, RBP=0x0000000000000000, RSI=0x00007ffc4519e1c0, RDI=0x00007ffc45193108
R8 =0x0000000000000000, R9 =0x0000000000000000, R10=0x0000000000000000, R11=0x0000000000000000
R12=0x00007ffc451831e8, R13=0x000001907854f990, R14=0x00007ffc45140000, R15=0x0000000000000001
RIP=0x00007ffc7a8c3e49, EFLAGS=0x0000000000000206

Top of Stack: (sp=0x0000000de8aff130)
0x0000000de8aff130:   0000000000000000 0000000de8aff2b0
0x0000000de8aff140:   00007ffc4519e1c0 00007ffc451831e8
0x0000000de8aff150:   00000001e06d7363 0000000000000000
0x0000000de8aff160:   00007ffc7a8c3e49 00007ffc00000004
0x0000000de8aff170:   0000000019930520 0000000de8aff2b0
0x0000000de8aff180:   00007ffc45193108 00007ffc45140000
0x0000000de8aff190:   000001907854f990 00007ffc451831e8
0x0000000de8aff1a0:   00007ffc4519e1c0 0000000000000000
0x0000000de8aff1b0:   0000000de8aff280 00007ffc7cb366af
0x0000000de8aff1c0:   00007ffc45193108 00007ffc00000000
0x0000000de8aff1d0:   00007ffc00000040 0000000000000000
0x0000000de8aff1e0:   00007ffc451a0000 00007ffc45140000
0x0000000de8aff1f0:   0000996ab7c7ccc9 00007ffc45158193
0x0000000de8aff200:   0000000de8aff2b0 00007ffc451632e2
0x0000000de8aff210:   fffffffffffffffe 00007ffc4514fdd8
0x0000000de8aff220:   000001907854f990 00007ffc451831e8 

Instructions: (pc=0x00007ffc7a8c3e49)
0x00007ffc7a8c3e29:   8b d1 44 0f 47 c0 44 89 44 24 38 49 c1 e0 03 e8
0x00007ffc7a8c3e39:   da c5 06 00 48 8d 4c 24 20 48 ff 15 ff ab 19 00
0x00007ffc7a8c3e49:   0f 1f 44 00 00 48 8b 8c 24 c0 00 00 00 48 33 cc
0x00007ffc7a8c3e59:   e8 32 8c 06 00 48 81 c4 d8 00 00 00 c3 cc 83 64 


Register to memory mapping:

RAX=0x00007ffc7cb5b131 is an unknown value
RBX=0x0000000de8aff2b0 is an unknown value
RCX=0x000001907854f990 is an unknown value
RDX=0x00007ffc450a1004 is an unknown value
RSP=0x0000000de8aff130 is an unknown value
RBP=0x0000000000000000 is an unknown value
RSI=0x00007ffc4519e1c0 is an unknown value
RDI=0x00007ffc45193108 is an unknown value
R8 =0x0000000000000000 is an unknown value
R9 =0x0000000000000000 is an unknown value
R10=0x0000000000000000 is an unknown value
R11=0x0000000000000000 is an unknown value
R12=0x00007ffc451831e8 is an unknown value
R13=0x000001907854f990 is an unknown value
R14=0x00007ffc45140000 is an unknown value
R15=0x0000000000000001 is an unknown value


Stack: [0x0000000de8a00000,0x0000000de8b00000],  sp=0x0000000de8aff130,  free space=1020k
Native frames: (J=compiled Java code, j=interpreted, Vv=VM code, C=native code)

VM_Operation (0x0000000dea3fc710): Exit, mode: safepoint, requested by thread 0x000001901dca9800


---------------  P R O C E S S  ---------------

Java Threads: ( => current thread )
  0x000001901e31c800 JavaThread "DestroyJavaVM" [_thread_blocked, id=10244, stack(0x0000000de7c00000,0x0000000de7d00000)]
  0x000001901e01a000 JavaThread "DeviceRemovalHandler" daemon [_thread_in_native, id=2532, stack(0x0000000dea900000,0x0000000deaa00000)]
  0x000001901df72000 JavaThread "TimerQueue" daemon [_thread_blocked, id=6796, stack(0x0000000dea500000,0x0000000dea600000)]
  0x000001901dca9800 JavaThread "AWT-EventQueue-0" [_thread_blocked, id=8432, stack(0x0000000dea300000,0x0000000dea400000)]
  0x000001907f8a1800 JavaThread "AWT-Shutdown" [_thread_blocked, id=8540, stack(0x0000000de9e00000,0x0000000de9f00000)]
  0x000001907f89e000 JavaThread "Java2D Disposer" daemon [_thread_blocked, id=12248, stack(0x0000000de9d00000,0x0000000de9e00000)]
  0x000001907f058800 JavaThread "Service Thread" daemon [_thread_blocked, id=8264, stack(0x0000000de9b00000,0x0000000de9c00000)]
  0x000001907ef98800 JavaThread "C1 CompilerThread11" daemon [_thread_blocked, id=5540, stack(0x0000000de9a00000,0x0000000de9b00000)]
  0x000001907ef9d800 JavaThread "C1 CompilerThread10" daemon [_thread_blocked, id=6632, stack(0x0000000de9900000,0x0000000de9a00000)]
  0x000001907ef97000 JavaThread "C1 CompilerThread9" daemon [_thread_blocked, id=13996, stack(0x0000000de9800000,0x0000000de9900000)]
  0x000001907ef9a800 JavaThread "C1 CompilerThread8" daemon [_thread_blocked, id=6108, stack(0x0000000de9700000,0x0000000de9800000)]
  0x000001907ef9a000 JavaThread "C2 CompilerThread7" daemon [_thread_blocked, id=12860, stack(0x0000000de9600000,0x0000000de9700000)]
  0x000001907ef99000 JavaThread "C2 CompilerThread6" daemon [_thread_blocked, id=7556, stack(0x0000000de9500000,0x0000000de9600000)]
  0x000001907ef97800 JavaThread "C2 CompilerThread5" daemon [_thread_blocked, id=10364, stack(0x0000000de9400000,0x0000000de9500000)]
  0x000001907ef9c000 JavaThread "C2 CompilerThread4" daemon [_thread_blocked, id=3148, stack(0x0000000de9300000,0x0000000de9400000)]
  0x000001907ef9b800 JavaThread "C2 CompilerThread3" daemon [_thread_blocked, id=6684, stack(0x0000000de9200000,0x0000000de9300000)]
  0x000001907c27d000 JavaThread "C2 CompilerThread2" daemon [_thread_blocked, id=10372, stack(0x0000000de9100000,0x0000000de9200000)]
  0x000001907c27b000 JavaThread "C2 CompilerThread1" daemon [_thread_blocked, id=6152, stack(0x0000000de9000000,0x0000000de9100000)]
  0x000001907ef94800 JavaThread "C2 CompilerThread0" daemon [_thread_blocked, id=10080, stack(0x0000000de8f00000,0x0000000de9000000)]
  0x000001907ef93000 JavaThread "Attach Listener" daemon [_thread_blocked, id=11968, stack(0x0000000de8e00000,0x0000000de8f00000)]
  0x000001907ef8e800 JavaThread "Signal Dispatcher" daemon [_thread_blocked, id=212, stack(0x0000000de8d00000,0x0000000de8e00000)]
  0x000001907c263000 JavaThread "Finalizer" daemon [_thread_blocked, id=10352, stack(0x0000000de8c00000,0x0000000de8d00000)]
  0x000001907ef80800 JavaThread "Reference Handler" daemon [_thread_blocked, id=8876, stack(0x0000000de8b00000,0x0000000de8c00000)]

Other Threads:
=>0x000001907c255000 VMThread [stack: 0x0000000de8a00000,0x0000000de8b00000] [id=2876]

VM state:at safepoint (shutting down)

VM Mutex/Monitor currently owned by a thread:  ([mutex/lock_event])
[0x0000019078493e50] Threads_lock - owner thread: 0x000001907c255000

heap address: 0x00000006c1600000, size: 4074 MB, Compressed Oops mode: Zero based, Oop shift amount: 3
Narrow klass base: 0x0000000000000000, Narrow klass shift: 3
Compressed class space size: 1073741824 Address: 0x00000007c0000000

Heap:
 PSYoungGen      total 76288K, used 20162K [0x000000076b200000, 0x0000000770700000, 0x00000007c0000000)
  eden space 65536K, 30% used [0x000000076b200000,0x000000076c5b0af8,0x000000076f200000)
  from space 10752K, 0% used [0x000000076f200000,0x000000076f200000,0x000000076fc80000)
  to   space 10752K, 0% used [0x000000076fc80000,0x000000076fc80000,0x0000000770700000)
 ParOldGen       total 78336K, used 9253K [0x00000006c1600000, 0x00000006c6280000, 0x000000076b200000)
  object space 78336K, 11% used [0x00000006c1600000,0x00000006c1f096d0,0x00000006c6280000)
 Metaspace       used 20889K, capacity 21380K, committed 21504K, reserved 1069056K
  class space    used 2638K, capacity 2768K, committed 2816K, reserved 1048576K

Card table byte_map: [0x000001907a230000,0x000001907aa30000] byte_map_base: 0x0000019076c25000

Marking Bits: (ParMarkBitMap*) 0x0000000050be7fe0
 Begin Bits: [0x000001900f000000, 0x0000019012fa8000)
 End Bits:   [0x0000019012fa8000, 0x0000019016f50000)

Polling page: 0x0000019078640000

CodeCache: size=245760Kb used=12023Kb max_used=12046Kb free=233736Kb
 bounds [0x0000019000000000, 0x0000019000be0000, 0x000001900f000000]
 total_blobs=3754 nmethods=3134 adapters=526
 compilation: enabled

Compilation events (10 events):
Event: 52.943 Thread 0x000001907ef97000 nmethod 3168 0x000001900038ee50 code [0x000001900038efc0, 0x000001900038f170]
Event: 52.943 Thread 0x000001907ef97000 3167       1       java.net.AbstractPlainSocketImpl::getTimeout (5 bytes)
Event: 52.943 Thread 0x000001907ef97000 nmethod 3167 0x000001900038ab90 code [0x000001900038ace0, 0x000001900038adf8]
Event: 52.943 Thread 0x000001907ef98800 nmethod 3169 0x000001900038e590 code [0x000001900038e740, 0x000001900038ed00]
Event: 52.943 Thread 0x000001907ef9d800 3170       3       com.google.gson.stream.JsonReader::nextString (197 bytes)
Event: 52.943 Thread 0x000001907ef97000 3171       1       Temperatura.hardware::getTemp (5 bytes)
Event: 52.943 Thread 0x000001907ef97000 nmethod 3171 0x0000019000390490 code [0x00000190003905e0, 0x00000190003906f8]
Event: 52.944 Thread 0x000001907ef9d800 nmethod 3170 0x0000019000bbfc90 code [0x0000019000bbff40, 0x0000019000bc10f0]
Event: 60.274 Thread 0x000001907ef97000 3172       3       java.util.logging.LogManager$LoggerContext::ensureDefaultLogger (70 bytes)
Event: 60.274 Thread 0x000001907ef97000 nmethod 3172 0x0000019000387b50 code [0x0000019000387d00, 0x00000190003885b0]

GC Heap History (4 events):
Event: 22.924 GC heap before
{Heap before GC invocations=1 (full 0):
 PSYoungGen      total 76288K, used 57274K [0x000000076b200000, 0x0000000770700000, 0x00000007c0000000)
  eden space 65536K, 87% used [0x000000076b200000,0x000000076e9eeac0,0x000000076f200000)
  from space 10752K, 0% used [0x000000076fc80000,0x000000076fc80000,0x0000000770700000)
  to   space 10752K, 0% used [0x000000076f200000,0x000000076f200000,0x000000076fc80000)
 ParOldGen       total 175104K, used 0K [0x00000006c1600000, 0x00000006cc100000, 0x000000076b200000)
  object space 175104K, 0% used [0x00000006c1600000,0x00000006c1600000,0x00000006cc100000)
 Metaspace       used 20713K, capacity 21170K, committed 21248K, reserved 1067008K
  class space    used 2633K, capacity 2765K, committed 2816K, reserved 1048576K
Event: 22.928 GC heap after
Heap after GC invocations=1 (full 0):
 PSYoungGen      total 76288K, used 10728K [0x000000076b200000, 0x0000000770700000, 0x00000007c0000000)
  eden space 65536K, 0% used [0x000000076b200000,0x000000076b200000,0x000000076f200000)
  from space 10752K, 99% used [0x000000076f200000,0x000000076fc7a2f0,0x000000076fc80000)
  to   space 10752K, 0% used [0x000000076fc80000,0x000000076fc80000,0x0000000770700000)
 ParOldGen       total 175104K, used 3465K [0x00000006c1600000, 0x00000006cc100000, 0x000000076b200000)
  object space 175104K, 1% used [0x00000006c1600000,0x00000006c1962770,0x00000006cc100000)
 Metaspace       used 20713K, capacity 21170K, committed 21248K, reserved 1067008K
  class space    used 2633K, capacity 2765K, committed 2816K, reserved 1048576K
}
Event: 22.928 GC heap before
{Heap before GC invocations=2 (full 1):
 PSYoungGen      total 76288K, used 10728K [0x000000076b200000, 0x0000000770700000, 0x00000007c0000000)
  eden space 65536K, 0% used [0x000000076b200000,0x000000076b200000,0x000000076f200000)
  from space 10752K, 99% used [0x000000076f200000,0x000000076fc7a2f0,0x000000076fc80000)
  to   space 10752K, 0% used [0x000000076fc80000,0x000000076fc80000,0x0000000770700000)
 ParOldGen       total 175104K, used 3465K [0x00000006c1600000, 0x00000006cc100000, 0x000000076b200000)
  object space 175104K, 1% used [0x00000006c1600000,0x00000006c1962770,0x00000006cc100000)
 Metaspace       used 20713K, capacity 21170K, committed 21248K, reserved 1067008K
  class space    used 2633K, capacity 2765K, committed 2816K, reserved 1048576K
Event: 22.962 GC heap after
Heap after GC invocations=2 (full 1):
 PSYoungGen      total 76288K, used 0K [0x000000076b200000, 0x0000000770700000, 0x00000007c0000000)
  eden space 65536K, 0% used [0x000000076b200000,0x000000076b200000,0x000000076f200000)
  from space 10752K, 0% used [0x000000076f200000,0x000000076f200000,0x000000076fc80000)
  to   space 10752K, 0% used [0x000000076fc80000,0x000000076fc80000,0x0000000770700000)
 ParOldGen       total 78336K, used 9253K [0x00000006c1600000, 0x00000006c6280000, 0x000000076b200000)
  object space 78336K, 11% used [0x00000006c1600000,0x00000006c1f096d0,0x00000006c6280000)
 Metaspace       used 20713K, capacity 21170K, committed 21248K, reserved 1067008K
  class space    used 2633K, capacity 2765K, committed 2816K, reserved 1048576K
}

Deoptimization events (10 events):
Event: 14.491 Thread 0x000001901dca9800 Uncommon trap: reason=bimorphic action=maybe_recompile pc=0x00000190006b20a4 method=java.util.HashMap.putVal(ILjava/lang/Object;Ljava/lang/Object;ZZ)Ljava/lang/Object; @ 203
Event: 22.963 Thread 0x000001907c263000 Uncommon trap: reason=unstable_if action=reinterpret pc=0x00000190008c235c method=java.lang.ref.ReferenceQueue.poll()Ljava/lang/ref/Reference; @ 4
Event: 23.605 Thread 0x000001901dca9800 Uncommon trap: reason=unstable_if action=reinterpret pc=0x00000190006ab6c4 method=java.lang.ref.SoftReference.get()Ljava/lang/Object; @ 17
Event: 28.643 Thread 0x000001901e01a000 Uncommon trap: reason=unstable_if action=reinterpret pc=0x00000190005f5cf4 method=java.lang.ref.SoftReference.get()Ljava/lang/Object; @ 17
Event: 50.880 Thread 0x000001901dca9800 Uncommon trap: reason=unstable_if action=reinterpret pc=0x0000019000b9183c method=java.awt.EventQueue.getPriority(Ljava/awt/AWTEvent;)I @ 22
Event: 50.881 Thread 0x000001901dca9800 Uncommon trap: reason=unstable_if action=reinterpret pc=0x0000019000a8c9b0 method=sun.awt.AWTAutoShutdown.isReadyToShutdown()Z @ 16
Event: 50.882 Thread 0x000001907f8a8000 Uncommon trap: reason=unstable_if action=reinterpret pc=0x0000019000ba362c method=sun.awt.AWTAutoShutdown.isReadyToShutdown()Z @ 16
Event: 50.882 Thread 0x000001907f8a8000 Uncommon trap: reason=unstable_if action=reinterpret pc=0x0000019000bb15f4 method=sun.awt.AWTAutoShutdown.isReadyToShutdown()Z @ 16
Event: 50.973 Thread 0x000001907f8a8000 Uncommon trap: reason=unstable_if action=reinterpret pc=0x0000019000b7bd3c method=sun.awt.AWTAutoShutdown.isReadyToShutdown()Z @ 16
Event: 52.896 Thread 0x000001901dca9800 Uncommon trap: reason=unstable_if action=reinterpret pc=0x000001900071f350 method=java.lang.ref.SoftReference.get()Ljava/lang/Object; @ 17

Classes redefined (0 events):
No events

Internal exceptions (10 events):
Event: 0.853 Thread 0x0000019078496000 Exception <a 'java/lang/UnsatisfiedLinkError': Não foi possível encontrar o procedimento especificado.
> (0x000000076d53a740) thrown at [C:\jenkins\workspace\8-2-build-windows-amd64-cygwin\jdk8u291\1294\hotspot\src\share\vm\prims\jni.cpp, line 737]
Event: 7.780 Thread 0x0000019078496000 Exception <a 'java/lang/UnsatisfiedLinkError': Não foi possível encontrar o módulo especificado.
> (0x000000076d9f0758) thrown at [C:\jenkins\workspace\8-2-build-windows-amd64-cygwin\jdk8u291\1294\hotspot\src\share\vm\prims\jni.cpp, line 737]
Event: 7.781 Thread 0x0000019078496000 Exception <a 'java/lang/UnsatisfiedLinkError': Não foi possível encontrar o módulo especificado.
> (0x000000076d9f11b0) thrown at [C:\jenkins\workspace\8-2-build-windows-amd64-cygwin\jdk8u291\1294\hotspot\src\share\vm\prims\jni.cpp, line 737]
Event: 7.781 Thread 0x0000019078496000 Exception <a 'java/lang/UnsatisfiedLinkError': Não foi possível encontrar o módulo especificado.
> (0x000000076d9f1ad0) thrown at [C:\jenkins\workspace\8-2-build-windows-amd64-cygwin\jdk8u291\1294\hotspot\src\share\vm\prims\jni.cpp, line 737]
Event: 8.045 Thread 0x0000019078496000 Exception <a 'java/lang/ArrayIndexOutOfBoundsException'> (0x000000076dc5b648) thrown at [C:\jenkins\workspace\8-2-build-windows-amd64-cygwin\jdk8u291\1294\hotspot\src\share\vm\runtime\sharedRuntime.cpp, line 609]
Event: 8.045 Thread 0x0000019078496000 Exception <a 'java/lang/ArrayIndexOutOfBoundsException'> (0x000000076dc5c690) thrown at [C:\jenkins\workspace\8-2-build-windows-amd64-cygwin\jdk8u291\1294\hotspot\src\share\vm\runtime\sharedRuntime.cpp, line 609]
Event: 8.046 Thread 0x0000019078496000 Exception <a 'java/lang/ArrayIndexOutOfBoundsException'> (0x000000076dc60718) thrown at [C:\jenkins\workspace\8-2-build-windows-amd64-cygwin\jdk8u291\1294\hotspot\src\share\vm\runtime\sharedRuntime.cpp, line 609]
Event: 8.047 Thread 0x0000019078496000 Exception <a 'java/lang/ArrayIndexOutOfBoundsException'> (0x000000076dc612f8) thrown at [C:\jenkins\workspace\8-2-build-windows-amd64-cygwin\jdk8u291\1294\hotspot\src\share\vm\runtime\sharedRuntime.cpp, line 609]
Event: 8.753 Thread 0x000001901e317000 Exception <a 'java/lang/ArrayIndexOutOfBoundsException'> (0x000000076dd68500) thrown at [C:\jenkins\workspace\8-2-build-windows-amd64-cygwin\jdk8u291\1294\hotspot\src\share\vm\runtime\sharedRuntime.cpp, line 609]
Event: 9.048 Thread 0x000001901dca9800 Implicit null exception at 0x00000190008f753e to 0x00000190008f7919

Events (10 events):
Event: 60.272 Thread 0x000001901e31c000 Thread added: 0x000001901e31c000
Event: 60.273 Thread 0x000001901e31d800 Thread exited: 0x000001901e31d800
Event: 60.273 Thread 0x000001901dcd7000 Thread exited: 0x000001901dcd7000
Event: 60.274 Thread 0x000001901e316800 Thread exited: 0x000001901e316800
Event: 60.274 Thread 0x000001901e318800 Thread exited: 0x000001901e318800
Event: 60.274 Thread 0x000001901e319800 Thread exited: 0x000001901e319800
Event: 60.274 Thread 0x000001901e31c000 Thread exited: 0x000001901e31c000
Event: 60.288 Thread 0x000001907f8a8000 Thread exited: 0x000001907f8a8000
Event: 60.379 Thread 0x000001901e317000 Thread exited: 0x000001901e317000
Event: 60.380 Executing VM operation: Exit


Dynamic libraries:
0x00007ff722920000 - 0x00007ff722967000 	C:\Program Files\Java\jdk1.8.0_291\bin\java.exe
0x00007ffc7cb10000 - 0x00007ffc7cd06000 	C:\Windows\SYSTEM32\ntdll.dll
0x00007ffc7ca10000 - 0x00007ffc7cacd000 	C:\Windows\System32\KERNEL32.DLL
0x00007ffc7a8a0000 - 0x00007ffc7ab68000 	C:\Windows\System32\KERNELBASE.dll
0x00007ffc77b40000 - 0x00007ffc77bd0000 	C:\Windows\SYSTEM32\apphelp.dll
0x00007ffc7b650000 - 0x00007ffc7b6fc000 	C:\Windows\System32\ADVAPI32.dll
0x00007ffc7bb70000 - 0x00007ffc7bc0e000 	C:\Windows\System32\msvcrt.dll
0x00007ffc7c190000 - 0x00007ffc7c22b000 	C:\Windows\System32\sechost.dll
0x00007ffc7b420000 - 0x00007ffc7b544000 	C:\Windows\System32\RPCRT4.dll
0x00007ffc7bd60000 - 0x00007ffc7bf00000 	C:\Windows\System32\USER32.dll
0x00007ffc7a660000 - 0x00007ffc7a682000 	C:\Windows\System32\win32u.dll
0x00007ffc7ab70000 - 0x00007ffc7ab9a000 	C:\Windows\System32\GDI32.dll
0x00007ffc7a690000 - 0x00007ffc7a799000 	C:\Windows\System32\gdi32full.dll
0x00007ffc7a250000 - 0x00007ffc7a2ed000 	C:\Windows\System32\msvcp_win.dll
0x00007ffc7a7a0000 - 0x00007ffc7a8a0000 	C:\Windows\System32\ucrtbase.dll
0x00007ffc68340000 - 0x00007ffc685db000 	C:\Windows\WinSxS\amd64_microsoft.windows.common-controls_6595b64144ccf1df_6.0.19041.488_none_ca04af081b815d21\COMCTL32.dll
0x00007ffc7bc70000 - 0x00007ffc7bca0000 	C:\Windows\System32\IMM32.DLL
0x00007ffc49de0000 - 0x00007ffc49df5000 	C:\Program Files\Java\jdk1.8.0_291\jre\bin\vcruntime140.dll
0x00007ffc49940000 - 0x00007ffc499db000 	C:\Program Files\Java\jdk1.8.0_291\jre\bin\msvcp140.dll
0x0000000050400000 - 0x0000000050c60000 	C:\Program Files\Java\jdk1.8.0_291\jre\bin\server\jvm.dll
0x00007ffc7bd50000 - 0x00007ffc7bd58000 	C:\Windows\System32\PSAPI.DLL
0x00007ffc72630000 - 0x00007ffc7263a000 	C:\Windows\SYSTEM32\VERSION.dll
0x00007ffc59b00000 - 0x00007ffc59b09000 	C:\Windows\SYSTEM32\WSOCK32.dll
0x00007ffc70c40000 - 0x00007ffc70c67000 	C:\Windows\SYSTEM32\WINMM.dll
0x00007ffc7b5e0000 - 0x00007ffc7b64b000 	C:\Windows\System32\WS2_32.dll
0x00007ffc781c0000 - 0x00007ffc781d2000 	C:\Windows\SYSTEM32\kernel.appcore.dll
0x00007ffc67640000 - 0x00007ffc67650000 	C:\Program Files\Java\jdk1.8.0_291\jre\bin\verify.dll
0x00007ffc49d70000 - 0x00007ffc49d9b000 	C:\Program Files\Java\jdk1.8.0_291\jre\bin\java.dll
0x00007ffc49d50000 - 0x00007ffc49d68000 	C:\Program Files\Java\jdk1.8.0_291\jre\bin\zip.dll
0x00007ffc7c230000 - 0x00007ffc7c971000 	C:\Windows\System32\SHELL32.dll
0x00007ffc783c0000 - 0x00007ffc78b55000 	C:\Windows\SYSTEM32\windows.storage.dll
0x00007ffc7add0000 - 0x00007ffc7b125000 	C:\Windows\System32\combase.dll
0x00007ffc79cc0000 - 0x00007ffc79cec000 	C:\Windows\SYSTEM32\Wldp.dll
0x00007ffc7bca0000 - 0x00007ffc7bd4e000 	C:\Windows\System32\SHCORE.dll
0x00007ffc7bc10000 - 0x00007ffc7bc65000 	C:\Windows\System32\shlwapi.dll
0x00007ffc7a180000 - 0x00007ffc7a1a6000 	C:\Windows\SYSTEM32\profapi.dll
0x00007ffc499e0000 - 0x00007ffc49b75000 	C:\Program Files\Java\jdk1.8.0_291\jre\bin\awt.dll
0x00007ffc7b350000 - 0x00007ffc7b41d000 	C:\Windows\System32\OLEAUT32.dll
0x00007ffc77fe0000 - 0x00007ffc7800f000 	C:\Windows\system32\DWMAPI.DLL
0x00007ffc77ce0000 - 0x00007ffc77d7e000 	C:\Windows\system32\uxtheme.dll
0x00007ffc49740000 - 0x00007ffc49865000 	C:\Windows\system32\opengl32.dll
0x00007ffc49c10000 - 0x00007ffc49c3c000 	C:\Windows\SYSTEM32\GLU32.dll
0x00007ffc7aba0000 - 0x00007ffc7acb5000 	C:\Windows\System32\MSCTF.dll
0x00007ffc7b220000 - 0x00007ffc7b34a000 	C:\Windows\System32\ole32.dll
0x00007ffc7a530000 - 0x00007ffc7a5af000 	C:\Windows\System32\bcryptPrimitives.dll
0x00007ffc79e40000 - 0x00007ffc79e52000 	C:\Windows\SYSTEM32\msasn1.dll
0x00007ffc725d0000 - 0x00007ffc72601000 	C:\Windows\SYSTEM32\cryptnet.dll
0x00007ffc7a3d0000 - 0x00007ffc7a52d000 	C:\Windows\System32\CRYPT32.dll
0x00007ffc79c30000 - 0x00007ffc79c3c000 	C:\Windows\SYSTEM32\cryptbase.dll
0x00007ffc7a370000 - 0x00007ffc7a3d0000 	C:\Windows\System32\WINTRUST.DLL
0x00007ffc7bf60000 - 0x00007ffc7bf7d000 	C:\Windows\System32\imagehlp.dll
0x00007ffc79c10000 - 0x00007ffc79c28000 	C:\Windows\SYSTEM32\CRYPTSP.dll
0x00007ffc79360000 - 0x00007ffc79394000 	C:\Windows\system32\rsaenh.dll
0x00007ffc7a2f0000 - 0x00007ffc7a317000 	C:\Windows\System32\bcrypt.dll
0x00007ffc78b70000 - 0x00007ffc78b93000 	C:\Windows\SYSTEM32\gpapi.dll
0x00007ffc72500000 - 0x00007ffc7253b000 	C:\Windows\SYSTEM32\dxcore.dll
0x00007ffc7a320000 - 0x00007ffc7a36e000 	C:\Windows\System32\cfgmgr32.dll
0x00007ffc47800000 - 0x00007ffc47832000 	C:\Program Files\Java\jdk1.8.0_291\jre\bin\jpeg.dll
0x00007ffc498f0000 - 0x00007ffc49939000 	C:\Program Files\Java\jdk1.8.0_291\jre\bin\fontmanager.dll
0x00007ffc708f0000 - 0x00007ffc709ec000 	C:\Windows\SYSTEM32\textinputframework.dll
0x00007ffc774c0000 - 0x00007ffc7781e000 	C:\Windows\System32\CoreUIComponents.dll
0x00007ffc77820000 - 0x00007ffc77912000 	C:\Windows\System32\CoreMessaging.dll
0x00007ffc78fd0000 - 0x00007ffc79003000 	C:\Windows\SYSTEM32\ntmarta.dll
0x00007ffc76df0000 - 0x00007ffc76f46000 	C:\Windows\SYSTEM32\wintypes.dll
0x00007ffc49d30000 - 0x00007ffc49d4c000 	C:\Program Files\Java\jdk1.8.0_291\jre\bin\net.dll
0x00007ffc79a40000 - 0x00007ffc79aaa000 	C:\Windows\system32\mswsock.dll
0x00007ffc49c40000 - 0x00007ffc49c53000 	C:\Program Files\Java\jdk1.8.0_291\jre\bin\nio.dll
0x00007ffc498a0000 - 0x00007ffc498e3000 	C:\Program Files\Java\jdk1.8.0_291\jre\bin\t2k.dll
0x00007ffc74250000 - 0x00007ffc74257000 	C:\Program Files\Java\jdk1.8.0_291\jre\bin\jawt.dll
0x00007ffc7a140000 - 0x00007ffc7a16e000 	C:\Windows\SYSTEM32\USERENV.dll
0x00007ffc796e0000 - 0x00007ffc7971b000 	C:\Windows\SYSTEM32\IPHLPAPI.DLL
0x00007ffc7c980000 - 0x00007ffc7c988000 	C:\Windows\System32\NSI.dll
0x00007ffc72fe0000 - 0x00007ffc72ff7000 	C:\Windows\SYSTEM32\dhcpcsvc6.DLL
0x00007ffc72fc0000 - 0x00007ffc72fdd000 	C:\Windows\SYSTEM32\dhcpcsvc.DLL
0x00007ffc79720000 - 0x00007ffc797eb000 	C:\Windows\SYSTEM32\DNSAPI.dll
0x00007ffc67620000 - 0x00007ffc67626000 	C:\Users\Claud\AppData\Local\Temp\flatlaf.temp\flatlaf-windows-x86_64-391990745893024409.dll
0x00007ffc7ad20000 - 0x00007ffc7adc9000 	C:\Windows\System32\clbcatq.dll
0x00007ffc74530000 - 0x00007ffc746e4000 	C:\Windows\SYSTEM32\WindowsCodecs.dll
0x00007ffc5f7e0000 - 0x00007ffc5f81e000 	C:\Windows\system32\dataexchange.dll
0x00007ffc76f50000 - 0x00007ffc77135000 	C:\Windows\system32\dcomp.dll
0x00007ffc76480000 - 0x00007ffc766e4000 	C:\Windows\system32\d3d11.dll
0x00007ffc78ba0000 - 0x00007ffc78c93000 	C:\Windows\system32\dxgi.dll
0x00007ffc74870000 - 0x00007ffc74a78000 	C:\Windows\system32\twinapi.appcore.dll
0x00007ffc453d0000 - 0x00007ffc45414000 	C:\Users\Claud\AppData\Local\Temp\jna-65190279\jna6798771067746786180.dll
0x00007ffc45140000 - 0x00007ffc45316000 	C:\Users\Claud\AppData\Local\Temp\SDKDLL.dll
0x00007ffc7b700000 - 0x00007ffc7bb67000 	C:\Windows\System32\SETUPAPI.dll
0x00007ffc682b0000 - 0x00007ffc6833e000 	C:\Windows\SYSTEM32\WINSPOOL.DRV
0x00007ffc5e100000 - 0x00007ffc5e149000 	C:\Windows\SYSTEM32\pdh.dll
0x00007ffc78b60000 - 0x00007ffc78b6d000 	C:\Windows\SYSTEM32\HID.DLL
0x00007ffc76000000 - 0x00007ffc76014000 	C:\Windows\SYSTEM32\Wtsapi32.dll
0x00007ffc791f0000 - 0x00007ffc7924a000 	C:\Windows\SYSTEM32\WINSTA.dll
0x00007ffc7a000000 - 0x00007ffc7a02c000 	C:\Windows\System32\DEVOBJ.dll
0x0000000180000000 - 0x0000000180058000 	D:\Projeto\RGB\lib\com4j-amd64.dll
0x00007ffc45070000 - 0x00007ffc45135000 	C:\Program Files\ASUS\AuraSDK\AuraSdk_x64.dll
0x00007ffc7a050000 - 0x00007ffc7a0f2000 	C:\Windows\SYSTEM32\sxs.dll
0x00007ffc45380000 - 0x00007ffc453c2000 	C:\Program Files\ENE\Aac_ENE RGB HAL\x64\AacHal_x64.dll
0x00007ffc45000000 - 0x00007ffc45068000 	C:\Program Files\ENE\Aac_ENE RGB HAL\x64\SB_SMBUS_SDK.dll
0x00007ffc37330000 - 0x00007ffc37364000 	C:\Program Files\Patriot\Aac_Patriot Viper DRAM RGB\AacHal_x64.dll
0x0000019020190000 - 0x00000190201b6000 	C:\Program Files\Patriot\Aac_Patriot Viper DRAM RGB\MsIo64_Patriot.dll
0x00007ffc36870000 - 0x00007ffc368a4000 	C:\Program Files\PHISON\Aac_PHISON HAL\AacHal_x64.dll
0x00007ffc65a90000 - 0x00007ffc65aa0000 	C:\Program Files\PHISON\Aac_PHISON HAL\Phison_x64.dll
0x00007ffc367b0000 - 0x00007ffc36864000 	C:\Program Files\PHISON\Aac_PHISON HAL\pcie_dll_x64.dll
0x00007ffc2d720000 - 0x00007ffc2d756000 	C:\Program Files\Patriot\Aac_Patriot Viper M2 SSD RGB\AacHal_x64.dll
0x00007ffc2d6e0000 - 0x00007ffc2d71c000 	C:\Program Files\ENE\Aac_ENE_AIC_Marvell_HAL\AacHal_x64.dll
0x00007ffc2d6a0000 - 0x00007ffc2d6d4000 	C:\Program Files\PD\Aac_Universal Holtek RGB DRAM\AacHal_x64.dll
0x0000019020570000 - 0x0000019020597000 	C:\Program Files\PD\Aac_Universal Holtek RGB DRAM\MsIo64_UH.dll
0x00007ffc2d620000 - 0x00007ffc2d659000 	C:\Program Files\ASUS\AacVGAHal\AacVgaHal_x64.dll
0x00007ffc2c4f0000 - 0x00007ffc2c79d000 	C:\Program Files\ASUS\AacVGAHal\LED_DLL_forMB_x64.dll
0x00007ffc685e0000 - 0x00007ffc68786000 	C:\Windows\WinSxS\amd64_microsoft.windows.gdiplus_6595b64144ccf1df_1.1.19041.630_none_fae7a41d761b04f0\gdiplus.dll
0x00007ffc6ef70000 - 0x00007ffc6ef77000 	C:\Windows\SYSTEM32\MSIMG32.dll
0x00007ffc68240000 - 0x00007ffc682a6000 	C:\Windows\SYSTEM32\OLEACC.dll
0x00007ffc25730000 - 0x00007ffc259dc000 	C:\Program Files\ASUS\AacVGAHal\VGA_Extra_x64.dll
0x00007ffc251d0000 - 0x00007ffc2572b000 	C:\Program Files\ASUS\AacVGAHal\Vender_x64.dll
0x00007ffc2d080000 - 0x00007ffc2d0b8000 	C:\Windows\SYSTEM32\oledlg.dll
0x00007ffc70d10000 - 0x00007ffc713e5000 	C:\Windows\SYSTEM32\nvapi64.dll
0x00007ffc2b810000 - 0x00007ffc2b90e000 	C:\Program Files\ASUS\Aac_AIOFan\AacAIOFanHal_x64.dll
0x00007ffc750b0000 - 0x00007ffc750ba000 	C:\Windows\SYSTEM32\AVRT.dll
0x00007ffc53740000 - 0x00007ffc5374c000 	C:\Windows\SYSTEM32\WINUSB.DLL
0x00007ffc2d000000 - 0x00007ffc2d078000 	C:\Users\Claud\AppData\Local\Temp\jna-65190279\jna6192762303644971041.dll
0x00007ffc60f30000 - 0x00007ffc60f3d000 	C:\Program Files\Java\jdk1.8.0_291\jre\bin\jsound.dll
0x00007ffc57100000 - 0x00007ffc5710d000 	C:\Program Files\Java\jdk1.8.0_291\jre\bin\jsoundds.dll
0x00007ffc2c450000 - 0x00007ffc2c4ec000 	C:\Windows\SYSTEM32\DSOUND.dll
0x00007ffc79800000 - 0x00007ffc7984b000 	C:\Windows\SYSTEM32\powrprof.dll
0x00007ffc5b0c0000 - 0x00007ffc5b0e6000 	C:\Windows\SYSTEM32\winmmbase.dll
0x00007ffc796c0000 - 0x00007ffc796d2000 	C:\Windows\SYSTEM32\UMPDC.dll
0x00007ffc73000000 - 0x00007ffc73085000 	C:\Windows\SYSTEM32\MMDevAPI.DLL
0x00007ffc585a0000 - 0x00007ffc585e6000 	C:\Windows\SYSTEM32\wdmaud.drv
0x00007ffc58590000 - 0x00007ffc58599000 	C:\Windows\SYSTEM32\ksuser.dll

VM Arguments:
jvm_args: -Dfile.encoding=UTF-8 
java_command: RGB.Splash
java_class_path (initial): D:\Projeto\RGB\lib\AbsoluteLayout.jar;D:\Projeto\RGB\lib\HID API.jar;D:\Projeto\RGB\lib\com4j-2.1.jar;D:\Projeto\RGB\lib\commons-lang3-3.12.0.jar;D:\Projeto\RGB\lib\commons-math3-3.6.1.jar;D:\Projeto\RGB\lib\flatlaf-1.1.jar;D:\Projeto\RGB\lib\flatlaf-intellij-themes-1.1.jar;D:\Projeto\RGB\lib\gson-2.8.6.jar;D:\Projeto\RGB\lib\guava-30.1.1-jre.jar;D:\Projeto\RGB\lib\jna-5.8.0.jar;D:\Projeto\RGB\lib\jna-platform-5.8.0.jar;D:\Projeto\RGB\lib\lombok.jar;D:\Projeto\RGB\lib\SDK MODIFICADAS\AURA\dist\AuraSDK.jar;D:\Projeto\RGB\lib\SDK MODIFICADAS\CoolerMaster\dist\CoolerMasterSDK.jar;D:\Projeto\RGB\lib\SDK MODIFICADAS\ICue\dist\ICueSDKCorsair.jar;D:\Projeto\RGB\lib\SDK MODIFICADAS\Logiled\dist\LogiledSdk.jar;D:\Projeto\RGB\COMPILACAO\build\classes
Launcher Type: SUN_STANDARD

Environment Variables:
JAVA_HOME=C:\Program Files\Java\jdk1.8.0_291
PATH=C:\Program Files (x86)\Common Files\Oracle\Java\javapath;C:\Windows\system32;C:\Windows;C:\Windows\System32\Wbem;C:\Windows\System32\WindowsPowerShell\v1.0\;C:\Windows\System32\OpenSSH\;C:\Program Files\dotnet\;C:\Program Files\Java\jdk1.8.0_291\bin;C:\Users\Claud\AppData\Local\Microsoft\WindowsApps;C:\Users\Claud\.dotnet\tools;C:\Users\Claud\AppData\Local\GitHubDesktop\bin
USERNAME=Claud
OS=Windows_NT
PROCESSOR_IDENTIFIER=Intel64 Family 6 Model 158 Stepping 13, GenuineIntel



---------------  S Y S T E M  ---------------

OS: Windows 10.0 , 64 bit Build 19041 (10.0.19041.546)

CPU:total 16 (initial active 16) (8 cores per cpu, 2 threads per core) family 6 model 158 stepping 13, cmov, cx8, fxsr, mmx, sse, sse2, sse3, ssse3, sse4.1, sse4.2, popcnt, avx, avx2, aes, clmul, erms, 3dnowpref, lzcnt, ht, tsc, tscinvbit, bmi1, bmi2, adx

Memory: 4k page, physical 16684956k(10749852k free), swap 19699612k(10932784k free)

vm_info: Java HotSpot(TM) 64-Bit Server VM (25.291-b10) for windows-amd64 JRE (1.8.0_291-b10), built on Apr  9 2021 00:02:00 by "java_re" with MS VC++ 15.9 (VS2017)

time: Sat May 22 17:35:11 2021
timezone: Hora oficial do Brasil
elapsed time: 60.955064 seconds (0d 0h 1m 0s)

