#
# A fatal error has been detected by the Java Runtime Environment:
#
#  EXCEPTION_UNCAUGHT_CXX_EXCEPTION (0xe06d7363) at pc=0x00007ffc7a8c3e49, pid=2444, tid=0x00000000000010f8
#
# JRE version: Java(TM) SE Runtime Environment (8.0_291-b10) (build 1.8.0_291-b10)
# Java VM: Java HotSpot(TM) 64-Bit Server VM (25.291-b10 mixed mode windows-amd64 compressed oops)
# Problematic frame:
# C  [KERNELBASE.dll+0x23e49]
#
# Failed to write core dump. Minidumps are not enabled by default on client versions of Windows
#
# If you would like to submit a bug report, please visit:
#   http://bugreport.java.com/bugreport/crash.jsp
#

---------------  T H R E A D  ---------------

Current thread (0x000002bff26bd000):  VMThread [stack: 0x000000f7ac700000,0x000000f7ac800000] [id=4344]

siginfo: ExceptionCode=0xe06d7363, ExceptionInformation=0x0000000019930520 0x000000f7ac7ff080 0x00007ffc18c63108 0x00007ffc18c10000 

Registers:
RAX=0x00007ffc7cb5b131, RBX=0x000000f7ac7ff080, RCX=0x000002bff2465ba0, RDX=0x00007ffc24861004
RSP=0x000000f7ac7fef00, RBP=0x0000000000000000, RSI=0x00007ffc18c6e1c0, RDI=0x00007ffc18c63108
R8 =0x0000000000000000, R9 =0x0000000000000000, R10=0x0000000000000000, R11=0x0000000000000000
R12=0x00007ffc18c531e8, R13=0x000002bff2465ba0, R14=0x00007ffc18c10000, R15=0x0000000000000001
RIP=0x00007ffc7a8c3e49, EFLAGS=0x0000000000000202

Top of Stack: (sp=0x000000f7ac7fef00)
0x000000f7ac7fef00:   0000000000000000 000000f7ac7ff080
0x000000f7ac7fef10:   00007ffc18c6e1c0 00007ffc18c531e8
0x000000f7ac7fef20:   00000001e06d7363 0000000000000000
0x000000f7ac7fef30:   00007ffc7a8c3e49 00007ffc00000004
0x000000f7ac7fef40:   0000000019930520 000000f7ac7ff080
0x000000f7ac7fef50:   00007ffc18c63108 00007ffc18c10000
0x000000f7ac7fef60:   000002bff2465ba0 00007ffc18c531e8
0x000000f7ac7fef70:   00007ffc18c6e1c0 0000000000000000
0x000000f7ac7fef80:   000000f7ac7ff050 00007ffc7cb366af
0x000000f7ac7fef90:   00007ffc18c63108 00007ffc00000000
0x000000f7ac7fefa0:   00007ffc00000040 0000000000000000
0x000000f7ac7fefb0:   00007ffc18c70000 00007ffc18c10000
0x000000f7ac7fefc0:   00002e70c9a2e114 00007ffc18c28193
0x000000f7ac7fefd0:   000000f7ac7ff080 00007ffc18c332e2
0x000000f7ac7fefe0:   fffffffffffffffe 00007ffc18c1fdd8
0x000000f7ac7feff0:   000002bff2465ba0 00007ffc18c531e8 

Instructions: (pc=0x00007ffc7a8c3e49)
0x00007ffc7a8c3e29:   8b d1 44 0f 47 c0 44 89 44 24 38 49 c1 e0 03 e8
0x00007ffc7a8c3e39:   da c5 06 00 48 8d 4c 24 20 48 ff 15 ff ab 19 00
0x00007ffc7a8c3e49:   0f 1f 44 00 00 48 8b 8c 24 c0 00 00 00 48 33 cc
0x00007ffc7a8c3e59:   e8 32 8c 06 00 48 81 c4 d8 00 00 00 c3 cc 83 64 


Register to memory mapping:

RAX=0x00007ffc7cb5b131 is an unknown value
RBX=0x000000f7ac7ff080 is an unknown value
RCX=0x000002bff2465ba0 is an unknown value
RDX=0x00007ffc24861004 is an unknown value
RSP=0x000000f7ac7fef00 is an unknown value
RBP=0x0000000000000000 is an unknown value
RSI=0x00007ffc18c6e1c0 is an unknown value
RDI=0x00007ffc18c63108 is an unknown value
R8 =0x0000000000000000 is an unknown value
R9 =0x0000000000000000 is an unknown value
R10=0x0000000000000000 is an unknown value
R11=0x0000000000000000 is an unknown value
R12=0x00007ffc18c531e8 is an unknown value
R13=0x000002bff2465ba0 is an unknown value
R14=0x00007ffc18c10000 is an unknown value
R15=0x0000000000000001 is an unknown value


Stack: [0x000000f7ac700000,0x000000f7ac800000],  sp=0x000000f7ac7fef00,  free space=1019k
Native frames: (J=compiled Java code, j=interpreted, Vv=VM code, C=native code)

VM_Operation (0x000000f7ae10c8e0): Exit, mode: safepoint, requested by thread 0x000002bff61a0800


---------------  P R O C E S S  ---------------

Java Threads: ( => current thread )
  0x000002bff5438000 JavaThread "DestroyJavaVM" [_thread_blocked, id=19012, stack(0x000000f7ab900000,0x000000f7aba00000)]
  0x000002bffd388000 JavaThread "DeviceRemovalHandler" daemon [_thread_in_native, id=19304, stack(0x000000f7ae620000,0x000000f7ae720000)]
  0x000002bffd3f8000 JavaThread "TimerQueue" daemon [_thread_blocked, id=12336, stack(0x000000f7ae220000,0x000000f7ae320000)]
  0x000002bff61a0800 JavaThread "AWT-EventQueue-0" [_thread_blocked, id=10568, stack(0x000000f7ae010000,0x000000f7ae110000)]
  0x000002bff5cec800 JavaThread "AWT-Shutdown" [_thread_blocked, id=12248, stack(0x000000f7adb00000,0x000000f7adc00000)]
  0x000002bff5c8b800 JavaThread "Java2D Disposer" daemon [_thread_blocked, id=15952, stack(0x000000f7ada00000,0x000000f7adb00000)]
  0x000002bff54e6800 JavaThread "Service Thread" daemon [_thread_blocked, id=5228, stack(0x000000f7ad800000,0x000000f7ad900000)]
  0x000002bff5438800 JavaThread "C1 CompilerThread11" daemon [_thread_blocked, id=5056, stack(0x000000f7ad700000,0x000000f7ad800000)]
  0x000002bff5435800 JavaThread "C1 CompilerThread10" daemon [_thread_blocked, id=2212, stack(0x000000f7ad600000,0x000000f7ad700000)]
  0x000002bff5433800 JavaThread "C1 CompilerThread9" daemon [_thread_blocked, id=9648, stack(0x000000f7ad500000,0x000000f7ad600000)]
  0x000002bff5435000 JavaThread "C1 CompilerThread8" daemon [_thread_blocked, id=13572, stack(0x000000f7ad400000,0x000000f7ad500000)]
  0x000002bff5429800 JavaThread "C2 CompilerThread7" daemon [_thread_blocked, id=14476, stack(0x000000f7ad300000,0x000000f7ad400000)]
  0x000002bff5418000 JavaThread "C2 CompilerThread6" daemon [_thread_blocked, id=19168, stack(0x000000f7ad200000,0x000000f7ad300000)]
  0x000002bff540b000 JavaThread "C2 CompilerThread5" daemon [_thread_blocked, id=1300, stack(0x000000f7ad100000,0x000000f7ad200000)]
  0x000002bff5403000 JavaThread "C2 CompilerThread4" daemon [_thread_blocked, id=9632, stack(0x000000f7ad000000,0x000000f7ad100000)]
  0x000002bff53ff000 JavaThread "C2 CompilerThread3" daemon [_thread_blocked, id=15828, stack(0x000000f7acf00000,0x000000f7ad000000)]
  0x000002bff53fe800 JavaThread "C2 CompilerThread2" daemon [_thread_blocked, id=14712, stack(0x000000f7ace00000,0x000000f7acf00000)]
  0x000002bff53fc800 JavaThread "C2 CompilerThread1" daemon [_thread_blocked, id=2876, stack(0x000000f7acd00000,0x000000f7ace00000)]
  0x000002bff53fa000 JavaThread "C2 CompilerThread0" daemon [_thread_blocked, id=1184, stack(0x000000f7acc00000,0x000000f7acd00000)]
  0x000002bff53f9800 JavaThread "Attach Listener" daemon [_thread_blocked, id=2392, stack(0x000000f7acb00000,0x000000f7acc00000)]
  0x000002bff53f4800 JavaThread "Signal Dispatcher" daemon [_thread_blocked, id=18368, stack(0x000000f7aca00000,0x000000f7acb00000)]
  0x000002bff26ed000 JavaThread "Finalizer" daemon [_thread_blocked, id=18996, stack(0x000000f7ac900000,0x000000f7aca00000)]
  0x000002bff26e5800 JavaThread "Reference Handler" daemon [_thread_blocked, id=7400, stack(0x000000f7ac800000,0x000000f7ac900000)]

Other Threads:
=>0x000002bff26bd000 VMThread [stack: 0x000000f7ac700000,0x000000f7ac800000] [id=4344]

VM state:at safepoint (shutting down)

VM Mutex/Monitor currently owned by a thread:  ([mutex/lock_event])
[0x000002bfd79c1020] Threads_lock - owner thread: 0x000002bff26bd000

heap address: 0x00000006c1600000, size: 4074 MB, Compressed Oops mode: Zero based, Oop shift amount: 3
Narrow klass base: 0x0000000000000000, Narrow klass shift: 3
Compressed class space size: 1073741824 Address: 0x00000007c0000000

Heap:
 PSYoungGen      total 76288K, used 34753K [0x000000076b200000, 0x0000000770700000, 0x00000007c0000000)
  eden space 65536K, 53% used [0x000000076b200000,0x000000076d3f0788,0x000000076f200000)
  from space 10752K, 0% used [0x000000076f200000,0x000000076f200000,0x000000076fc80000)
  to   space 10752K, 0% used [0x000000076fc80000,0x000000076fc80000,0x0000000770700000)
 ParOldGen       total 78336K, used 9237K [0x00000006c1600000, 0x00000006c6280000, 0x000000076b200000)
  object space 78336K, 11% used [0x00000006c1600000,0x00000006c1f055e8,0x00000006c6280000)
 Metaspace       used 21072K, capacity 21576K, committed 21760K, reserved 1069056K
  class space    used 2689K, capacity 2806K, committed 2816K, reserved 1048576K

Card table byte_map: [0x000002bfe8750000,0x000002bfe8f50000] byte_map_base: 0x000002bfe5145000

Marking Bits: (ParMarkBitMap*) 0x0000000050be7fe0
 Begin Bits: [0x000002bfe94a0000, 0x000002bfed448000)
 End Bits:   [0x000002bfed448000, 0x000002bff13f0000)

Polling page: 0x000002bfd7980000

CodeCache: size=245760Kb used=12080Kb max_used=12080Kb free=233679Kb
 bounds [0x000002bfd9390000, 0x000002bfd9f70000, 0x000002bfe8390000]
 total_blobs=3764 nmethods=3129 adapters=542
 compilation: enabled

Compilation events (10 events):
Event: 55.366 Thread 0x000002bff5435800 3164       3       java.util.stream.AbstractPipeline::<init> (55 bytes)
Event: 55.366 Thread 0x000002bff5435000 nmethod 3160 0x000002bfd9f5efd0 code [0x000002bfd9f5f180, 0x000002bfd9f5f5f0]
Event: 55.366 Thread 0x000002bff5435000 3165       3       java.util.stream.AbstractPipeline::evaluate (94 bytes)
Event: 55.366 Thread 0x000002bff5435800 nmethod 3164 0x000002bfd9f5f810 code [0x000002bfd9f5f980, 0x000002bfd9f5fc18]
Event: 55.366 Thread 0x000002bff5433800 nmethod 3161 0x000002bfd9f5fd10 code [0x000002bfd9f5fe80, 0x000002bfd9f601e0]
Event: 55.366 Thread 0x000002bff5435000 nmethod 3165 0x000002bfd9f602d0 code [0x000002bfd9f604c0, 0x000002bfd9f60bf0]
Event: 56.565 Thread 0x000002bff5435800 3166       3       sun.reflect.ClassFileAssembler::emitConstantPoolMethodref (28 bytes)
Event: 56.565 Thread 0x000002bff5435800 nmethod 3166 0x000002bfd9f60e10 code [0x000002bfd9f61000, 0x000002bfd9f616f0]
Event: 63.878 Thread 0x000002bff5438800 3167       3       java.util.logging.LogManager$LoggerContext::ensureDefaultLogger (70 bytes)
Event: 63.879 Thread 0x000002bff5438800 nmethod 3167 0x000002bfd9f61c50 code [0x000002bfd9f61e00, 0x000002bfd9f626b0]

GC Heap History (4 events):
Event: 16.821 GC heap before
{Heap before GC invocations=1 (full 0):
 PSYoungGen      total 76288K, used 58550K [0x000000076b200000, 0x0000000770700000, 0x00000007c0000000)
  eden space 65536K, 89% used [0x000000076b200000,0x000000076eb2db00,0x000000076f200000)
  from space 10752K, 0% used [0x000000076fc80000,0x000000076fc80000,0x0000000770700000)
  to   space 10752K, 0% used [0x000000076f200000,0x000000076f200000,0x000000076fc80000)
 ParOldGen       total 175104K, used 0K [0x00000006c1600000, 0x00000006cc100000, 0x000000076b200000)
  object space 175104K, 0% used [0x00000006c1600000,0x00000006c1600000,0x00000006cc100000)
 Metaspace       used 20614K, capacity 21106K, committed 21248K, reserved 1067008K
  class space    used 2630K, capacity 2761K, committed 2816K, reserved 1048576K
Event: 16.828 GC heap after
Heap after GC invocations=1 (full 0):
 PSYoungGen      total 76288K, used 10727K [0x000000076b200000, 0x0000000770700000, 0x00000007c0000000)
  eden space 65536K, 0% used [0x000000076b200000,0x000000076b200000,0x000000076f200000)
  from space 10752K, 99% used [0x000000076f200000,0x000000076fc79ea0,0x000000076fc80000)
  to   space 10752K, 0% used [0x000000076fc80000,0x000000076fc80000,0x0000000770700000)
 ParOldGen       total 175104K, used 3449K [0x00000006c1600000, 0x00000006cc100000, 0x000000076b200000)
  object space 175104K, 1% used [0x00000006c1600000,0x00000006c195e520,0x00000006cc100000)
 Metaspace       used 20614K, capacity 21106K, committed 21248K, reserved 1067008K
  class space    used 2630K, capacity 2761K, committed 2816K, reserved 1048576K
}
Event: 16.828 GC heap before
{Heap before GC invocations=2 (full 1):
 PSYoungGen      total 76288K, used 10727K [0x000000076b200000, 0x0000000770700000, 0x00000007c0000000)
  eden space 65536K, 0% used [0x000000076b200000,0x000000076b200000,0x000000076f200000)
  from space 10752K, 99% used [0x000000076f200000,0x000000076fc79ea0,0x000000076fc80000)
  to   space 10752K, 0% used [0x000000076fc80000,0x000000076fc80000,0x0000000770700000)
 ParOldGen       total 175104K, used 3449K [0x00000006c1600000, 0x00000006cc100000, 0x000000076b200000)
  object space 175104K, 1% used [0x00000006c1600000,0x00000006c195e520,0x00000006cc100000)
 Metaspace       used 20614K, capacity 21106K, committed 21248K, reserved 1067008K
  class space    used 2630K, capacity 2761K, committed 2816K, reserved 1048576K
Event: 16.852 GC heap after
Heap after GC invocations=2 (full 1):
 PSYoungGen      total 76288K, used 0K [0x000000076b200000, 0x0000000770700000, 0x00000007c0000000)
  eden space 65536K, 0% used [0x000000076b200000,0x000000076b200000,0x000000076f200000)
  from space 10752K, 0% used [0x000000076f200000,0x000000076f200000,0x000000076fc80000)
  to   space 10752K, 0% used [0x000000076fc80000,0x000000076fc80000,0x0000000770700000)
 ParOldGen       total 78336K, used 9237K [0x00000006c1600000, 0x00000006c6280000, 0x000000076b200000)
  object space 78336K, 11% used [0x00000006c1600000,0x00000006c1f055e8,0x00000006c6280000)
 Metaspace       used 20614K, capacity 21106K, committed 21248K, reserved 1067008K
  class space    used 2630K, capacity 2761K, committed 2816K, reserved 1048576K
}

Deoptimization events (10 events):
Event: 26.177 Thread 0x000002bff61a0800 Uncommon trap: reason=class_check action=maybe_recompile pc=0x000002bfd9da27d8 method=java.lang.AbstractStringBuilder.append(Ljava/lang/CharSequence;)Ljava/lang/AbstractStringBuilder; @ 10
Event: 26.177 Thread 0x000002bff61a0800 Uncommon trap: reason=class_check action=maybe_recompile pc=0x000002bfd9d9c078 method=java.util.regex.Matcher.search(I)Z @ 86
Event: 27.949 Thread 0x000002bff61a0800 Uncommon trap: reason=class_check action=maybe_recompile pc=0x000002bfd9da27d8 method=java.lang.AbstractStringBuilder.append(Ljava/lang/CharSequence;)Ljava/lang/AbstractStringBuilder; @ 10
Event: 54.509 Thread 0x000002bff5cf0000 Uncommon trap: reason=class_check action=maybe_recompile pc=0x000002bfd9ed07f0 method=sun.awt.SunToolkit.postEvent(Lsun/awt/AppContext;Ljava/awt/AWTEvent;)V @ 72
Event: 54.511 Thread 0x000002bff61a0800 Uncommon trap: reason=unstable_if action=reinterpret pc=0x000002bfd9deb6e0 method=java.awt.EventQueue.getPriority(Ljava/awt/AWTEvent;)I @ 22
Event: 54.512 Thread 0x000002bff61a0800 Uncommon trap: reason=unstable_if action=reinterpret pc=0x000002bfd9e7e62c method=java.beans.ChangeListenerMap.get(Ljava/lang/String;)[Ljava/util/EventListener; @ 4
Event: 54.512 Thread 0x000002bff61a0800 Uncommon trap: reason=unstable_if action=reinterpret pc=0x000002bfd9d58af0 method=sun.awt.AWTAutoShutdown.isReadyToShutdown()Z @ 16
Event: 54.512 Thread 0x000002bff5cf0000 Uncommon trap: reason=unstable_if action=reinterpret pc=0x000002bfd9e244ec method=sun.awt.AWTAutoShutdown.isReadyToShutdown()Z @ 16
Event: 54.513 Thread 0x000002bff5cf0000 Uncommon trap: reason=unstable_if action=reinterpret pc=0x000002bfd9e5bc34 method=sun.awt.AWTAutoShutdown.isReadyToShutdown()Z @ 16
Event: 54.617 Thread 0x000002bff5cf0000 Uncommon trap: reason=unstable_if action=reinterpret pc=0x000002bfd9d7bf38 method=sun.awt.AWTAutoShutdown.isReadyToShutdown()Z @ 16

Classes redefined (0 events):
No events

Internal exceptions (10 events):
Event: 6.838 Thread 0x000002bfd79c4800 Exception <a 'java/lang/UnsatisfiedLinkError': Não foi possível encontrar o módulo especificado.
> (0x000000076da30998) thrown at [C:\jenkins\workspace\8-2-build-windows-amd64-cygwin\jdk8u291\1294\hotspot\src\share\vm\prims\jni.cpp, line 737]
Event: 6.839 Thread 0x000002bfd79c4800 Exception <a 'java/lang/UnsatisfiedLinkError': Não foi possível encontrar o módulo especificado.
> (0x000000076da313f0) thrown at [C:\jenkins\workspace\8-2-build-windows-amd64-cygwin\jdk8u291\1294\hotspot\src\share\vm\prims\jni.cpp, line 737]
Event: 6.839 Thread 0x000002bfd79c4800 Exception <a 'java/lang/UnsatisfiedLinkError': Não foi possível encontrar o módulo especificado.
> (0x000000076da31d10) thrown at [C:\jenkins\workspace\8-2-build-windows-amd64-cygwin\jdk8u291\1294\hotspot\src\share\vm\prims\jni.cpp, line 737]
Event: 7.026 Thread 0x000002bfd79c4800 Exception <a 'java/lang/ArrayIndexOutOfBoundsException'> (0x000000076dca2b80) thrown at [C:\jenkins\workspace\8-2-build-windows-amd64-cygwin\jdk8u291\1294\hotspot\src\share\vm\runtime\sharedRuntime.cpp, line 609]
Event: 7.026 Thread 0x000002bfd79c4800 Exception <a 'java/lang/ArrayIndexOutOfBoundsException'> (0x000000076dca3bc8) thrown at [C:\jenkins\workspace\8-2-build-windows-amd64-cygwin\jdk8u291\1294\hotspot\src\share\vm\runtime\sharedRuntime.cpp, line 609]
Event: 7.026 Thread 0x000002bfd79c4800 Exception <a 'java/lang/ArrayIndexOutOfBoundsException'> (0x000000076dca8d68) thrown at [C:\jenkins\workspace\8-2-build-windows-amd64-cygwin\jdk8u291\1294\hotspot\src\share\vm\runtime\sharedRuntime.cpp, line 609]
Event: 7.027 Thread 0x000002bfd79c4800 Exception <a 'java/lang/ArrayIndexOutOfBoundsException'> (0x000000076dca9948) thrown at [C:\jenkins\workspace\8-2-build-windows-amd64-cygwin\jdk8u291\1294\hotspot\src\share\vm\runtime\sharedRuntime.cpp, line 609]
Event: 7.731 Thread 0x000002bff5437000 Exception <a 'java/lang/ArrayIndexOutOfBoundsException'> (0x000000076dd5fbc8) thrown at [C:\jenkins\workspace\8-2-build-windows-amd64-cygwin\jdk8u291\1294\hotspot\src\share\vm\runtime\sharedRuntime.cpp, line 609]
Event: 8.013 Thread 0x000002bff61a0800 Implicit null exception at 0x000002bfd9ca083e to 0x000002bfd9ca0c19
Event: 54.512 Thread 0x000002bff61a0800 Implicit null exception at 0x000002bfd9e7d645 to 0x000002bfd9e7e605

Events (10 events):
Event: 63.878 Thread 0x000002bffd23d000 Thread exited: 0x000002bffd23d000
Event: 63.878 loading class sun/java2d/pipe/hw/AccelDeviceEventNotifier
Event: 63.878 loading class sun/java2d/pipe/hw/AccelDeviceEventNotifier done
Event: 63.878 Thread 0x000002bff5432800 Thread exited: 0x000002bff5432800
Event: 63.879 Thread 0x000002bff5bdf000 Thread exited: 0x000002bff5bdf000
Event: 63.879 Thread 0x000002bff5436800 Thread exited: 0x000002bff5436800
Event: 63.879 Thread 0x000002bff5bda800 Thread exited: 0x000002bff5bda800
Event: 63.889 Thread 0x000002bff5cf0000 Thread exited: 0x000002bff5cf0000
Event: 63.979 Thread 0x000002bff5437000 Thread exited: 0x000002bff5437000
Event: 63.980 Executing VM operation: Exit


Dynamic libraries:
0x00007ff722920000 - 0x00007ff722967000 	C:\Program Files\Java\jdk1.8.0_291\bin\java.exe
0x00007ffc7cb10000 - 0x00007ffc7cd06000 	C:\Windows\SYSTEM32\ntdll.dll
0x00007ffc7ca10000 - 0x00007ffc7cacd000 	C:\Windows\System32\KERNEL32.DLL
0x00007ffc7a8a0000 - 0x00007ffc7ab68000 	C:\Windows\System32\KERNELBASE.dll
0x00007ffc77b40000 - 0x00007ffc77bd0000 	C:\Windows\SYSTEM32\apphelp.dll
0x00007ffc7b650000 - 0x00007ffc7b6fc000 	C:\Windows\System32\ADVAPI32.dll
0x00007ffc7bb70000 - 0x00007ffc7bc0e000 	C:\Windows\System32\msvcrt.dll
0x00007ffc7c190000 - 0x00007ffc7c22b000 	C:\Windows\System32\sechost.dll
0x00007ffc7b420000 - 0x00007ffc7b544000 	C:\Windows\System32\RPCRT4.dll
0x00007ffc7bd60000 - 0x00007ffc7bf00000 	C:\Windows\System32\USER32.dll
0x00007ffc7a660000 - 0x00007ffc7a682000 	C:\Windows\System32\win32u.dll
0x00007ffc7ab70000 - 0x00007ffc7ab9a000 	C:\Windows\System32\GDI32.dll
0x00007ffc7a690000 - 0x00007ffc7a799000 	C:\Windows\System32\gdi32full.dll
0x00007ffc7a250000 - 0x00007ffc7a2ed000 	C:\Windows\System32\msvcp_win.dll
0x00007ffc7a7a0000 - 0x00007ffc7a8a0000 	C:\Windows\System32\ucrtbase.dll
0x00007ffc68340000 - 0x00007ffc685db000 	C:\Windows\WinSxS\amd64_microsoft.windows.common-controls_6595b64144ccf1df_6.0.19041.488_none_ca04af081b815d21\COMCTL32.dll
0x00007ffc7bc70000 - 0x00007ffc7bca0000 	C:\Windows\System32\IMM32.DLL
0x00007ffc49de0000 - 0x00007ffc49df5000 	C:\Program Files\Java\jdk1.8.0_291\jre\bin\vcruntime140.dll
0x00007ffc49940000 - 0x00007ffc499db000 	C:\Program Files\Java\jdk1.8.0_291\jre\bin\msvcp140.dll
0x0000000050400000 - 0x0000000050c60000 	C:\Program Files\Java\jdk1.8.0_291\jre\bin\server\jvm.dll
0x00007ffc7bd50000 - 0x00007ffc7bd58000 	C:\Windows\System32\PSAPI.DLL
0x00007ffc59b00000 - 0x00007ffc59b09000 	C:\Windows\SYSTEM32\WSOCK32.dll
0x00007ffc70c40000 - 0x00007ffc70c67000 	C:\Windows\SYSTEM32\WINMM.dll
0x00007ffc72630000 - 0x00007ffc7263a000 	C:\Windows\SYSTEM32\VERSION.dll
0x00007ffc7b5e0000 - 0x00007ffc7b64b000 	C:\Windows\System32\WS2_32.dll
0x00007ffc781c0000 - 0x00007ffc781d2000 	C:\Windows\SYSTEM32\kernel.appcore.dll
0x00007ffc67640000 - 0x00007ffc67650000 	C:\Program Files\Java\jdk1.8.0_291\jre\bin\verify.dll
0x00007ffc49d70000 - 0x00007ffc49d9b000 	C:\Program Files\Java\jdk1.8.0_291\jre\bin\java.dll
0x00007ffc49d50000 - 0x00007ffc49d68000 	C:\Program Files\Java\jdk1.8.0_291\jre\bin\zip.dll
0x00007ffc7c230000 - 0x00007ffc7c971000 	C:\Windows\System32\SHELL32.dll
0x00007ffc783c0000 - 0x00007ffc78b55000 	C:\Windows\SYSTEM32\windows.storage.dll
0x00007ffc7add0000 - 0x00007ffc7b125000 	C:\Windows\System32\combase.dll
0x00007ffc79cc0000 - 0x00007ffc79cec000 	C:\Windows\SYSTEM32\Wldp.dll
0x00007ffc7bca0000 - 0x00007ffc7bd4e000 	C:\Windows\System32\SHCORE.dll
0x00007ffc7bc10000 - 0x00007ffc7bc65000 	C:\Windows\System32\shlwapi.dll
0x00007ffc7a180000 - 0x00007ffc7a1a6000 	C:\Windows\SYSTEM32\profapi.dll
0x00007ffc499e0000 - 0x00007ffc49b75000 	C:\Program Files\Java\jdk1.8.0_291\jre\bin\awt.dll
0x00007ffc7b350000 - 0x00007ffc7b41d000 	C:\Windows\System32\OLEAUT32.dll
0x00007ffc77fe0000 - 0x00007ffc7800f000 	C:\Windows\system32\DWMAPI.DLL
0x00007ffc77ce0000 - 0x00007ffc77d7e000 	C:\Windows\system32\uxtheme.dll
0x00007ffc49740000 - 0x00007ffc49865000 	C:\Windows\system32\opengl32.dll
0x00007ffc49c10000 - 0x00007ffc49c3c000 	C:\Windows\SYSTEM32\GLU32.dll
0x00007ffc7aba0000 - 0x00007ffc7acb5000 	C:\Windows\System32\MSCTF.dll
0x00007ffc7b220000 - 0x00007ffc7b34a000 	C:\Windows\System32\ole32.dll
0x00007ffc7a530000 - 0x00007ffc7a5af000 	C:\Windows\System32\bcryptPrimitives.dll
0x00007ffc79e40000 - 0x00007ffc79e52000 	C:\Windows\SYSTEM32\msasn1.dll
0x00007ffc725d0000 - 0x00007ffc72601000 	C:\Windows\SYSTEM32\cryptnet.dll
0x00007ffc7a3d0000 - 0x00007ffc7a52d000 	C:\Windows\System32\CRYPT32.dll
0x00007ffc79c30000 - 0x00007ffc79c3c000 	C:\Windows\SYSTEM32\cryptbase.dll
0x00007ffc7a370000 - 0x00007ffc7a3d0000 	C:\Windows\System32\WINTRUST.DLL
0x00007ffc7bf60000 - 0x00007ffc7bf7d000 	C:\Windows\System32\imagehlp.dll
0x00007ffc79c10000 - 0x00007ffc79c28000 	C:\Windows\SYSTEM32\CRYPTSP.dll
0x00007ffc79360000 - 0x00007ffc79394000 	C:\Windows\system32\rsaenh.dll
0x00007ffc7a2f0000 - 0x00007ffc7a317000 	C:\Windows\System32\bcrypt.dll
0x00007ffc78b70000 - 0x00007ffc78b93000 	C:\Windows\SYSTEM32\gpapi.dll
0x00007ffc72500000 - 0x00007ffc7253b000 	C:\Windows\SYSTEM32\dxcore.dll
0x00007ffc7a320000 - 0x00007ffc7a36e000 	C:\Windows\System32\cfgmgr32.dll
0x00007ffc2d620000 - 0x00007ffc2d652000 	C:\Program Files\Java\jdk1.8.0_291\jre\bin\jpeg.dll
0x00007ffc498f0000 - 0x00007ffc49939000 	C:\Program Files\Java\jdk1.8.0_291\jre\bin\fontmanager.dll
0x00007ffc708f0000 - 0x00007ffc709ec000 	C:\Windows\SYSTEM32\textinputframework.dll
0x00007ffc77820000 - 0x00007ffc77912000 	C:\Windows\System32\CoreMessaging.dll
0x00007ffc774c0000 - 0x00007ffc7781e000 	C:\Windows\System32\CoreUIComponents.dll
0x00007ffc78fd0000 - 0x00007ffc79003000 	C:\Windows\SYSTEM32\ntmarta.dll
0x00007ffc76df0000 - 0x00007ffc76f46000 	C:\Windows\SYSTEM32\wintypes.dll
0x00007ffc49d30000 - 0x00007ffc49d4c000 	C:\Program Files\Java\jdk1.8.0_291\jre\bin\net.dll
0x00007ffc79a40000 - 0x00007ffc79aaa000 	C:\Windows\system32\mswsock.dll
0x00007ffc49c40000 - 0x00007ffc49c53000 	C:\Program Files\Java\jdk1.8.0_291\jre\bin\nio.dll
0x00007ffc498a0000 - 0x00007ffc498e3000 	C:\Program Files\Java\jdk1.8.0_291\jre\bin\t2k.dll
0x00007ffc75260000 - 0x00007ffc75267000 	C:\Program Files\Java\jdk1.8.0_291\jre\bin\jawt.dll
0x00007ffc7a140000 - 0x00007ffc7a16e000 	C:\Windows\SYSTEM32\USERENV.dll
0x00007ffc796e0000 - 0x00007ffc7971b000 	C:\Windows\SYSTEM32\IPHLPAPI.DLL
0x00007ffc7c980000 - 0x00007ffc7c988000 	C:\Windows\System32\NSI.dll
0x00007ffc72fe0000 - 0x00007ffc72ff7000 	C:\Windows\SYSTEM32\dhcpcsvc6.DLL
0x00007ffc72fc0000 - 0x00007ffc72fdd000 	C:\Windows\SYSTEM32\dhcpcsvc.DLL
0x00007ffc79720000 - 0x00007ffc797eb000 	C:\Windows\SYSTEM32\DNSAPI.dll
0x00007ffc58b20000 - 0x00007ffc58b26000 	C:\Users\Claud\AppData\Local\Temp\flatlaf.temp\flatlaf-windows-x86_64-8938655253490017983.dll
0x00007ffc7ad20000 - 0x00007ffc7adc9000 	C:\Windows\System32\clbcatq.dll
0x00007ffc74530000 - 0x00007ffc746e4000 	C:\Windows\SYSTEM32\WindowsCodecs.dll
0x00007ffc5f7e0000 - 0x00007ffc5f81e000 	C:\Windows\system32\dataexchange.dll
0x00007ffc76480000 - 0x00007ffc766e4000 	C:\Windows\system32\d3d11.dll
0x00007ffc76f50000 - 0x00007ffc77135000 	C:\Windows\system32\dcomp.dll
0x00007ffc78ba0000 - 0x00007ffc78c93000 	C:\Windows\system32\dxgi.dll
0x00007ffc74870000 - 0x00007ffc74a78000 	C:\Windows\system32\twinapi.appcore.dll
0x00007ffc2b800000 - 0x00007ffc2b844000 	C:\Users\Claud\AppData\Local\Temp\jna-65190279\jna8268285328454938240.dll
0x00007ffc18c10000 - 0x00007ffc18de6000 	C:\Users\Claud\AppData\Local\Temp\SDKDLL.dll
0x00007ffc7b700000 - 0x00007ffc7bb67000 	C:\Windows\System32\SETUPAPI.dll
0x00007ffc682b0000 - 0x00007ffc6833e000 	C:\Windows\SYSTEM32\WINSPOOL.DRV
0x00007ffc78b60000 - 0x00007ffc78b6d000 	C:\Windows\SYSTEM32\HID.DLL
0x00007ffc5e100000 - 0x00007ffc5e149000 	C:\Windows\SYSTEM32\pdh.dll
0x00007ffc76000000 - 0x00007ffc76014000 	C:\Windows\SYSTEM32\Wtsapi32.dll
0x00007ffc791f0000 - 0x00007ffc7924a000 	C:\Windows\SYSTEM32\WINSTA.dll
0x00007ffc7a000000 - 0x00007ffc7a02c000 	C:\Windows\System32\DEVOBJ.dll
0x0000000180000000 - 0x0000000180058000 	D:\Projeto\RGB\lib\com4j-amd64.dll
0x00007ffc24830000 - 0x00007ffc248f5000 	C:\Program Files\ASUS\AuraSDK\AuraSdk_x64.dll
0x00007ffc7a050000 - 0x00007ffc7a0f2000 	C:\Windows\SYSTEM32\sxs.dll
0x00007ffc25150000 - 0x00007ffc25192000 	C:\Program Files\ENE\Aac_ENE RGB HAL\x64\AacHal_x64.dll
0x00007ffc247c0000 - 0x00007ffc24828000 	C:\Program Files\ENE\Aac_ENE RGB HAL\x64\SB_SMBUS_SDK.dll
0x00007ffc24480000 - 0x00007ffc244b4000 	C:\Program Files\Patriot\Aac_Patriot Viper DRAM RGB\AacHal_x64.dll
0x000002bfff800000 - 0x000002bfff826000 	C:\Program Files\Patriot\Aac_Patriot Viper DRAM RGB\MsIo64_Patriot.dll
0x00007ffc24440000 - 0x00007ffc24474000 	C:\Program Files\PHISON\Aac_PHISON HAL\AacHal_x64.dll
0x00007ffc58830000 - 0x00007ffc58840000 	C:\Program Files\PHISON\Aac_PHISON HAL\Phison_x64.dll
0x00007ffc24380000 - 0x00007ffc24434000 	C:\Program Files\PHISON\Aac_PHISON HAL\pcie_dll_x64.dll
0x00007ffc1ef30000 - 0x00007ffc1ef66000 	C:\Program Files\Patriot\Aac_Patriot Viper M2 SSD RGB\AacHal_x64.dll
0x00007ffc1eef0000 - 0x00007ffc1ef2c000 	C:\Program Files\ENE\Aac_ENE_AIC_Marvell_HAL\AacHal_x64.dll
0x00007ffc18bd0000 - 0x00007ffc18c04000 	C:\Program Files\PD\Aac_Universal Holtek RGB DRAM\AacHal_x64.dll
0x000002bfff980000 - 0x000002bfff9a7000 	C:\Program Files\PD\Aac_Universal Holtek RGB DRAM\MsIo64_UH.dll
0x00007ffc18b90000 - 0x00007ffc18bc9000 	C:\Program Files\ASUS\AacVGAHal\AacVgaHal_x64.dll
0x00007ffc16b90000 - 0x00007ffc16e3d000 	C:\Program Files\ASUS\AacVGAHal\LED_DLL_forMB_x64.dll
0x00007ffc6ef70000 - 0x00007ffc6ef77000 	C:\Windows\SYSTEM32\MSIMG32.dll
0x00007ffc68240000 - 0x00007ffc682a6000 	C:\Windows\SYSTEM32\OLEACC.dll
0x00007ffc685e0000 - 0x00007ffc68786000 	C:\Windows\WinSxS\amd64_microsoft.windows.gdiplus_6595b64144ccf1df_1.1.19041.630_none_fae7a41d761b04f0\gdiplus.dll
0x00007ffc168e0000 - 0x00007ffc16b8c000 	C:\Program Files\ASUS\AacVGAHal\VGA_Extra_x64.dll
0x00007ffc14c30000 - 0x00007ffc1518b000 	C:\Program Files\ASUS\AacVGAHal\Vender_x64.dll
0x00007ffc18b50000 - 0x00007ffc18b88000 	C:\Windows\SYSTEM32\oledlg.dll
0x00007ffc70d10000 - 0x00007ffc713e5000 	C:\Windows\SYSTEM32\nvapi64.dll
0x00007ffc14b30000 - 0x00007ffc14c2e000 	C:\Program Files\ASUS\Aac_AIOFan\AacAIOFanHal_x64.dll
0x00007ffc53740000 - 0x00007ffc5374c000 	C:\Windows\SYSTEM32\WINUSB.DLL
0x00007ffc750b0000 - 0x00007ffc750ba000 	C:\Windows\SYSTEM32\AVRT.dll
0x00007ffc16750000 - 0x00007ffc167c8000 	C:\Users\Claud\AppData\Local\Temp\jna-65190279\jna5378056115428546217.dll
0x00007ffc58790000 - 0x00007ffc5879d000 	C:\Program Files\Java\jdk1.8.0_291\jre\bin\jsound.dll
0x00007ffc57c60000 - 0x00007ffc57c6d000 	C:\Program Files\Java\jdk1.8.0_291\jre\bin\jsoundds.dll
0x00007ffc14a90000 - 0x00007ffc14b2c000 	C:\Windows\SYSTEM32\DSOUND.dll
0x00007ffc79800000 - 0x00007ffc7984b000 	C:\Windows\SYSTEM32\powrprof.dll
0x00007ffc5b0c0000 - 0x00007ffc5b0e6000 	C:\Windows\SYSTEM32\winmmbase.dll
0x00007ffc796c0000 - 0x00007ffc796d2000 	C:\Windows\SYSTEM32\UMPDC.dll
0x00007ffc73000000 - 0x00007ffc73085000 	C:\Windows\SYSTEM32\MMDevAPI.DLL
0x00007ffc585a0000 - 0x00007ffc585e6000 	C:\Windows\SYSTEM32\wdmaud.drv
0x00007ffc58590000 - 0x00007ffc58599000 	C:\Windows\SYSTEM32\ksuser.dll

VM Arguments:
jvm_args: -Dfile.encoding=UTF-8 -Dsun.java2d.dpiaware=false
-Dsun.java2d.uiScale=2.5 
java_command: RGB.Splash
java_class_path (initial): D:\Projeto\RGB\lib\AbsoluteLayout.jar;D:\Projeto\RGB\lib\HID API.jar;D:\Projeto\RGB\lib\com4j-2.1.jar;D:\Projeto\RGB\lib\commons-lang3-3.12.0.jar;D:\Projeto\RGB\lib\commons-math3-3.6.1.jar;D:\Projeto\RGB\lib\flatlaf-1.1.jar;D:\Projeto\RGB\lib\flatlaf-intellij-themes-1.1.jar;D:\Projeto\RGB\lib\gson-2.8.6.jar;D:\Projeto\RGB\lib\guava-30.1.1-jre.jar;D:\Projeto\RGB\lib\jna-5.8.0.jar;D:\Projeto\RGB\lib\jna-platform-5.8.0.jar;D:\Projeto\RGB\lib\lombok.jar;D:\Projeto\RGB\lib\SDK MODIFICADAS\AURA\dist\AuraSDK.jar;D:\Projeto\RGB\lib\SDK MODIFICADAS\CoolerMaster\build\classes;D:\Projeto\RGB\lib\SDK MODIFICADAS\ICue\dist\ICueSDKCorsair.jar;D:\Projeto\RGB\lib\SDK MODIFICADAS\Logiled\build\classes;D:\Projeto\RGB\COMPILACAO\build\classes
Launcher Type: SUN_STANDARD

Environment Variables:
JAVA_HOME=C:\Program Files\Java\jdk1.8.0_291
PATH=C:\Program Files (x86)\Common Files\Oracle\Java\javapath;C:\Windows\system32;C:\Windows;C:\Windows\System32\Wbem;C:\Windows\System32\WindowsPowerShell\v1.0\;C:\Windows\System32\OpenSSH\;C:\Program Files\dotnet\;C:\Program Files\Java\jdk1.8.0_291\bin;C:\Users\Claud\AppData\Local\Microsoft\WindowsApps;C:\Users\Claud\.dotnet\tools;C:\Users\Claud\AppData\Local\GitHubDesktop\bin
USERNAME=Claud
OS=Windows_NT
PROCESSOR_IDENTIFIER=Intel64 Family 6 Model 158 Stepping 13, GenuineIntel



---------------  S Y S T E M  ---------------

OS: Windows 10.0 , 64 bit Build 19041 (10.0.19041.546)

CPU:total 16 (initial active 16) (8 cores per cpu, 2 threads per core) family 6 model 158 stepping 13, cmov, cx8, fxsr, mmx, sse, sse2, sse3, ssse3, sse4.1, sse4.2, popcnt, avx, avx2, aes, clmul, erms, 3dnowpref, lzcnt, ht, tsc, tscinvbit, bmi1, bmi2, adx

Memory: 4k page, physical 16684956k(8686520k free), swap 19699612k(8575160k free)

vm_info: Java HotSpot(TM) 64-Bit Server VM (25.291-b10) for windows-amd64 JRE (1.8.0_291-b10), built on Apr  9 2021 00:02:00 by "java_re" with MS VC++ 15.9 (VS2017)

time: Sun May 23 01:02:08 2021
timezone: Hora oficial do Brasil
elapsed time: 64.533288 seconds (0d 0h 1m 4s)

