#
# A fatal error has been detected by the Java Runtime Environment:
#
#  EXCEPTION_UNCAUGHT_CXX_EXCEPTION (0xe06d7363) at pc=0x00007ffc7a8c3e49, pid=4912, tid=0x000000000000074c
#
# JRE version: Java(TM) SE Runtime Environment (8.0_291-b10) (build 1.8.0_291-b10)
# Java VM: Java HotSpot(TM) 64-Bit Server VM (25.291-b10 mixed mode windows-amd64 compressed oops)
# Problematic frame:
# C  [KERNELBASE.dll+0x23e49]
#
# Failed to write core dump. Minidumps are not enabled by default on client versions of Windows
#
# If you would like to submit a bug report, please visit:
#   http://bugreport.java.com/bugreport/crash.jsp
#

---------------  T H R E A D  ---------------

Current thread (0x000001d8fd87f000):  VMThread [stack: 0x000000c33f000000,0x000000c33f100000] [id=1868]

siginfo: ExceptionCode=0xe06d7363, ExceptionInformation=0x0000000019930520 0x000000c33f0ff100 0x00007ffc175e3108 0x00007ffc17590000 

Registers:
RAX=0x00007ffc7cb5b131, RBX=0x000000c33f0ff100, RCX=0x000001d8fd625fa0, RDX=0x00007ffc174f1004
RSP=0x000000c33f0fef80, RBP=0x0000000000000000, RSI=0x00007ffc175ee1c0, RDI=0x00007ffc175e3108
R8 =0x0000000000000000, R9 =0x0000000000000000, R10=0x0000000000000000, R11=0x0000000000000000
R12=0x00007ffc175d31e8, R13=0x000001d8fd625fa0, R14=0x00007ffc17590000, R15=0x0000000000000001
RIP=0x00007ffc7a8c3e49, EFLAGS=0x0000000000000206

Top of Stack: (sp=0x000000c33f0fef80)
0x000000c33f0fef80:   0000000000000000 000000c33f0ff100
0x000000c33f0fef90:   00007ffc175ee1c0 00007ffc175d31e8
0x000000c33f0fefa0:   00000001e06d7363 0000000000000000
0x000000c33f0fefb0:   00007ffc7a8c3e49 00007ffc00000004
0x000000c33f0fefc0:   0000000019930520 000000c33f0ff100
0x000000c33f0fefd0:   00007ffc175e3108 00007ffc17590000
0x000000c33f0fefe0:   000001d8fd625fa0 00007ffc175d31e8
0x000000c33f0feff0:   00007ffc175ee1c0 0000000000000000
0x000000c33f0ff000:   000000c33f0ff0d0 00007ffc7cb366af
0x000000c33f0ff010:   00007ffc175e3108 00007ffc00000000
0x000000c33f0ff020:   00007ffc00000040 0000000000000000
0x000000c33f0ff030:   00007ffc175f0000 00007ffc17590000
0x000000c33f0ff040:   0000c1c55958e42a 00007ffc175a8193
0x000000c33f0ff050:   000000c33f0ff100 00007ffc175b32e2
0x000000c33f0ff060:   fffffffffffffffe 00007ffc1759fdd8
0x000000c33f0ff070:   000001d8fd625fa0 00007ffc175d31e8 

Instructions: (pc=0x00007ffc7a8c3e49)
0x00007ffc7a8c3e29:   8b d1 44 0f 47 c0 44 89 44 24 38 49 c1 e0 03 e8
0x00007ffc7a8c3e39:   da c5 06 00 48 8d 4c 24 20 48 ff 15 ff ab 19 00
0x00007ffc7a8c3e49:   0f 1f 44 00 00 48 8b 8c 24 c0 00 00 00 48 33 cc
0x00007ffc7a8c3e59:   e8 32 8c 06 00 48 81 c4 d8 00 00 00 c3 cc 83 64 


Register to memory mapping:

RAX=0x00007ffc7cb5b131 is an unknown value
RBX=0x000000c33f0ff100 is an unknown value
RCX=0x000001d8fd625fa0 is an unknown value
RDX=0x00007ffc174f1004 is an unknown value
RSP=0x000000c33f0fef80 is an unknown value
RBP=0x0000000000000000 is an unknown value
RSI=0x00007ffc175ee1c0 is an unknown value
RDI=0x00007ffc175e3108 is an unknown value
R8 =0x0000000000000000 is an unknown value
R9 =0x0000000000000000 is an unknown value
R10=0x0000000000000000 is an unknown value
R11=0x0000000000000000 is an unknown value
R12=0x00007ffc175d31e8 is an unknown value
R13=0x000001d8fd625fa0 is an unknown value
R14=0x00007ffc17590000 is an unknown value
R15=0x0000000000000001 is an unknown value


Stack: [0x000000c33f000000,0x000000c33f100000],  sp=0x000000c33f0fef80,  free space=1019k
Native frames: (J=compiled Java code, j=interpreted, Vv=VM code, C=native code)

VM_Operation (0x000000c3409fc6d0): Exit, mode: safepoint, requested by thread 0x000001d8902b5800


---------------  P R O C E S S  ---------------

Java Threads: ( => current thread )
  0x000001d897cd6000 JavaThread "DestroyJavaVM" [_thread_blocked, id=18588, stack(0x000000c33e200000,0x000000c33e300000)]
  0x000001d897529000 JavaThread "DeviceRemovalHandler" daemon [_thread_in_native, id=14992, stack(0x000000c340f00000,0x000000c341000000)]
  0x000001d897555000 JavaThread "TimerQueue" daemon [_thread_blocked, id=17100, stack(0x000000c340b00000,0x000000c340c00000)]
  0x000001d8902b5800 JavaThread "AWT-EventQueue-0" [_thread_blocked, id=14444, stack(0x000000c340900000,0x000000c340a00000)]
  0x000001d88fe32000 JavaThread "AWT-Shutdown" [_thread_blocked, id=18464, stack(0x000000c340400000,0x000000c340500000)]
  0x000001d88fe31800 JavaThread "Java2D Disposer" daemon [_thread_blocked, id=4184, stack(0x000000c340300000,0x000000c340400000)]
  0x000001d88f66f800 JavaThread "Service Thread" daemon [_thread_blocked, id=9440, stack(0x000000c340100000,0x000000c340200000)]
  0x000001d88f58b000 JavaThread "C1 CompilerThread11" daemon [_thread_blocked, id=18556, stack(0x000000c340000000,0x000000c340100000)]
  0x000001d88f589800 JavaThread "C1 CompilerThread10" daemon [_thread_blocked, id=12348, stack(0x000000c33ff00000,0x000000c340000000)]
  0x000001d88f588000 JavaThread "C1 CompilerThread9" daemon [_thread_blocked, id=9720, stack(0x000000c33fe00000,0x000000c33ff00000)]
  0x000001d88f58c800 JavaThread "C1 CompilerThread8" daemon [_thread_blocked, id=10172, stack(0x000000c33fd00000,0x000000c33fe00000)]
  0x000001d88f58a800 JavaThread "C2 CompilerThread7" daemon [_thread_blocked, id=17348, stack(0x000000c33fc00000,0x000000c33fd00000)]
  0x000001d88f587800 JavaThread "C2 CompilerThread6" daemon [_thread_blocked, id=16236, stack(0x000000c33fb00000,0x000000c33fc00000)]
  0x000001d88f589000 JavaThread "C2 CompilerThread5" daemon [_thread_blocked, id=10412, stack(0x000000c33fa00000,0x000000c33fb00000)]
  0x000001d88f58d800 JavaThread "C2 CompilerThread4" daemon [_thread_blocked, id=7836, stack(0x000000c33f900000,0x000000c33fa00000)]
  0x000001d88f58e000 JavaThread "C2 CompilerThread3" daemon [_thread_blocked, id=16468, stack(0x000000c33f800000,0x000000c33f900000)]
  0x000001d88f586000 JavaThread "C2 CompilerThread2" daemon [_thread_blocked, id=11896, stack(0x000000c33f700000,0x000000c33f800000)]
  0x000001d88f584800 JavaThread "C2 CompilerThread1" daemon [_thread_blocked, id=6756, stack(0x000000c33f600000,0x000000c33f700000)]
  0x000001d88f582800 JavaThread "C2 CompilerThread0" daemon [_thread_blocked, id=16140, stack(0x000000c33f500000,0x000000c33f600000)]
  0x000001d88f582000 JavaThread "Attach Listener" daemon [_thread_blocked, id=1288, stack(0x000000c33f400000,0x000000c33f500000)]
  0x000001d88f57d000 JavaThread "Signal Dispatcher" daemon [_thread_blocked, id=7728, stack(0x000000c33f300000,0x000000c33f400000)]
  0x000001d88f551800 JavaThread "Finalizer" daemon [_thread_blocked, id=18992, stack(0x000000c33f200000,0x000000c33f300000)]
  0x000001d8fd8a8000 JavaThread "Reference Handler" daemon [_thread_blocked, id=4608, stack(0x000000c33f100000,0x000000c33f200000)]

Other Threads:
=>0x000001d8fd87f000 VMThread [stack: 0x000000c33f000000,0x000000c33f100000] [id=1868]

VM state:at safepoint (shutting down)

VM Mutex/Monitor currently owned by a thread:  ([mutex/lock_event])
[0x000001d8f1bb3810] Threads_lock - owner thread: 0x000001d8fd87f000

heap address: 0x00000006c1600000, size: 4074 MB, Compressed Oops mode: Zero based, Oop shift amount: 3
Narrow klass base: 0x0000000000000000, Narrow klass shift: 3
Compressed class space size: 1073741824 Address: 0x00000007c0000000

Heap:
 PSYoungGen      total 76288K, used 54638K [0x000000076b200000, 0x0000000770700000, 0x00000007c0000000)
  eden space 65536K, 83% used [0x000000076b200000,0x000000076e75b900,0x000000076f200000)
  from space 10752K, 0% used [0x000000076fc80000,0x000000076fc80000,0x0000000770700000)
  to   space 10752K, 0% used [0x000000076f200000,0x000000076f200000,0x000000076fc80000)
 ParOldGen       total 175104K, used 0K [0x00000006c1600000, 0x00000006cc100000, 0x000000076b200000)
  object space 175104K, 0% used [0x00000006c1600000,0x00000006c1600000,0x00000006cc100000)
 Metaspace       used 20457K, capacity 20962K, committed 21248K, reserved 1067008K
  class space    used 2622K, capacity 2759K, committed 2816K, reserved 1048576K

Card table byte_map: [0x000001d8f3910000,0x000001d8f4110000] byte_map_base: 0x000001d8f0305000

Marking Bits: (ParMarkBitMap*) 0x0000000050be7fe0
 Begin Bits: [0x000001d8f4660000, 0x000001d8f8608000)
 End Bits:   [0x000001d8f8608000, 0x000001d8fc5b0000)

Polling page: 0x000001d8f1cc0000

CodeCache: size=245760Kb used=10345Kb max_used=10353Kb free=235414Kb
 bounds [0x000001d880000000, 0x000001d880a30000, 0x000001d88f000000]
 total_blobs=3184 nmethods=2565 adapters=526
 compilation: enabled

Compilation events (10 events):
Event: 21.596 Thread 0x000001d88f588000 2561       3       java.util.HashMap::values (25 bytes)
Event: 21.596 Thread 0x000001d88f58d800 2564       4       java.lang.ref.WeakReference::<init> (6 bytes)
Event: 21.596 Thread 0x000001d88f58b000 2562       3       java.util.HashMap$Values::iterator (12 bytes)
Event: 21.596 Thread 0x000001d88f589800 2563       3       java.util.HashMap$ValueIterator::<init> (11 bytes)
Event: 21.596 Thread 0x000001d88f58c800 2565       3       java.util.logging.LogManager$LoggerContext::ensureDefaultLogger (70 bytes)
Event: 21.596 Thread 0x000001d88f58b000 nmethod 2562 0x000001d880a1c850 code [0x000001d880a1c9c0, 0x000001d880a1cc30]
Event: 21.596 Thread 0x000001d88f588000 nmethod 2561 0x000001d880a1cd10 code [0x000001d880a1ce80, 0x000001d880a1d1b8]
Event: 21.596 Thread 0x000001d88f589800 nmethod 2563 0x000001d880a1d310 code [0x000001d880a1d480, 0x000001d880a1d630]
Event: 21.596 Thread 0x000001d88f58d800 nmethod 2564 0x000001d880a20390 code [0x000001d880a204c0, 0x000001d880a20598]
Event: 21.596 Thread 0x000001d88f58c800 nmethod 2565 0x000001d880a1f710 code [0x000001d880a1f8c0, 0x000001d880a20170]

GC Heap History (0 events):
No events

Deoptimization events (10 events):
Event: 6.943 Thread 0x000001d8f1bb6800 Uncommon trap: reason=class_check action=maybe_recompile pc=0x000001d880914258 method=java.util.regex.Pattern$Start.match(Ljava/util/regex/Matcher;ILjava/lang/CharSequence;)Z @ 44
Event: 6.955 Thread 0x000001d897cd8000 Uncommon trap: reason=class_check action=maybe_recompile pc=0x000001d8804c3870 method=java.util.Properties$LineReader.readLine()I @ 410
Event: 6.955 Thread 0x000001d897cd8000 Uncommon trap: reason=predicate action=maybe_recompile pc=0x000001d880927f80 method=sun.net.www.ParseUtil.encodePath(Ljava/lang/String;Z)Ljava/lang/String; @ 36
Event: 7.929 Thread 0x000001d8902b5800 Uncommon trap: reason=unstable_if action=reinterpret pc=0x000001d8809553f0 method=java.awt.image.DirectColorModel.getDataElements(ILjava/lang/Object;)Ljava/lang/Object; @ 11
Event: 7.930 Thread 0x000001d8902b5800 Uncommon trap: reason=unstable_if action=reinterpret pc=0x000001d88094c2a4 method=javax.swing.colorchooser.ColorModelHSV.HSVtoRGB([F[F)[F @ 45
Event: 7.940 Thread 0x000001d8902b5800 Uncommon trap: reason=unstable_if action=reinterpret pc=0x000001d88094b0bc method=javax.swing.colorchooser.ColorModelHSV.HSVtoRGB([F[F)[F @ 45
Event: 8.894 Thread 0x000001d8902b5800 Uncommon trap: reason=unstable_if action=reinterpret pc=0x000001d8809a730c method=java.awt.Component.inside(II)Z @ 9
Event: 11.838 Thread 0x000001d897cd8000 Uncommon trap: reason=unstable_if action=reinterpret pc=0x000001d880a03308 method=sun.awt.PostEventQueue.flush()V @ 23
Event: 12.273 Thread 0x000001d8902b5800 Uncommon trap: reason=unstable_if action=reinterpret pc=0x000001d8809b7bf0 method=sun.awt.AWTAutoShutdown.isReadyToShutdown()Z @ 16
Event: 12.273 Thread 0x000001d88fe39800 Uncommon trap: reason=unstable_if action=reinterpret pc=0x000001d8809ce2b8 method=sun.awt.AWTAutoShutdown.isReadyToShutdown()Z @ 16

Classes redefined (0 events):
No events

Internal exceptions (10 events):
Event: 0.655 Thread 0x000001d8f1bb6800 Exception <a 'java/lang/UnsatisfiedLinkError': Não foi possível encontrar o procedimento especificado.
> (0x000000076d55b318) thrown at [C:\jenkins\workspace\8-2-build-windows-amd64-cygwin\jdk8u291\1294\hotspot\src\share\vm\prims\jni.cpp, line 737]
Event: 6.755 Thread 0x000001d8f1bb6800 Exception <a 'java/lang/UnsatisfiedLinkError': Não foi possível encontrar o módulo especificado.
> (0x000000076da158e8) thrown at [C:\jenkins\workspace\8-2-build-windows-amd64-cygwin\jdk8u291\1294\hotspot\src\share\vm\prims\jni.cpp, line 737]
Event: 6.755 Thread 0x000001d8f1bb6800 Exception <a 'java/lang/UnsatisfiedLinkError': Não foi possível encontrar o módulo especificado.
> (0x000000076da16340) thrown at [C:\jenkins\workspace\8-2-build-windows-amd64-cygwin\jdk8u291\1294\hotspot\src\share\vm\prims\jni.cpp, line 737]
Event: 6.756 Thread 0x000001d8f1bb6800 Exception <a 'java/lang/UnsatisfiedLinkError': Não foi possível encontrar o módulo especificado.
> (0x000000076da16c60) thrown at [C:\jenkins\workspace\8-2-build-windows-amd64-cygwin\jdk8u291\1294\hotspot\src\share\vm\prims\jni.cpp, line 737]
Event: 6.950 Thread 0x000001d8f1bb6800 Exception <a 'java/lang/ArrayIndexOutOfBoundsException'> (0x000000076dc86b50) thrown at [C:\jenkins\workspace\8-2-build-windows-amd64-cygwin\jdk8u291\1294\hotspot\src\share\vm\runtime\sharedRuntime.cpp, line 609]
Event: 6.950 Thread 0x000001d8f1bb6800 Exception <a 'java/lang/ArrayIndexOutOfBoundsException'> (0x000000076dc87b98) thrown at [C:\jenkins\workspace\8-2-build-windows-amd64-cygwin\jdk8u291\1294\hotspot\src\share\vm\runtime\sharedRuntime.cpp, line 609]
Event: 6.951 Thread 0x000001d8f1bb6800 Exception <a 'java/lang/ArrayIndexOutOfBoundsException'> (0x000000076dc8c478) thrown at [C:\jenkins\workspace\8-2-build-windows-amd64-cygwin\jdk8u291\1294\hotspot\src\share\vm\runtime\sharedRuntime.cpp, line 609]
Event: 6.951 Thread 0x000001d8f1bb6800 Exception <a 'java/lang/ArrayIndexOutOfBoundsException'> (0x000000076dc8d058) thrown at [C:\jenkins\workspace\8-2-build-windows-amd64-cygwin\jdk8u291\1294\hotspot\src\share\vm\runtime\sharedRuntime.cpp, line 609]
Event: 7.657 Thread 0x000001d897cd8000 Exception <a 'java/lang/ArrayIndexOutOfBoundsException'> (0x000000076dd64df8) thrown at [C:\jenkins\workspace\8-2-build-windows-amd64-cygwin\jdk8u291\1294\hotspot\src\share\vm\runtime\sharedRuntime.cpp, line 609]
Event: 7.929 Thread 0x000001d8902b5800 Implicit null exception at 0x000001d880954ffe to 0x000001d8809553d9

Events (10 events):
Event: 21.595 loading class sun/java2d/pipe/hw/AccelDeviceEventNotifier done
Event: 21.595 Thread 0x000001d897cd2000 Thread exited: 0x000001d897cd2000
Event: 21.596 Thread 0x000001d897cd5000 Thread exited: 0x000001d897cd5000
Event: 21.596 Thread 0x000001d897cd4800 Thread exited: 0x000001d897cd4800
Event: 21.596 Thread 0x000001d897cd3000 Thread exited: 0x000001d897cd3000
Event: 21.596 Thread 0x000001d897cd6800 Thread exited: 0x000001d897cd6800
Event: 21.596 Thread 0x000001d8902f0000 Thread exited: 0x000001d8902f0000
Event: 21.606 Thread 0x000001d88fe39800 Thread exited: 0x000001d88fe39800
Event: 21.699 Thread 0x000001d897cd1800 Thread exited: 0x000001d897cd1800
Event: 21.699 Executing VM operation: Exit


Dynamic libraries:
0x00007ff722920000 - 0x00007ff722967000 	C:\Program Files\Java\jdk1.8.0_291\bin\java.exe
0x00007ffc7cb10000 - 0x00007ffc7cd06000 	C:\Windows\SYSTEM32\ntdll.dll
0x00007ffc7ca10000 - 0x00007ffc7cacd000 	C:\Windows\System32\KERNEL32.DLL
0x00007ffc7a8a0000 - 0x00007ffc7ab68000 	C:\Windows\System32\KERNELBASE.dll
0x00007ffc77b40000 - 0x00007ffc77bd0000 	C:\Windows\SYSTEM32\apphelp.dll
0x00007ffc7b650000 - 0x00007ffc7b6fc000 	C:\Windows\System32\ADVAPI32.dll
0x00007ffc7bb70000 - 0x00007ffc7bc0e000 	C:\Windows\System32\msvcrt.dll
0x00007ffc7c190000 - 0x00007ffc7c22b000 	C:\Windows\System32\sechost.dll
0x00007ffc7b420000 - 0x00007ffc7b544000 	C:\Windows\System32\RPCRT4.dll
0x00007ffc7bd60000 - 0x00007ffc7bf00000 	C:\Windows\System32\USER32.dll
0x00007ffc7a660000 - 0x00007ffc7a682000 	C:\Windows\System32\win32u.dll
0x00007ffc7ab70000 - 0x00007ffc7ab9a000 	C:\Windows\System32\GDI32.dll
0x00007ffc7a690000 - 0x00007ffc7a799000 	C:\Windows\System32\gdi32full.dll
0x00007ffc7a250000 - 0x00007ffc7a2ed000 	C:\Windows\System32\msvcp_win.dll
0x00007ffc7a7a0000 - 0x00007ffc7a8a0000 	C:\Windows\System32\ucrtbase.dll
0x00007ffc68340000 - 0x00007ffc685db000 	C:\Windows\WinSxS\amd64_microsoft.windows.common-controls_6595b64144ccf1df_6.0.19041.488_none_ca04af081b815d21\COMCTL32.dll
0x00007ffc7bc70000 - 0x00007ffc7bca0000 	C:\Windows\System32\IMM32.DLL
0x00007ffc49de0000 - 0x00007ffc49df5000 	C:\Program Files\Java\jdk1.8.0_291\jre\bin\vcruntime140.dll
0x00007ffc49940000 - 0x00007ffc499db000 	C:\Program Files\Java\jdk1.8.0_291\jre\bin\msvcp140.dll
0x0000000050400000 - 0x0000000050c60000 	C:\Program Files\Java\jdk1.8.0_291\jre\bin\server\jvm.dll
0x00007ffc7bd50000 - 0x00007ffc7bd58000 	C:\Windows\System32\PSAPI.DLL
0x00007ffc59b00000 - 0x00007ffc59b09000 	C:\Windows\SYSTEM32\WSOCK32.dll
0x00007ffc70c40000 - 0x00007ffc70c67000 	C:\Windows\SYSTEM32\WINMM.dll
0x00007ffc72630000 - 0x00007ffc7263a000 	C:\Windows\SYSTEM32\VERSION.dll
0x00007ffc7b5e0000 - 0x00007ffc7b64b000 	C:\Windows\System32\WS2_32.dll
0x00007ffc781c0000 - 0x00007ffc781d2000 	C:\Windows\SYSTEM32\kernel.appcore.dll
0x00007ffc67640000 - 0x00007ffc67650000 	C:\Program Files\Java\jdk1.8.0_291\jre\bin\verify.dll
0x00007ffc49d70000 - 0x00007ffc49d9b000 	C:\Program Files\Java\jdk1.8.0_291\jre\bin\java.dll
0x00007ffc49d50000 - 0x00007ffc49d68000 	C:\Program Files\Java\jdk1.8.0_291\jre\bin\zip.dll
0x00007ffc7c230000 - 0x00007ffc7c971000 	C:\Windows\System32\SHELL32.dll
0x00007ffc783c0000 - 0x00007ffc78b55000 	C:\Windows\SYSTEM32\windows.storage.dll
0x00007ffc7add0000 - 0x00007ffc7b125000 	C:\Windows\System32\combase.dll
0x00007ffc79cc0000 - 0x00007ffc79cec000 	C:\Windows\SYSTEM32\Wldp.dll
0x00007ffc7bca0000 - 0x00007ffc7bd4e000 	C:\Windows\System32\SHCORE.dll
0x00007ffc7bc10000 - 0x00007ffc7bc65000 	C:\Windows\System32\shlwapi.dll
0x00007ffc7a180000 - 0x00007ffc7a1a6000 	C:\Windows\SYSTEM32\profapi.dll
0x00007ffc499e0000 - 0x00007ffc49b75000 	C:\Program Files\Java\jdk1.8.0_291\jre\bin\awt.dll
0x00007ffc7b350000 - 0x00007ffc7b41d000 	C:\Windows\System32\OLEAUT32.dll
0x00007ffc77fe0000 - 0x00007ffc7800f000 	C:\Windows\system32\DWMAPI.DLL
0x00007ffc77ce0000 - 0x00007ffc77d7e000 	C:\Windows\system32\uxtheme.dll
0x00007ffc49740000 - 0x00007ffc49865000 	C:\Windows\system32\opengl32.dll
0x00007ffc49c10000 - 0x00007ffc49c3c000 	C:\Windows\SYSTEM32\GLU32.dll
0x00007ffc7aba0000 - 0x00007ffc7acb5000 	C:\Windows\System32\MSCTF.dll
0x00007ffc7b220000 - 0x00007ffc7b34a000 	C:\Windows\System32\ole32.dll
0x00007ffc7a530000 - 0x00007ffc7a5af000 	C:\Windows\System32\bcryptPrimitives.dll
0x00007ffc79e40000 - 0x00007ffc79e52000 	C:\Windows\SYSTEM32\msasn1.dll
0x00007ffc725d0000 - 0x00007ffc72601000 	C:\Windows\SYSTEM32\cryptnet.dll
0x00007ffc7a3d0000 - 0x00007ffc7a52d000 	C:\Windows\System32\CRYPT32.dll
0x00007ffc79c30000 - 0x00007ffc79c3c000 	C:\Windows\SYSTEM32\cryptbase.dll
0x00007ffc7a370000 - 0x00007ffc7a3d0000 	C:\Windows\System32\WINTRUST.DLL
0x00007ffc7bf60000 - 0x00007ffc7bf7d000 	C:\Windows\System32\imagehlp.dll
0x00007ffc79c10000 - 0x00007ffc79c28000 	C:\Windows\SYSTEM32\CRYPTSP.dll
0x00007ffc79360000 - 0x00007ffc79394000 	C:\Windows\system32\rsaenh.dll
0x00007ffc7a2f0000 - 0x00007ffc7a317000 	C:\Windows\System32\bcrypt.dll
0x00007ffc78b70000 - 0x00007ffc78b93000 	C:\Windows\SYSTEM32\gpapi.dll
0x00007ffc72500000 - 0x00007ffc7253b000 	C:\Windows\SYSTEM32\dxcore.dll
0x00007ffc7a320000 - 0x00007ffc7a36e000 	C:\Windows\System32\cfgmgr32.dll
0x00007ffc45000000 - 0x00007ffc45032000 	C:\Program Files\Java\jdk1.8.0_291\jre\bin\jpeg.dll
0x00007ffc498f0000 - 0x00007ffc49939000 	C:\Program Files\Java\jdk1.8.0_291\jre\bin\fontmanager.dll
0x00007ffc708f0000 - 0x00007ffc709ec000 	C:\Windows\SYSTEM32\textinputframework.dll
0x00007ffc774c0000 - 0x00007ffc7781e000 	C:\Windows\System32\CoreUIComponents.dll
0x00007ffc77820000 - 0x00007ffc77912000 	C:\Windows\System32\CoreMessaging.dll
0x00007ffc78fd0000 - 0x00007ffc79003000 	C:\Windows\SYSTEM32\ntmarta.dll
0x00007ffc76df0000 - 0x00007ffc76f46000 	C:\Windows\SYSTEM32\wintypes.dll
0x00007ffc49d30000 - 0x00007ffc49d4c000 	C:\Program Files\Java\jdk1.8.0_291\jre\bin\net.dll
0x00007ffc79a40000 - 0x00007ffc79aaa000 	C:\Windows\system32\mswsock.dll
0x00007ffc49c40000 - 0x00007ffc49c53000 	C:\Program Files\Java\jdk1.8.0_291\jre\bin\nio.dll
0x00007ffc498a0000 - 0x00007ffc498e3000 	C:\Program Files\Java\jdk1.8.0_291\jre\bin\t2k.dll
0x00007ffc60770000 - 0x00007ffc60777000 	C:\Program Files\Java\jdk1.8.0_291\jre\bin\jawt.dll
0x00007ffc7a140000 - 0x00007ffc7a16e000 	C:\Windows\SYSTEM32\USERENV.dll
0x00007ffc796e0000 - 0x00007ffc7971b000 	C:\Windows\SYSTEM32\IPHLPAPI.DLL
0x00007ffc7c980000 - 0x00007ffc7c988000 	C:\Windows\System32\NSI.dll
0x00007ffc72fe0000 - 0x00007ffc72ff7000 	C:\Windows\SYSTEM32\dhcpcsvc6.DLL
0x00007ffc72fc0000 - 0x00007ffc72fdd000 	C:\Windows\SYSTEM32\dhcpcsvc.DLL
0x00007ffc79720000 - 0x00007ffc797eb000 	C:\Windows\SYSTEM32\DNSAPI.dll
0x00007ffc5fd30000 - 0x00007ffc5fd36000 	C:\Users\Claud\AppData\Local\Temp\flatlaf.temp\flatlaf-windows-x86_64-7750046392245254584.dll
0x00007ffc7ad20000 - 0x00007ffc7adc9000 	C:\Windows\System32\clbcatq.dll
0x00007ffc74530000 - 0x00007ffc746e4000 	C:\Windows\SYSTEM32\WindowsCodecs.dll
0x00007ffc5f7e0000 - 0x00007ffc5f81e000 	C:\Windows\system32\dataexchange.dll
0x00007ffc76480000 - 0x00007ffc766e4000 	C:\Windows\system32\d3d11.dll
0x00007ffc76f50000 - 0x00007ffc77135000 	C:\Windows\system32\dcomp.dll
0x00007ffc78ba0000 - 0x00007ffc78c93000 	C:\Windows\system32\dxgi.dll
0x00007ffc74870000 - 0x00007ffc74a78000 	C:\Windows\system32\twinapi.appcore.dll
0x00007ffc2d610000 - 0x00007ffc2d654000 	C:\Users\Claud\AppData\Local\Temp\jna-65190279\jna2890669250673234208.dll
0x00007ffc17590000 - 0x00007ffc17766000 	C:\Users\Claud\AppData\Local\Temp\SDKDLL.dll
0x00007ffc7b700000 - 0x00007ffc7bb67000 	C:\Windows\System32\SETUPAPI.dll
0x00007ffc682b0000 - 0x00007ffc6833e000 	C:\Windows\SYSTEM32\WINSPOOL.DRV
0x00007ffc5e100000 - 0x00007ffc5e149000 	C:\Windows\SYSTEM32\pdh.dll
0x00007ffc78b60000 - 0x00007ffc78b6d000 	C:\Windows\SYSTEM32\HID.DLL
0x00007ffc76000000 - 0x00007ffc76014000 	C:\Windows\SYSTEM32\Wtsapi32.dll
0x00007ffc791f0000 - 0x00007ffc7924a000 	C:\Windows\SYSTEM32\WINSTA.dll
0x00007ffc7a000000 - 0x00007ffc7a02c000 	C:\Windows\System32\DEVOBJ.dll
0x0000000180000000 - 0x0000000180058000 	D:\Projeto\RGB\lib\com4j-amd64.dll
0x00007ffc174c0000 - 0x00007ffc17585000 	C:\Program Files\ASUS\AuraSDK\AuraSdk_x64.dll
0x00007ffc7a050000 - 0x00007ffc7a0f2000 	C:\Windows\SYSTEM32\sxs.dll
0x00007ffc2d000000 - 0x00007ffc2d042000 	C:\Program Files\ENE\Aac_ENE RGB HAL\x64\AacHal_x64.dll
0x00007ffc24730000 - 0x00007ffc24798000 	C:\Program Files\ENE\Aac_ENE RGB HAL\x64\SB_SMBUS_SDK.dll
0x00007ffc373a0000 - 0x00007ffc373d4000 	C:\Program Files\Patriot\Aac_Patriot Viper DRAM RGB\AacHal_x64.dll
0x000001d899760000 - 0x000001d899786000 	C:\Program Files\Patriot\Aac_Patriot Viper DRAM RGB\MsIo64_Patriot.dll
0x00007ffc2b7e0000 - 0x00007ffc2b814000 	C:\Program Files\PHISON\Aac_PHISON HAL\AacHal_x64.dll
0x00007ffc59030000 - 0x00007ffc59040000 	C:\Program Files\PHISON\Aac_PHISON HAL\Phison_x64.dll
0x00007ffc1bf20000 - 0x00007ffc1bfd4000 	C:\Program Files\PHISON\Aac_PHISON HAL\pcie_dll_x64.dll
0x00007ffc17480000 - 0x00007ffc174b6000 	C:\Program Files\Patriot\Aac_Patriot Viper M2 SSD RGB\AacHal_x64.dll
0x00007ffc17440000 - 0x00007ffc1747c000 	C:\Program Files\ENE\Aac_ENE_AIC_Marvell_HAL\AacHal_x64.dll
0x00007ffc17400000 - 0x00007ffc17434000 	C:\Program Files\PD\Aac_Universal Holtek RGB DRAM\AacHal_x64.dll
0x000001d899b00000 - 0x000001d899b27000 	C:\Program Files\PD\Aac_Universal Holtek RGB DRAM\MsIo64_UH.dll
0x00007ffc173c0000 - 0x00007ffc173f9000 	C:\Program Files\ASUS\AacVGAHal\AacVgaHal_x64.dll
0x00007ffc17110000 - 0x00007ffc173bd000 	C:\Program Files\ASUS\AacVGAHal\LED_DLL_forMB_x64.dll
0x00007ffc685e0000 - 0x00007ffc68786000 	C:\Windows\WinSxS\amd64_microsoft.windows.gdiplus_6595b64144ccf1df_1.1.19041.630_none_fae7a41d761b04f0\gdiplus.dll
0x00007ffc6ef70000 - 0x00007ffc6ef77000 	C:\Windows\SYSTEM32\MSIMG32.dll
0x00007ffc68240000 - 0x00007ffc682a6000 	C:\Windows\SYSTEM32\OLEACC.dll
0x00007ffc16e60000 - 0x00007ffc1710c000 	C:\Program Files\ASUS\AacVGAHal\VGA_Extra_x64.dll
0x00007ffc16900000 - 0x00007ffc16e5b000 	C:\Program Files\ASUS\AacVGAHal\Vender_x64.dll
0x00007ffc168c0000 - 0x00007ffc168f8000 	C:\Windows\SYSTEM32\oledlg.dll
0x00007ffc70d10000 - 0x00007ffc713e5000 	C:\Windows\SYSTEM32\nvapi64.dll
0x00007ffc167c0000 - 0x00007ffc168be000 	C:\Program Files\ASUS\Aac_AIOFan\AacAIOFanHal_x64.dll
0x00007ffc750b0000 - 0x00007ffc750ba000 	C:\Windows\SYSTEM32\AVRT.dll
0x00007ffc53740000 - 0x00007ffc5374c000 	C:\Windows\SYSTEM32\WINUSB.DLL
0x00007ffc16740000 - 0x00007ffc167b8000 	C:\Users\Claud\AppData\Local\Temp\jna-65190279\jna4785649666917226191.dll
0x00007ffc58790000 - 0x00007ffc5879d000 	C:\Program Files\Java\jdk1.8.0_291\jre\bin\jsound.dll
0x00007ffc57c50000 - 0x00007ffc57c5d000 	C:\Program Files\Java\jdk1.8.0_291\jre\bin\jsoundds.dll
0x00007ffc166a0000 - 0x00007ffc1673c000 	C:\Windows\SYSTEM32\DSOUND.dll
0x00007ffc79800000 - 0x00007ffc7984b000 	C:\Windows\SYSTEM32\powrprof.dll
0x00007ffc5b0c0000 - 0x00007ffc5b0e6000 	C:\Windows\SYSTEM32\winmmbase.dll
0x00007ffc796c0000 - 0x00007ffc796d2000 	C:\Windows\SYSTEM32\UMPDC.dll
0x00007ffc73000000 - 0x00007ffc73085000 	C:\Windows\SYSTEM32\MMDevAPI.DLL
0x00007ffc585a0000 - 0x00007ffc585e6000 	C:\Windows\SYSTEM32\wdmaud.drv
0x00007ffc58590000 - 0x00007ffc58599000 	C:\Windows\SYSTEM32\ksuser.dll

VM Arguments:
jvm_args: -Dfile.encoding=UTF-8 -Dsun.java2d.dpiaware=false
-Dsun.java2d.uiScale=2.5 
java_command: RGB.Splash
java_class_path (initial): D:\Projeto\RGB\lib\AbsoluteLayout.jar;D:\Projeto\RGB\lib\HID API.jar;D:\Projeto\RGB\lib\com4j-2.1.jar;D:\Projeto\RGB\lib\commons-lang3-3.12.0.jar;D:\Projeto\RGB\lib\commons-math3-3.6.1.jar;D:\Projeto\RGB\lib\flatlaf-1.1.jar;D:\Projeto\RGB\lib\flatlaf-intellij-themes-1.1.jar;D:\Projeto\RGB\lib\gson-2.8.6.jar;D:\Projeto\RGB\lib\guava-30.1.1-jre.jar;D:\Projeto\RGB\lib\jna-5.8.0.jar;D:\Projeto\RGB\lib\jna-platform-5.8.0.jar;D:\Projeto\RGB\lib\lombok.jar;D:\Projeto\RGB\lib\SDK MODIFICADAS\AURA\dist\AuraSDK.jar;D:\Projeto\RGB\lib\SDK MODIFICADAS\CoolerMaster\build\classes;D:\Projeto\RGB\lib\SDK MODIFICADAS\ICue\dist\ICueSDKCorsair.jar;D:\Projeto\RGB\lib\SDK MODIFICADAS\Logiled\dist\LogiledSdk.jar;D:\Projeto\RGB\COMPILACAO\build\classes
Launcher Type: SUN_STANDARD

Environment Variables:
JAVA_HOME=C:\Program Files\Java\jdk1.8.0_291
PATH=C:\Program Files (x86)\Common Files\Oracle\Java\javapath;C:\Windows\system32;C:\Windows;C:\Windows\System32\Wbem;C:\Windows\System32\WindowsPowerShell\v1.0\;C:\Windows\System32\OpenSSH\;C:\Program Files\dotnet\;C:\Program Files\Java\jdk1.8.0_291\bin;C:\Users\Claud\AppData\Local\Microsoft\WindowsApps;C:\Users\Claud\.dotnet\tools;C:\Users\Claud\AppData\Local\GitHubDesktop\bin
USERNAME=Claud
OS=Windows_NT
PROCESSOR_IDENTIFIER=Intel64 Family 6 Model 158 Stepping 13, GenuineIntel



---------------  S Y S T E M  ---------------

OS: Windows 10.0 , 64 bit Build 19041 (10.0.19041.546)

CPU:total 16 (initial active 16) (8 cores per cpu, 2 threads per core) family 6 model 158 stepping 13, cmov, cx8, fxsr, mmx, sse, sse2, sse3, ssse3, sse4.1, sse4.2, popcnt, avx, avx2, aes, clmul, erms, 3dnowpref, lzcnt, ht, tsc, tscinvbit, bmi1, bmi2, adx

Memory: 4k page, physical 16684956k(8956408k free), swap 19699612k(8759876k free)

vm_info: Java HotSpot(TM) 64-Bit Server VM (25.291-b10) for windows-amd64 JRE (1.8.0_291-b10), built on Apr  9 2021 00:02:00 by "java_re" with MS VC++ 15.9 (VS2017)

time: Sat May 22 21:35:57 2021
timezone: Hora oficial do Brasil
elapsed time: 22.262132 seconds (0d 0h 0m 22s)

