#
# A fatal error has been detected by the Java Runtime Environment:
#
#  EXCEPTION_UNCAUGHT_CXX_EXCEPTION (0xe06d7363) at pc=0x00007ffc7a8c3e49, pid=6836, tid=0x0000000000003b48
#
# JRE version: Java(TM) SE Runtime Environment (8.0_291-b10) (build 1.8.0_291-b10)
# Java VM: Java HotSpot(TM) 64-Bit Server VM (25.291-b10 mixed mode windows-amd64 compressed oops)
# Problematic frame:
# C  [KERNELBASE.dll+0x23e49]
#
# Failed to write core dump. Minidumps are not enabled by default on client versions of Windows
#
# If you would like to submit a bug report, please visit:
#   http://bugreport.java.com/bugreport/crash.jsp
#

---------------  T H R E A D  ---------------

Current thread (0x00000158dbdff000):  VMThread [stack: 0x000000344ad00000,0x000000344ae00000] [id=15176]

siginfo: ExceptionCode=0xe06d7363, ExceptionInformation=0x0000000019930520 0x000000344adff3c0 0x00007ffc2c613108 0x00007ffc2c5c0000 

Registers:
RAX=0x00007ffc7cb5b131, RBX=0x000000344adff3c0, RCX=0x00000158dbba5fa0, RDX=0x00007ffc47831004
RSP=0x000000344adff240, RBP=0x0000000000000000, RSI=0x00007ffc2c61e1c0, RDI=0x00007ffc2c613108
R8 =0x0000000000000000, R9 =0x0000000000000000, R10=0x0000000000000000, R11=0x0000000000000000
R12=0x00007ffc2c6031e8, R13=0x00000158dbba5fa0, R14=0x00007ffc2c5c0000, R15=0x0000000000000001
RIP=0x00007ffc7a8c3e49, EFLAGS=0x0000000000000202

Top of Stack: (sp=0x000000344adff240)
0x000000344adff240:   0000000000000000 000000344adff3c0
0x000000344adff250:   00007ffc2c61e1c0 00007ffc2c6031e8
0x000000344adff260:   00000001e06d7363 0000000000000000
0x000000344adff270:   00007ffc7a8c3e49 00007ffc00000004
0x000000344adff280:   0000000019930520 000000344adff3c0
0x000000344adff290:   00007ffc2c613108 00007ffc2c5c0000
0x000000344adff2a0:   00000158dbba5fa0 00007ffc2c6031e8
0x000000344adff2b0:   00007ffc2c61e1c0 0000000000000000
0x000000344adff2c0:   000000344adff390 00007ffc7cb366af
0x000000344adff2d0:   00007ffc2c613108 00007ffc00000000
0x000000344adff2e0:   00007ffc00000040 0000000000000000
0x000000344adff2f0:   00007ffc2c620000 00007ffc2c5c0000
0x000000344adff300:   00004dc98dbeada0 00007ffc2c5d8193
0x000000344adff310:   000000344adff3c0 00007ffc2c5e32e2
0x000000344adff320:   fffffffffffffffe 00007ffc2c5cfdd8
0x000000344adff330:   00000158dbba5fa0 00007ffc2c6031e8 

Instructions: (pc=0x00007ffc7a8c3e49)
0x00007ffc7a8c3e29:   8b d1 44 0f 47 c0 44 89 44 24 38 49 c1 e0 03 e8
0x00007ffc7a8c3e39:   da c5 06 00 48 8d 4c 24 20 48 ff 15 ff ab 19 00
0x00007ffc7a8c3e49:   0f 1f 44 00 00 48 8b 8c 24 c0 00 00 00 48 33 cc
0x00007ffc7a8c3e59:   e8 32 8c 06 00 48 81 c4 d8 00 00 00 c3 cc 83 64 


Register to memory mapping:

RAX=0x00007ffc7cb5b131 is an unknown value
RBX=0x000000344adff3c0 is an unknown value
RCX=0x00000158dbba5fa0 is an unknown value
RDX=0x00007ffc47831004 is an unknown value
RSP=0x000000344adff240 is an unknown value
RBP=0x0000000000000000 is an unknown value
RSI=0x00007ffc2c61e1c0 is an unknown value
RDI=0x00007ffc2c613108 is an unknown value
R8 =0x0000000000000000 is an unknown value
R9 =0x0000000000000000 is an unknown value
R10=0x0000000000000000 is an unknown value
R11=0x0000000000000000 is an unknown value
R12=0x00007ffc2c6031e8 is an unknown value
R13=0x00000158dbba5fa0 is an unknown value
R14=0x00007ffc2c5c0000 is an unknown value
R15=0x0000000000000001 is an unknown value


Stack: [0x000000344ad00000,0x000000344ae00000],  sp=0x000000344adff240,  free space=1020k
Native frames: (J=compiled Java code, j=interpreted, Vv=VM code, C=native code)

VM_Operation (0x000000344c6fce90): Exit, mode: safepoint, requested by thread 0x00000158df8e9800


---------------  P R O C E S S  ---------------

Java Threads: ( => current thread )
  0x00000158deb7f000 JavaThread "capturaTela" [_thread_in_native, id=4984, stack(0x000000344fb00000,0x000000344fc00000)]
  0x00000158deb80800 JavaThread "DestroyJavaVM" [_thread_blocked, id=8524, stack(0x0000003449f00000,0x000000344a000000)]
  0x00000158e71ca800 JavaThread "DeviceRemovalHandler" daemon [_thread_in_native, id=2916, stack(0x000000344cc00000,0x000000344cd00000)]
  0x00000158e716a000 JavaThread "TimerQueue" daemon [_thread_blocked, id=2304, stack(0x000000344c800000,0x000000344c900000)]
  0x00000158df8e9800 JavaThread "AWT-EventQueue-0" [_thread_blocked, id=4024, stack(0x000000344c600000,0x000000344c700000)]
  0x00000158df442000 JavaThread "AWT-Shutdown" [_thread_blocked, id=16052, stack(0x000000344c100000,0x000000344c200000)]
  0x00000158df43e000 JavaThread "Java2D Disposer" daemon [_thread_blocked, id=14384, stack(0x000000344c000000,0x000000344c100000)]
  0x00000158debdd800 JavaThread "Service Thread" daemon [_thread_blocked, id=8676, stack(0x000000344be00000,0x000000344bf00000)]
  0x00000158deb81800 JavaThread "C1 CompilerThread11" daemon [_thread_blocked, id=14976, stack(0x000000344bd00000,0x000000344be00000)]
  0x00000158deb7b800 JavaThread "C1 CompilerThread10" daemon [_thread_blocked, id=15140, stack(0x000000344bc00000,0x000000344bd00000)]
  0x00000158deb76800 JavaThread "C1 CompilerThread9" daemon [_thread_blocked, id=5164, stack(0x000000344bb00000,0x000000344bc00000)]
  0x00000158deb3b800 JavaThread "C1 CompilerThread8" daemon [_thread_blocked, id=15264, stack(0x000000344ba00000,0x000000344bb00000)]
  0x00000158deb2b000 JavaThread "C2 CompilerThread7" daemon [_thread_blocked, id=15520, stack(0x000000344b900000,0x000000344ba00000)]
  0x00000158deb20000 JavaThread "C2 CompilerThread6" daemon [_thread_blocked, id=15524, stack(0x000000344b800000,0x000000344b900000)]
  0x00000158deb1f800 JavaThread "C2 CompilerThread5" daemon [_thread_blocked, id=15028, stack(0x000000344b700000,0x000000344b800000)]
  0x00000158deb18800 JavaThread "C2 CompilerThread4" daemon [_thread_blocked, id=12720, stack(0x000000344b600000,0x000000344b700000)]
  0x00000158deb15000 JavaThread "C2 CompilerThread3" daemon [_thread_blocked, id=8692, stack(0x000000344b500000,0x000000344b600000)]
  0x00000158deb13800 JavaThread "C2 CompilerThread2" daemon [_thread_blocked, id=15748, stack(0x000000344b400000,0x000000344b500000)]
  0x00000158deb11800 JavaThread "C2 CompilerThread1" daemon [_thread_blocked, id=15732, stack(0x000000344b300000,0x000000344b400000)]
  0x00000158deb0e800 JavaThread "C2 CompilerThread0" daemon [_thread_blocked, id=6948, stack(0x000000344b200000,0x000000344b300000)]
  0x00000158deb0e000 JavaThread "Attach Listener" daemon [_thread_blocked, id=15288, stack(0x000000344b100000,0x000000344b200000)]
  0x00000158deb09000 JavaThread "Signal Dispatcher" daemon [_thread_blocked, id=15292, stack(0x000000344b000000,0x000000344b100000)]
  0x00000158dbe29000 JavaThread "Finalizer" daemon [_thread_blocked, id=15980, stack(0x000000344af00000,0x000000344b000000)]
  0x00000158dbe27800 JavaThread "Reference Handler" daemon [_thread_blocked, id=15172, stack(0x000000344ae00000,0x000000344af00000)]

Other Threads:
=>0x00000158dbdff000 VMThread [stack: 0x000000344ad00000,0x000000344ae00000] [id=15176]

VM state:at safepoint (shutting down)

VM Mutex/Monitor currently owned by a thread:  ([mutex/lock_event])
[0x00000158c0fc5700] Threads_lock - owner thread: 0x00000158dbdff000

heap address: 0x00000006c1600000, size: 4074 MB, Compressed Oops mode: Zero based, Oop shift amount: 3
Narrow klass base: 0x0000000000000000, Narrow klass shift: 3
Compressed class space size: 1073741824 Address: 0x00000007c0000000

Heap:
 PSYoungGen      total 89600K, used 81331K [0x000000076b200000, 0x0000000771d00000, 0x00000007c0000000)
  eden space 82432K, 96% used [0x000000076b200000,0x000000076ff83a68,0x0000000770280000)
  from space 7168K, 27% used [0x0000000770280000,0x0000000770469220,0x0000000770980000)
  to   space 7168K, 0% used [0x0000000771600000,0x0000000771600000,0x0000000771d00000)
 ParOldGen       total 159744K, used 34700K [0x00000006c1600000, 0x00000006cb200000, 0x000000076b200000)
  object space 159744K, 21% used [0x00000006c1600000,0x00000006c37e33d8,0x00000006cb200000)
 Metaspace       used 21286K, capacity 21790K, committed 22144K, reserved 1069056K
  class space    used 2706K, capacity 2837K, committed 2944K, reserved 1048576K

Card table byte_map: [0x00000158d1e40000,0x00000158d2640000] byte_map_base: 0x00000158ce835000

Marking Bits: (ParMarkBitMap*) 0x0000000050be7fe0
 Begin Bits: [0x00000158d2b90000, 0x00000158d6b38000)
 End Bits:   [0x00000158d6b38000, 0x00000158daae0000)

Polling page: 0x00000158c1270000

CodeCache: size=245760Kb used=12267Kb max_used=12421Kb free=233492Kb
 bounds [0x00000158c2a80000, 0x00000158c36c0000, 0x00000158d1a80000]
 total_blobs=3737 nmethods=3104 adapters=540
 compilation: enabled

Compilation events (10 events):
Event: 52.519 Thread 0x00000158deb7b800 nmethod 3301 0x00000158c2ee2b10 code [0x00000158c2ee2ca0, 0x00000158c2ee3190]
Event: 52.519 Thread 0x00000158deb76800 nmethod 3304 0x00000158c2ee6950 code [0x00000158c2ee6ae0, 0x00000158c2ee6e30]
Event: 52.519 Thread 0x00000158deb76800 3305       3       java.awt.image.WritableRaster::<init> (12 bytes)
Event: 52.519 Thread 0x00000158deb76800 nmethod 3305 0x00000158c2f88d50 code [0x00000158c2f88ec0, 0x00000158c2f89050]
Event: 52.519 Thread 0x00000158deb76800 3306       3       java.awt.image.Raster::<init> (220 bytes)
Event: 52.519 Thread 0x00000158deb81800 nmethod 3302 0x00000158c2d4fc50 code [0x00000158c2d4fe60, 0x00000158c2d50a00]
Event: 52.520 Thread 0x00000158deb3b800 nmethod 3303 0x00000158c36a0ad0 code [0x00000158c36a0d60, 0x00000158c36a1fe0]
Event: 52.520 Thread 0x00000158deb76800 nmethod 3306 0x00000158c2eb5cd0 code [0x00000158c2eb5f20, 0x00000158c2eb6d60]
Event: 54.309 Thread 0x00000158deb81800 3307       3       java.util.logging.LogManager$LoggerContext::ensureDefaultLogger (70 bytes)
Event: 54.310 Thread 0x00000158deb81800 nmethod 3307 0x00000158c31a2050 code [0x00000158c31a2200, 0x00000158c31a2ab0]

GC Heap History (10 events):
Event: 51.166 GC heap before
{Heap before GC invocations=24 (full 2):
 PSYoungGen      total 54784K, used 51859K [0x000000076b200000, 0x0000000770080000, 0x00000007c0000000)
  eden space 48128K, 99% used [0x000000076b200000,0x000000076e0f27d8,0x000000076e100000)
  from space 6656K, 56% used [0x000000076e100000,0x000000076e4b2440,0x000000076e780000)
  to   space 6656K, 0% used [0x000000076fa00000,0x000000076fa00000,0x0000000770080000)
 ParOldGen       total 127488K, used 33611K [0x00000006c1600000, 0x00000006c9280000, 0x000000076b200000)
  object space 127488K, 26% used [0x00000006c1600000,0x00000006c36d2d38,0x00000006c9280000)
 Metaspace       used 21277K, capacity 21790K, committed 22144K, reserved 1069056K
  class space    used 2706K, capacity 2837K, committed 2944K, reserved 1048576K
Event: 51.181 GC heap after
Heap after GC invocations=24 (full 2):
 PSYoungGen      total 73728K, used 3945K [0x000000076b200000, 0x0000000770080000, 0x00000007c0000000)
  eden space 67072K, 0% used [0x000000076b200000,0x000000076b200000,0x000000076f380000)
  from space 6656K, 59% used [0x000000076fa00000,0x000000076fdda440,0x0000000770080000)
  to   space 6656K, 0% used [0x000000076f380000,0x000000076f380000,0x000000076fa00000)
 ParOldGen       total 127488K, used 103538K [0x00000006c1600000, 0x00000006c9280000, 0x000000076b200000)
  object space 127488K, 81% used [0x00000006c1600000,0x00000006c7b1cae8,0x00000006c9280000)
 Metaspace       used 21277K, capacity 21790K, committed 22144K, reserved 1069056K
  class space    used 2706K, capacity 2837K, committed 2944K, reserved 1048576K
}
Event: 51.181 GC heap before
{Heap before GC invocations=25 (full 3):
 PSYoungGen      total 73728K, used 3945K [0x000000076b200000, 0x0000000770080000, 0x00000007c0000000)
  eden space 67072K, 0% used [0x000000076b200000,0x000000076b200000,0x000000076f380000)
  from space 6656K, 59% used [0x000000076fa00000,0x000000076fdda440,0x0000000770080000)
  to   space 6656K, 0% used [0x000000076f380000,0x000000076f380000,0x000000076fa00000)
 ParOldGen       total 127488K, used 103538K [0x00000006c1600000, 0x00000006c9280000, 0x000000076b200000)
  object space 127488K, 81% used [0x00000006c1600000,0x00000006c7b1cae8,0x00000006c9280000)
 Metaspace       used 21277K, capacity 21790K, committed 22144K, reserved 1069056K
  class space    used 2706K, capacity 2837K, committed 2944K, reserved 1048576K
Event: 51.212 GC heap after
Heap after GC invocations=25 (full 3):
 PSYoungGen      total 73728K, used 0K [0x000000076b200000, 0x0000000770080000, 0x00000007c0000000)
  eden space 67072K, 0% used [0x000000076b200000,0x000000076b200000,0x000000076f380000)
  from space 6656K, 0% used [0x000000076fa00000,0x000000076fa00000,0x0000000770080000)
  to   space 6656K, 0% used [0x000000076f380000,0x000000076f380000,0x000000076fa00000)
 ParOldGen       total 159744K, used 31027K [0x00000006c1600000, 0x00000006cb200000, 0x000000076b200000)
  object space 159744K, 19% used [0x00000006c1600000,0x00000006c344cf98,0x00000006cb200000)
 Metaspace       used 21277K, capacity 21790K, committed 22144K, reserved 1069056K
  class space    used 2706K, capacity 2837K, committed 2944K, reserved 1048576K
}
Event: 51.842 GC heap before
{Heap before GC invocations=26 (full 3):
 PSYoungGen      total 73728K, used 53000K [0x000000076b200000, 0x0000000770080000, 0x00000007c0000000)
  eden space 67072K, 79% used [0x000000076b200000,0x000000076e5c21f8,0x000000076f380000)
  from space 6656K, 0% used [0x000000076fa00000,0x000000076fa00000,0x0000000770080000)
  to   space 6656K, 0% used [0x000000076f380000,0x000000076f380000,0x000000076fa00000)
 ParOldGen       total 159744K, used 31027K [0x00000006c1600000, 0x00000006cb200000, 0x000000076b200000)
  object space 159744K, 19% used [0x00000006c1600000,0x00000006c344cf98,0x00000006cb200000)
 Metaspace       used 21277K, capacity 21790K, committed 22144K, reserved 1069056K
  class space    used 2706K, capacity 2837K, committed 2944K, reserved 1048576K
Event: 51.843 GC heap after
Heap after GC invocations=26 (full 3):
 PSYoungGen      total 73728K, used 5741K [0x000000076b200000, 0x0000000771300000, 0x00000007c0000000)
  eden space 67072K, 0% used [0x000000076b200000,0x000000076b200000,0x000000076f380000)
  from space 6656K, 86% used [0x000000076f380000,0x000000076f91b660,0x000000076fa00000)
  to   space 7680K, 0% used [0x0000000770b80000,0x0000000770b80000,0x0000000771300000)
 ParOldGen       total 159744K, used 31035K [0x00000006c1600000, 0x00000006cb200000, 0x000000076b200000)
  object space 159744K, 19% used [0x00000006c1600000,0x00000006c344ef98,0x00000006cb200000)
 Metaspace       used 21277K, capacity 21790K, committed 22144K, reserved 1069056K
  class space    used 2706K, capacity 2837K, committed 2944K, reserved 1048576K
}
Event: 52.458 GC heap before
{Heap before GC invocations=27 (full 3):
 PSYoungGen      total 73728K, used 56461K [0x000000076b200000, 0x0000000771300000, 0x00000007c0000000)
  eden space 67072K, 75% used [0x000000076b200000,0x000000076e387f00,0x000000076f380000)
  from space 6656K, 86% used [0x000000076f380000,0x000000076f91b660,0x000000076fa00000)
  to   space 7680K, 0% used [0x0000000770b80000,0x0000000770b80000,0x0000000771300000)
 ParOldGen       total 159744K, used 31035K [0x00000006c1600000, 0x00000006cb200000, 0x000000076b200000)
  object space 159744K, 19% used [0x00000006c1600000,0x00000006c344ef98,0x00000006cb200000)
 Metaspace       used 21277K, capacity 21790K, committed 22144K, reserved 1069056K
  class space    used 2706K, capacity 2837K, committed 2944K, reserved 1048576K
Event: 52.460 GC heap after
Heap after GC invocations=27 (full 3):
 PSYoungGen      total 87552K, used 1988K [0x000000076b200000, 0x0000000771080000, 0x00000007c0000000)
  eden space 82432K, 0% used [0x000000076b200000,0x000000076b200000,0x0000000770280000)
  from space 5120K, 38% used [0x0000000770b80000,0x0000000770d71220,0x0000000771080000)
  to   space 7168K, 0% used [0x0000000770280000,0x0000000770280000,0x0000000770980000)
 ParOldGen       total 159744K, used 34684K [0x00000006c1600000, 0x00000006cb200000, 0x000000076b200000)
  object space 159744K, 21% used [0x00000006c1600000,0x00000006c37df3d8,0x00000006cb200000)
 Metaspace       used 21277K, capacity 21790K, committed 22144K, reserved 1069056K
  class space    used 2706K, capacity 2837K, committed 2944K, reserved 1048576K
}
Event: 53.586 GC heap before
{Heap before GC invocations=28 (full 3):
 PSYoungGen      total 87552K, used 78706K [0x000000076b200000, 0x0000000771080000, 0x00000007c0000000)
  eden space 82432K, 93% used [0x000000076b200000,0x000000076fceb798,0x0000000770280000)
  from space 5120K, 38% used [0x0000000770b80000,0x0000000770d71220,0x0000000771080000)
  to   space 7168K, 0% used [0x0000000770280000,0x0000000770280000,0x0000000770980000)
 ParOldGen       total 159744K, used 34684K [0x00000006c1600000, 0x00000006cb200000, 0x000000076b200000)
  object space 159744K, 21% used [0x00000006c1600000,0x00000006c37df3d8,0x00000006cb200000)
 Metaspace       used 21282K, capacity 21790K, committed 22144K, reserved 1069056K
  class space    used 2706K, capacity 2837K, committed 2944K, reserved 1048576K
Event: 53.590 GC heap after
Heap after GC invocations=28 (full 3):
 PSYoungGen      total 89600K, used 1956K [0x000000076b200000, 0x0000000771d00000, 0x00000007c0000000)
  eden space 82432K, 0% used [0x000000076b200000,0x000000076b200000,0x0000000770280000)
  from space 7168K, 27% used [0x0000000770280000,0x0000000770469220,0x0000000770980000)
  to   space 7168K, 0% used [0x0000000771600000,0x0000000771600000,0x0000000771d00000)
 ParOldGen       total 159744K, used 34700K [0x00000006c1600000, 0x00000006cb200000, 0x000000076b200000)
  object space 159744K, 21% used [0x00000006c1600000,0x00000006c37e33d8,0x00000006cb200000)
 Metaspace       used 21282K, capacity 21790K, committed 22144K, reserved 1069056K
  class space    used 2706K, capacity 2837K, committed 2944K, reserved 1048576K
}

Deoptimization events (10 events):
Event: 35.720 Thread 0x00000158df8e9800 Uncommon trap: reason=class_check action=maybe_recompile pc=0x00000158c2dc85e0 method=java.lang.String.equals(Ljava/lang/Object;)Z @ 8
Event: 36.060 Thread 0x00000158df8e9800 Uncommon trap: reason=unstable_if action=reinterpret pc=0x00000158c353a958 method=java.awt.Container.findComponentAtImpl(IIZ)Ljava/awt/Component; @ 131
Event: 38.793 Thread 0x00000158deb7f000 Uncommon trap: reason=unstable_if action=reinterpret pc=0x00000158c33753d8 method=java.awt.image.ColorModel.equals(Ljava/lang/Object;)Z @ 16
Event: 38.815 Thread 0x00000158deb7f000 Uncommon trap: reason=unreached action=reinterpret pc=0x00000158c364d2d4 method=java.awt.image.AreaAveragingScaleFilter.accumPixels(IIIILjava/awt/image/ColorModel;Ljava/lang/Object;II)V @ 501
Event: 38.941 Thread 0x00000158deb7f000 Uncommon trap: reason=unstable_if action=reinterpret pc=0x00000158c364fd4c method=java.awt.image.AreaAveragingScaleFilter.accumPixels(IIIILjava/awt/image/ColorModel;Ljava/lang/Object;II)V @ 4
Event: 38.943 Thread 0x00000158deb7f000 Uncommon trap: reason=unstable_if action=reinterpret pc=0x00000158c364a308 method=java.awt.image.AreaAveragingScaleFilter.calcRow()[I @ 16
Event: 38.943 Thread 0x00000158deb7f000 Uncommon trap: reason=unstable_if action=reinterpret pc=0x00000158c363d938 method=sun.awt.image.IntegerInterleavedRaster.getDataElements(IILjava/lang/Object;)Ljava/lang/Object; @ 43
Event: 38.943 Thread 0x00000158deb7f000 Uncommon trap: reason=unstable_if action=reinterpret pc=0x00000158c3648a90 method=sun.awt.image.ImageRepresentation.convertToRGB()V @ 145
Event: 38.943 Thread 0x00000158deb7f000 Uncommon trap: reason=unstable_if action=reinterpret pc=0x00000158c3367d50 method=java.awt.image.ColorModel.equals(Ljava/lang/Object;)Z @ 16
Event: 39.024 Thread 0x00000158deb7f000 Uncommon trap: reason=range_check action=make_not_entrant pc=0x00000158c3656424 method=java.awt.image.DirectColorModel.setFields()V @ 65

Classes redefined (0 events):
No events

Internal exceptions (10 events):
Event: 6.878 Thread 0x00000158c0fc6800 Exception <a 'java/lang/UnsatisfiedLinkError': Não foi possível encontrar o módulo especificado.
> (0x000000076d9f64e8) thrown at [C:\jenkins\workspace\8-2-build-windows-amd64-cygwin\jdk8u291\1294\hotspot\src\share\vm\prims\jni.cpp, line 737]
Event: 7.058 Thread 0x00000158c0fc6800 Exception <a 'java/lang/ArrayIndexOutOfBoundsException'> (0x000000076dc64360) thrown at [C:\jenkins\workspace\8-2-build-windows-amd64-cygwin\jdk8u291\1294\hotspot\src\share\vm\runtime\sharedRuntime.cpp, line 609]
Event: 7.058 Thread 0x00000158c0fc6800 Exception <a 'java/lang/ArrayIndexOutOfBoundsException'> (0x000000076dc653a8) thrown at [C:\jenkins\workspace\8-2-build-windows-amd64-cygwin\jdk8u291\1294\hotspot\src\share\vm\runtime\sharedRuntime.cpp, line 609]
Event: 7.059 Thread 0x00000158c0fc6800 Exception <a 'java/lang/ArrayIndexOutOfBoundsException'> (0x000000076dc69430) thrown at [C:\jenkins\workspace\8-2-build-windows-amd64-cygwin\jdk8u291\1294\hotspot\src\share\vm\runtime\sharedRuntime.cpp, line 609]
Event: 7.059 Thread 0x00000158c0fc6800 Exception <a 'java/lang/ArrayIndexOutOfBoundsException'> (0x000000076dc6a010) thrown at [C:\jenkins\workspace\8-2-build-windows-amd64-cygwin\jdk8u291\1294\hotspot\src\share\vm\runtime\sharedRuntime.cpp, line 609]
Event: 7.759 Thread 0x00000158deb80000 Exception <a 'java/lang/ArrayIndexOutOfBoundsException'> (0x000000076dd6d340) thrown at [C:\jenkins\workspace\8-2-build-windows-amd64-cygwin\jdk8u291\1294\hotspot\src\share\vm\runtime\sharedRuntime.cpp, line 609]
Event: 8.032 Thread 0x00000158df8e9800 Implicit null exception at 0x00000158c3372bfe to 0x00000158c3372fd9
Event: 33.143 Thread 0x00000158df8e9800 Implicit null exception at 0x00000158c3589b30 to 0x00000158c3589b8c
Event: 38.943 Thread 0x00000158deb7f000 Implicit null exception at 0x00000158c3649e20 to 0x00000158c364a2f1
Event: 38.943 Thread 0x00000158deb7f000 Implicit null exception at 0x00000158c363d7bd to 0x00000158c363d91d

Events (10 events):
Event: 54.309 Thread 0x00000158ec9fc800 Thread added: 0x00000158ec9fc800
Event: 54.309 Thread 0x00000158deb82000 Thread exited: 0x00000158deb82000
Event: 54.309 Thread 0x00000158deb7d000 Thread exited: 0x00000158deb7d000
Event: 54.309 Thread 0x00000158e6f8d000 Thread exited: 0x00000158e6f8d000
Event: 54.310 Thread 0x00000158deb7e800 Thread exited: 0x00000158deb7e800
Event: 54.310 Thread 0x00000158ec9fc800 Thread exited: 0x00000158ec9fc800
Event: 54.310 Thread 0x00000158deb80000 Thread exited: 0x00000158deb80000
Event: 54.319 Thread 0x00000158df445800 Thread exited: 0x00000158df445800
Event: 54.420 Thread 0x00000158deb7d800 Thread exited: 0x00000158deb7d800
Event: 54.421 Executing VM operation: Exit


Dynamic libraries:
0x00007ff722920000 - 0x00007ff722967000 	C:\Program Files\Java\jdk1.8.0_291\bin\java.exe
0x00007ffc7cb10000 - 0x00007ffc7cd06000 	C:\Windows\SYSTEM32\ntdll.dll
0x00007ffc7ca10000 - 0x00007ffc7cacd000 	C:\Windows\System32\KERNEL32.DLL
0x00007ffc7a8a0000 - 0x00007ffc7ab68000 	C:\Windows\System32\KERNELBASE.dll
0x00007ffc77b40000 - 0x00007ffc77bd0000 	C:\Windows\SYSTEM32\apphelp.dll
0x00007ffc7b650000 - 0x00007ffc7b6fc000 	C:\Windows\System32\ADVAPI32.dll
0x00007ffc7bb70000 - 0x00007ffc7bc0e000 	C:\Windows\System32\msvcrt.dll
0x00007ffc7c190000 - 0x00007ffc7c22b000 	C:\Windows\System32\sechost.dll
0x00007ffc7b420000 - 0x00007ffc7b544000 	C:\Windows\System32\RPCRT4.dll
0x00007ffc7bd60000 - 0x00007ffc7bf00000 	C:\Windows\System32\USER32.dll
0x00007ffc7a660000 - 0x00007ffc7a682000 	C:\Windows\System32\win32u.dll
0x00007ffc7ab70000 - 0x00007ffc7ab9a000 	C:\Windows\System32\GDI32.dll
0x00007ffc7a690000 - 0x00007ffc7a799000 	C:\Windows\System32\gdi32full.dll
0x00007ffc7a250000 - 0x00007ffc7a2ed000 	C:\Windows\System32\msvcp_win.dll
0x00007ffc7a7a0000 - 0x00007ffc7a8a0000 	C:\Windows\System32\ucrtbase.dll
0x00007ffc68340000 - 0x00007ffc685db000 	C:\Windows\WinSxS\amd64_microsoft.windows.common-controls_6595b64144ccf1df_6.0.19041.488_none_ca04af081b815d21\COMCTL32.dll
0x00007ffc7bc70000 - 0x00007ffc7bca0000 	C:\Windows\System32\IMM32.DLL
0x00007ffc49de0000 - 0x00007ffc49df5000 	C:\Program Files\Java\jdk1.8.0_291\jre\bin\vcruntime140.dll
0x00007ffc49940000 - 0x00007ffc499db000 	C:\Program Files\Java\jdk1.8.0_291\jre\bin\msvcp140.dll
0x0000000050400000 - 0x0000000050c60000 	C:\Program Files\Java\jdk1.8.0_291\jre\bin\server\jvm.dll
0x00007ffc7bd50000 - 0x00007ffc7bd58000 	C:\Windows\System32\PSAPI.DLL
0x00007ffc72630000 - 0x00007ffc7263a000 	C:\Windows\SYSTEM32\VERSION.dll
0x00007ffc70c40000 - 0x00007ffc70c67000 	C:\Windows\SYSTEM32\WINMM.dll
0x00007ffc59b00000 - 0x00007ffc59b09000 	C:\Windows\SYSTEM32\WSOCK32.dll
0x00007ffc7b5e0000 - 0x00007ffc7b64b000 	C:\Windows\System32\WS2_32.dll
0x00007ffc781c0000 - 0x00007ffc781d2000 	C:\Windows\SYSTEM32\kernel.appcore.dll
0x00007ffc67640000 - 0x00007ffc67650000 	C:\Program Files\Java\jdk1.8.0_291\jre\bin\verify.dll
0x00007ffc49d70000 - 0x00007ffc49d9b000 	C:\Program Files\Java\jdk1.8.0_291\jre\bin\java.dll
0x00007ffc49d50000 - 0x00007ffc49d68000 	C:\Program Files\Java\jdk1.8.0_291\jre\bin\zip.dll
0x00007ffc7c230000 - 0x00007ffc7c971000 	C:\Windows\System32\SHELL32.dll
0x00007ffc783c0000 - 0x00007ffc78b55000 	C:\Windows\SYSTEM32\windows.storage.dll
0x00007ffc7add0000 - 0x00007ffc7b125000 	C:\Windows\System32\combase.dll
0x00007ffc79cc0000 - 0x00007ffc79cec000 	C:\Windows\SYSTEM32\Wldp.dll
0x00007ffc7bca0000 - 0x00007ffc7bd4e000 	C:\Windows\System32\SHCORE.dll
0x00007ffc7bc10000 - 0x00007ffc7bc65000 	C:\Windows\System32\shlwapi.dll
0x00007ffc7a180000 - 0x00007ffc7a1a6000 	C:\Windows\SYSTEM32\profapi.dll
0x00007ffc499e0000 - 0x00007ffc49b75000 	C:\Program Files\Java\jdk1.8.0_291\jre\bin\awt.dll
0x00007ffc7b350000 - 0x00007ffc7b41d000 	C:\Windows\System32\OLEAUT32.dll
0x00007ffc77fe0000 - 0x00007ffc7800f000 	C:\Windows\system32\DWMAPI.DLL
0x00007ffc77ce0000 - 0x00007ffc77d7e000 	C:\Windows\system32\uxtheme.dll
0x00007ffc49740000 - 0x00007ffc49865000 	C:\Windows\system32\opengl32.dll
0x00007ffc49c10000 - 0x00007ffc49c3c000 	C:\Windows\SYSTEM32\GLU32.dll
0x00007ffc7aba0000 - 0x00007ffc7acb5000 	C:\Windows\System32\MSCTF.dll
0x00007ffc7b220000 - 0x00007ffc7b34a000 	C:\Windows\System32\ole32.dll
0x00007ffc7a530000 - 0x00007ffc7a5af000 	C:\Windows\System32\bcryptPrimitives.dll
0x00007ffc79e40000 - 0x00007ffc79e52000 	C:\Windows\SYSTEM32\msasn1.dll
0x00007ffc725d0000 - 0x00007ffc72601000 	C:\Windows\SYSTEM32\cryptnet.dll
0x00007ffc7a3d0000 - 0x00007ffc7a52d000 	C:\Windows\System32\CRYPT32.dll
0x00007ffc79c30000 - 0x00007ffc79c3c000 	C:\Windows\SYSTEM32\cryptbase.dll
0x00007ffc7a370000 - 0x00007ffc7a3d0000 	C:\Windows\System32\WINTRUST.DLL
0x00007ffc7bf60000 - 0x00007ffc7bf7d000 	C:\Windows\System32\imagehlp.dll
0x00007ffc79c10000 - 0x00007ffc79c28000 	C:\Windows\SYSTEM32\CRYPTSP.dll
0x00007ffc79360000 - 0x00007ffc79394000 	C:\Windows\system32\rsaenh.dll
0x00007ffc7a2f0000 - 0x00007ffc7a317000 	C:\Windows\System32\bcrypt.dll
0x00007ffc78b70000 - 0x00007ffc78b93000 	C:\Windows\SYSTEM32\gpapi.dll
0x00007ffc72500000 - 0x00007ffc7253b000 	C:\Windows\SYSTEM32\dxcore.dll
0x00007ffc7a320000 - 0x00007ffc7a36e000 	C:\Windows\System32\cfgmgr32.dll
0x00007ffc47db0000 - 0x00007ffc47de2000 	C:\Program Files\Java\jdk1.8.0_291\jre\bin\jpeg.dll
0x00007ffc498f0000 - 0x00007ffc49939000 	C:\Program Files\Java\jdk1.8.0_291\jre\bin\fontmanager.dll
0x00007ffc708f0000 - 0x00007ffc709ec000 	C:\Windows\SYSTEM32\textinputframework.dll
0x00007ffc774c0000 - 0x00007ffc7781e000 	C:\Windows\System32\CoreUIComponents.dll
0x00007ffc77820000 - 0x00007ffc77912000 	C:\Windows\System32\CoreMessaging.dll
0x00007ffc76df0000 - 0x00007ffc76f46000 	C:\Windows\SYSTEM32\wintypes.dll
0x00007ffc78fd0000 - 0x00007ffc79003000 	C:\Windows\SYSTEM32\ntmarta.dll
0x00007ffc49d30000 - 0x00007ffc49d4c000 	C:\Program Files\Java\jdk1.8.0_291\jre\bin\net.dll
0x00007ffc79a40000 - 0x00007ffc79aaa000 	C:\Windows\system32\mswsock.dll
0x00007ffc49c40000 - 0x00007ffc49c53000 	C:\Program Files\Java\jdk1.8.0_291\jre\bin\nio.dll
0x00007ffc498a0000 - 0x00007ffc498e3000 	C:\Program Files\Java\jdk1.8.0_291\jre\bin\t2k.dll
0x00007ffc717b0000 - 0x00007ffc717b7000 	C:\Program Files\Java\jdk1.8.0_291\jre\bin\jawt.dll
0x00007ffc7a140000 - 0x00007ffc7a16e000 	C:\Windows\SYSTEM32\USERENV.dll
0x00007ffc796e0000 - 0x00007ffc7971b000 	C:\Windows\SYSTEM32\IPHLPAPI.DLL
0x00007ffc7c980000 - 0x00007ffc7c988000 	C:\Windows\System32\NSI.dll
0x00007ffc72fe0000 - 0x00007ffc72ff7000 	C:\Windows\SYSTEM32\dhcpcsvc6.DLL
0x00007ffc72fc0000 - 0x00007ffc72fdd000 	C:\Windows\SYSTEM32\dhcpcsvc.DLL
0x00007ffc79720000 - 0x00007ffc797eb000 	C:\Windows\SYSTEM32\DNSAPI.dll
0x00007ffc67620000 - 0x00007ffc67626000 	C:\Users\Claud\AppData\Local\Temp\flatlaf.temp\flatlaf-windows-x86_64-2215222421499020760.dll
0x00007ffc7ad20000 - 0x00007ffc7adc9000 	C:\Windows\System32\clbcatq.dll
0x00007ffc74530000 - 0x00007ffc746e4000 	C:\Windows\SYSTEM32\WindowsCodecs.dll
0x00007ffc5f7e0000 - 0x00007ffc5f81e000 	C:\Windows\system32\dataexchange.dll
0x00007ffc76f50000 - 0x00007ffc77135000 	C:\Windows\system32\dcomp.dll
0x00007ffc76480000 - 0x00007ffc766e4000 	C:\Windows\system32\d3d11.dll
0x00007ffc78ba0000 - 0x00007ffc78c93000 	C:\Windows\system32\dxgi.dll
0x00007ffc74870000 - 0x00007ffc74a78000 	C:\Windows\system32\twinapi.appcore.dll
0x00007ffc47d60000 - 0x00007ffc47da4000 	C:\Users\Claud\AppData\Local\Temp\jna-65190279\jna8623847151195435481.dll
0x00007ffc2c5c0000 - 0x00007ffc2c796000 	C:\Users\Claud\AppData\Local\Temp\SDKDLL.dll
0x00007ffc7b700000 - 0x00007ffc7bb67000 	C:\Windows\System32\SETUPAPI.dll
0x00007ffc682b0000 - 0x00007ffc6833e000 	C:\Windows\SYSTEM32\WINSPOOL.DRV
0x00007ffc78b60000 - 0x00007ffc78b6d000 	C:\Windows\SYSTEM32\HID.DLL
0x00007ffc5e100000 - 0x00007ffc5e149000 	C:\Windows\SYSTEM32\pdh.dll
0x00007ffc76000000 - 0x00007ffc76014000 	C:\Windows\SYSTEM32\Wtsapi32.dll
0x00007ffc791f0000 - 0x00007ffc7924a000 	C:\Windows\SYSTEM32\WINSTA.dll
0x00007ffc7a000000 - 0x00007ffc7a02c000 	C:\Windows\System32\DEVOBJ.dll
0x0000000180000000 - 0x0000000180058000 	D:\Projeto\RGB\lib\com4j-amd64.dll
0x00007ffc47800000 - 0x00007ffc478c5000 	C:\Program Files\ASUS\AuraSDK\AuraSdk_x64.dll
0x00007ffc7a050000 - 0x00007ffc7a0f2000 	C:\Windows\SYSTEM32\sxs.dll
0x00007ffc45970000 - 0x00007ffc459b2000 	C:\Program Files\ENE\Aac_ENE RGB HAL\x64\AacHal_x64.dll
0x00007ffc45690000 - 0x00007ffc456f8000 	C:\Program Files\ENE\Aac_ENE RGB HAL\x64\SB_SMBUS_SDK.dll
0x00007ffc45650000 - 0x00007ffc45684000 	C:\Program Files\Patriot\Aac_Patriot Viper DRAM RGB\AacHal_x64.dll
0x00000158e92e0000 - 0x00000158e9306000 	C:\Program Files\Patriot\Aac_Patriot Viper DRAM RGB\MsIo64_Patriot.dll
0x00007ffc45610000 - 0x00007ffc45644000 	C:\Program Files\PHISON\Aac_PHISON HAL\AacHal_x64.dll
0x00007ffc65a90000 - 0x00007ffc65aa0000 	C:\Program Files\PHISON\Aac_PHISON HAL\Phison_x64.dll
0x00007ffc45360000 - 0x00007ffc45414000 	C:\Program Files\PHISON\Aac_PHISON HAL\pcie_dll_x64.dll
0x00007ffc455d0000 - 0x00007ffc45606000 	C:\Program Files\Patriot\Aac_Patriot Viper M2 SSD RGB\AacHal_x64.dll
0x00007ffc45590000 - 0x00007ffc455cc000 	C:\Program Files\ENE\Aac_ENE_AIC_Marvell_HAL\AacHal_x64.dll
0x00007ffc45320000 - 0x00007ffc45354000 	C:\Program Files\PD\Aac_Universal Holtek RGB DRAM\AacHal_x64.dll
0x00000158e9680000 - 0x00000158e96a7000 	C:\Program Files\PD\Aac_Universal Holtek RGB DRAM\MsIo64_UH.dll
0x00007ffc45120000 - 0x00007ffc45159000 	C:\Program Files\ASUS\AacVGAHal\AacVgaHal_x64.dll
0x00007ffc25360000 - 0x00007ffc2560d000 	C:\Program Files\ASUS\AacVGAHal\LED_DLL_forMB_x64.dll
0x00007ffc6ef70000 - 0x00007ffc6ef77000 	C:\Windows\SYSTEM32\MSIMG32.dll
0x00007ffc68240000 - 0x00007ffc682a6000 	C:\Windows\SYSTEM32\OLEACC.dll
0x00007ffc685e0000 - 0x00007ffc68786000 	C:\Windows\WinSxS\amd64_microsoft.windows.gdiplus_6595b64144ccf1df_1.1.19041.630_none_fae7a41d761b04f0\gdiplus.dll
0x00007ffc24e10000 - 0x00007ffc250bc000 	C:\Program Files\ASUS\AacVGAHal\VGA_Extra_x64.dll
0x00007ffc248b0000 - 0x00007ffc24e0b000 	C:\Program Files\ASUS\AacVGAHal\Vender_x64.dll
0x00007ffc450e0000 - 0x00007ffc45118000 	C:\Windows\SYSTEM32\oledlg.dll
0x00007ffc70d10000 - 0x00007ffc713e5000 	C:\Windows\SYSTEM32\nvapi64.dll
0x00007ffc367b0000 - 0x00007ffc368ae000 	C:\Program Files\ASUS\Aac_AIOFan\AacAIOFanHal_x64.dll
0x00007ffc750b0000 - 0x00007ffc750ba000 	C:\Windows\SYSTEM32\AVRT.dll
0x00007ffc53740000 - 0x00007ffc5374c000 	C:\Windows\SYSTEM32\WINUSB.DLL
0x00007ffc45060000 - 0x00007ffc450d8000 	C:\Users\Claud\AppData\Local\Temp\jna-65190279\jna746619547808446373.dll
0x00007ffc60f30000 - 0x00007ffc60f3d000 	C:\Program Files\Java\jdk1.8.0_291\jre\bin\jsound.dll
0x00007ffc57100000 - 0x00007ffc5710d000 	C:\Program Files\Java\jdk1.8.0_291\jre\bin\jsoundds.dll
0x00007ffc2d6c0000 - 0x00007ffc2d75c000 	C:\Windows\SYSTEM32\DSOUND.dll
0x00007ffc79800000 - 0x00007ffc7984b000 	C:\Windows\SYSTEM32\powrprof.dll
0x00007ffc5b0c0000 - 0x00007ffc5b0e6000 	C:\Windows\SYSTEM32\winmmbase.dll
0x00007ffc796c0000 - 0x00007ffc796d2000 	C:\Windows\SYSTEM32\UMPDC.dll
0x00007ffc73000000 - 0x00007ffc73085000 	C:\Windows\SYSTEM32\MMDevAPI.DLL
0x00007ffc585a0000 - 0x00007ffc585e6000 	C:\Windows\SYSTEM32\wdmaud.drv
0x00007ffc58590000 - 0x00007ffc58599000 	C:\Windows\SYSTEM32\ksuser.dll

VM Arguments:
jvm_args: -Dfile.encoding=UTF-8 
java_command: RGB.Splash
java_class_path (initial): D:\Projeto\RGB\lib\AbsoluteLayout.jar;D:\Projeto\RGB\lib\HID API.jar;D:\Projeto\RGB\lib\com4j-2.1.jar;D:\Projeto\RGB\lib\commons-lang3-3.12.0.jar;D:\Projeto\RGB\lib\commons-math3-3.6.1.jar;D:\Projeto\RGB\lib\flatlaf-1.1.jar;D:\Projeto\RGB\lib\flatlaf-intellij-themes-1.1.jar;D:\Projeto\RGB\lib\gson-2.8.6.jar;D:\Projeto\RGB\lib\guava-30.1.1-jre.jar;D:\Projeto\RGB\lib\jna-5.8.0.jar;D:\Projeto\RGB\lib\jna-platform-5.8.0.jar;D:\Projeto\RGB\lib\lombok.jar;D:\Projeto\RGB\lib\SDK MODIFICADAS\AURA\dist\AuraSDK.jar;D:\Projeto\RGB\lib\SDK MODIFICADAS\CoolerMaster\dist\CoolerMasterSDK.jar;D:\Projeto\RGB\lib\SDK MODIFICADAS\ICue\dist\ICueSDKCorsair.jar;D:\Projeto\RGB\lib\SDK MODIFICADAS\Logiled\dist\LogiledSdk.jar;D:\Projeto\RGB\COMPILACAO\build\classes
Launcher Type: SUN_STANDARD

Environment Variables:
JAVA_HOME=C:\Program Files\Java\jdk1.8.0_291
PATH=C:\Program Files (x86)\Common Files\Oracle\Java\javapath;C:\Windows\system32;C:\Windows;C:\Windows\System32\Wbem;C:\Windows\System32\WindowsPowerShell\v1.0\;C:\Windows\System32\OpenSSH\;C:\Program Files\dotnet\;C:\Program Files\Java\jdk1.8.0_291\bin;C:\Users\Claud\AppData\Local\Microsoft\WindowsApps;C:\Users\Claud\.dotnet\tools;C:\Users\Claud\AppData\Local\GitHubDesktop\bin
USERNAME=Claud
OS=Windows_NT
PROCESSOR_IDENTIFIER=Intel64 Family 6 Model 158 Stepping 13, GenuineIntel



---------------  S Y S T E M  ---------------

OS: Windows 10.0 , 64 bit Build 19041 (10.0.19041.546)

CPU:total 16 (initial active 16) (8 cores per cpu, 2 threads per core) family 6 model 158 stepping 13, cmov, cx8, fxsr, mmx, sse, sse2, sse3, ssse3, sse4.1, sse4.2, popcnt, avx, avx2, aes, clmul, erms, 3dnowpref, lzcnt, ht, tsc, tscinvbit, bmi1, bmi2, adx

Memory: 4k page, physical 16684956k(10688664k free), swap 19699612k(10861492k free)

vm_info: Java HotSpot(TM) 64-Bit Server VM (25.291-b10) for windows-amd64 JRE (1.8.0_291-b10), built on Apr  9 2021 00:02:00 by "java_re" with MS VC++ 15.9 (VS2017)

time: Sat May 22 17:36:29 2021
timezone: Hora oficial do Brasil
elapsed time: 55.001285 seconds (0d 0h 0m 55s)

